[02-Oct-2022 02:24:48 UTC] PHP Notice:  Undefined property: stdClass::$url in D:\Ampps\www\OVANIC\wp-content\plugins\wordpress-seo\inc\class-addon-manager.php on line 766
[02-Oct-2022 02:24:48 UTC] PHP Notice:  Undefined property: stdClass::$renewalUrl in D:\Ampps\www\OVANIC\wp-content\plugins\wordpress-seo\inc\class-addon-manager.php on line 781
[02-Oct-2022 02:24:48 UTC] PHP Notice:  Undefined property: stdClass::$version in D:\Ampps\www\OVANIC\wp-content\plugins\wordpress-seo\inc\class-addon-manager.php on line 784
[02-Oct-2022 02:24:48 UTC] PHP Notice:  Undefined property: stdClass::$name in D:\Ampps\www\OVANIC\wp-content\plugins\wordpress-seo\inc\class-addon-manager.php on line 785
[02-Oct-2022 02:24:48 UTC] PHP Notice:  Undefined property: stdClass::$lastUpdated in D:\Ampps\www\OVANIC\wp-content\plugins\wordpress-seo\inc\class-addon-manager.php on line 787
[02-Oct-2022 02:24:48 UTC] PHP Notice:  Undefined property: stdClass::$storeUrl in D:\Ampps\www\OVANIC\wp-content\plugins\wordpress-seo\inc\class-addon-manager.php on line 788
[02-Oct-2022 02:24:48 UTC] PHP Notice:  Undefined property: stdClass::$changelog in D:\Ampps\www\OVANIC\wp-content\plugins\wordpress-seo\inc\class-addon-manager.php on line 791
[02-Oct-2022 02:24:48 UTC] PHP Notice:  Undefined property: stdClass::$renewalUrl in D:\Ampps\www\OVANIC\wp-content\plugins\wordpress-seo\inc\class-addon-manager.php on line 781
[02-Oct-2022 02:24:48 UTC] PHP Notice:  Undefined property: stdClass::$version in D:\Ampps\www\OVANIC\wp-content\plugins\wordpress-seo\inc\class-addon-manager.php on line 784
[02-Oct-2022 02:24:48 UTC] PHP Notice:  Undefined property: stdClass::$name in D:\Ampps\www\OVANIC\wp-content\plugins\wordpress-seo\inc\class-addon-manager.php on line 785
[02-Oct-2022 02:24:48 UTC] PHP Notice:  Undefined property: stdClass::$lastUpdated in D:\Ampps\www\OVANIC\wp-content\plugins\wordpress-seo\inc\class-addon-manager.php on line 787
[02-Oct-2022 02:24:48 UTC] PHP Notice:  Undefined property: stdClass::$storeUrl in D:\Ampps\www\OVANIC\wp-content\plugins\wordpress-seo\inc\class-addon-manager.php on line 788
[02-Oct-2022 02:24:48 UTC] PHP Notice:  Undefined property: stdClass::$changelog in D:\Ampps\www\OVANIC\wp-content\plugins\wordpress-seo\inc\class-addon-manager.php on line 791
[02-Oct-2022 02:24:48 UTC] PHP Notice:  Undefined property: stdClass::$renewalUrl in D:\Ampps\www\OVANIC\wp-content\plugins\wordpress-seo\inc\class-addon-manager.php on line 781
[02-Oct-2022 02:24:48 UTC] PHP Notice:  Undefined property: stdClass::$version in D:\Ampps\www\OVANIC\wp-content\plugins\wordpress-seo\inc\class-addon-manager.php on line 784
[02-Oct-2022 02:24:48 UTC] PHP Notice:  Undefined property: stdClass::$name in D:\Ampps\www\OVANIC\wp-content\plugins\wordpress-seo\inc\class-addon-manager.php on line 785
[02-Oct-2022 02:24:48 UTC] PHP Notice:  Undefined property: stdClass::$lastUpdated in D:\Ampps\www\OVANIC\wp-content\plugins\wordpress-seo\inc\class-addon-manager.php on line 787
[02-Oct-2022 02:24:48 UTC] PHP Notice:  Undefined property: stdClass::$storeUrl in D:\Ampps\www\OVANIC\wp-content\plugins\wordpress-seo\inc\class-addon-manager.php on line 788
[02-Oct-2022 02:24:48 UTC] PHP Notice:  Undefined property: stdClass::$changelog in D:\Ampps\www\OVANIC\wp-content\plugins\wordpress-seo\inc\class-addon-manager.php on line 791
[02-Oct-2022 02:24:48 UTC] PHP Notice:  Undefined property: stdClass::$renewalUrl in D:\Ampps\www\OVANIC\wp-content\plugins\wordpress-seo\inc\class-addon-manager.php on line 781
[02-Oct-2022 02:24:48 UTC] PHP Notice:  Undefined property: stdClass::$version in D:\Ampps\www\OVANIC\wp-content\plugins\wordpress-seo\inc\class-addon-manager.php on line 784
[02-Oct-2022 02:24:48 UTC] PHP Notice:  Undefined property: stdClass::$name in D:\Ampps\www\OVANIC\wp-content\plugins\wordpress-seo\inc\class-addon-manager.php on line 785
[02-Oct-2022 02:24:48 UTC] PHP Notice:  Undefined property: stdClass::$lastUpdated in D:\Ampps\www\OVANIC\wp-content\plugins\wordpress-seo\inc\class-addon-manager.php on line 787
[02-Oct-2022 02:24:48 UTC] PHP Notice:  Undefined property: stdClass::$storeUrl in D:\Ampps\www\OVANIC\wp-content\plugins\wordpress-seo\inc\class-addon-manager.php on line 788
[02-Oct-2022 02:24:48 UTC] PHP Notice:  Undefined property: stdClass::$changelog in D:\Ampps\www\OVANIC\wp-content\plugins\wordpress-seo\inc\class-addon-manager.php on line 791
[02-Oct-2022 02:24:48 UTC] PHP Notice:  Undefined property: stdClass::$renewalUrl in D:\Ampps\www\OVANIC\wp-content\plugins\wordpress-seo\inc\class-addon-manager.php on line 781
[02-Oct-2022 02:24:48 UTC] PHP Notice:  Undefined property: stdClass::$version in D:\Ampps\www\OVANIC\wp-content\plugins\wordpress-seo\inc\class-addon-manager.php on line 784
[02-Oct-2022 02:24:48 UTC] PHP Notice:  Undefined property: stdClass::$name in D:\Ampps\www\OVANIC\wp-content\plugins\wordpress-seo\inc\class-addon-manager.php on line 785
[02-Oct-2022 02:24:48 UTC] PHP Notice:  Undefined property: stdClass::$lastUpdated in D:\Ampps\www\OVANIC\wp-content\plugins\wordpress-seo\inc\class-addon-manager.php on line 787
[02-Oct-2022 02:24:48 UTC] PHP Notice:  Undefined property: stdClass::$storeUrl in D:\Ampps\www\OVANIC\wp-content\plugins\wordpress-seo\inc\class-addon-manager.php on line 788
[02-Oct-2022 02:24:48 UTC] PHP Notice:  Undefined property: stdClass::$changelog in D:\Ampps\www\OVANIC\wp-content\plugins\wordpress-seo\inc\class-addon-manager.php on line 791
[02-Oct-2022 14:03:20 UTC] PHP Notice:  Undefined property: stdClass::$url in D:\Ampps\www\OVANIC\wp-content\plugins\wordpress-seo\inc\class-addon-manager.php on line 766
[02-Oct-2022 14:03:20 UTC] PHP Notice:  Undefined property: stdClass::$renewalUrl in D:\Ampps\www\OVANIC\wp-content\plugins\wordpress-seo\inc\class-addon-manager.php on line 781
[02-Oct-2022 14:03:20 UTC] PHP Notice:  Undefined property: stdClass::$version in D:\Ampps\www\OVANIC\wp-content\plugins\wordpress-seo\inc\class-addon-manager.php on line 784
[02-Oct-2022 14:03:20 UTC] PHP Notice:  Undefined property: stdClass::$name in D:\Ampps\www\OVANIC\wp-content\plugins\wordpress-seo\inc\class-addon-manager.php on line 785
[02-Oct-2022 14:03:20 UTC] PHP Notice:  Undefined property: stdClass::$lastUpdated in D:\Ampps\www\OVANIC\wp-content\plugins\wordpress-seo\inc\class-addon-manager.php on line 787
[02-Oct-2022 14:03:20 UTC] PHP Notice:  Undefined property: stdClass::$storeUrl in D:\Ampps\www\OVANIC\wp-content\plugins\wordpress-seo\inc\class-addon-manager.php on line 788
[02-Oct-2022 14:03:20 UTC] PHP Notice:  Undefined property: stdClass::$changelog in D:\Ampps\www\OVANIC\wp-content\plugins\wordpress-seo\inc\class-addon-manager.php on line 791
[02-Oct-2022 14:03:20 UTC] PHP Notice:  Undefined property: stdClass::$renewalUrl in D:\Ampps\www\OVANIC\wp-content\plugins\wordpress-seo\inc\class-addon-manager.php on line 781
[02-Oct-2022 14:03:20 UTC] PHP Notice:  Undefined property: stdClass::$version in D:\Ampps\www\OVANIC\wp-content\plugins\wordpress-seo\inc\class-addon-manager.php on line 784
[02-Oct-2022 14:03:20 UTC] PHP Notice:  Undefined property: stdClass::$name in D:\Ampps\www\OVANIC\wp-content\plugins\wordpress-seo\inc\class-addon-manager.php on line 785
[02-Oct-2022 14:03:20 UTC] PHP Notice:  Undefined property: stdClass::$lastUpdated in D:\Ampps\www\OVANIC\wp-content\plugins\wordpress-seo\inc\class-addon-manager.php on line 787
[02-Oct-2022 14:03:20 UTC] PHP Notice:  Undefined property: stdClass::$storeUrl in D:\Ampps\www\OVANIC\wp-content\plugins\wordpress-seo\inc\class-addon-manager.php on line 788
[02-Oct-2022 14:03:20 UTC] PHP Notice:  Undefined property: stdClass::$changelog in D:\Ampps\www\OVANIC\wp-content\plugins\wordpress-seo\inc\class-addon-manager.php on line 791
[02-Oct-2022 14:03:20 UTC] PHP Notice:  Undefined property: stdClass::$renewalUrl in D:\Ampps\www\OVANIC\wp-content\plugins\wordpress-seo\inc\class-addon-manager.php on line 781
[02-Oct-2022 14:03:20 UTC] PHP Notice:  Undefined property: stdClass::$version in D:\Ampps\www\OVANIC\wp-content\plugins\wordpress-seo\inc\class-addon-manager.php on line 784
[02-Oct-2022 14:03:20 UTC] PHP Notice:  Undefined property: stdClass::$name in D:\Ampps\www\OVANIC\wp-content\plugins\wordpress-seo\inc\class-addon-manager.php on line 785
[02-Oct-2022 14:03:20 UTC] PHP Notice:  Undefined property: stdClass::$lastUpdated in D:\Ampps\www\OVANIC\wp-content\plugins\wordpress-seo\inc\class-addon-manager.php on line 787
[02-Oct-2022 14:03:20 UTC] PHP Notice:  Undefined property: stdClass::$storeUrl in D:\Ampps\www\OVANIC\wp-content\plugins\wordpress-seo\inc\class-addon-manager.php on line 788
[02-Oct-2022 14:03:20 UTC] PHP Notice:  Undefined property: stdClass::$changelog in D:\Ampps\www\OVANIC\wp-content\plugins\wordpress-seo\inc\class-addon-manager.php on line 791
[02-Oct-2022 14:03:20 UTC] PHP Notice:  Undefined property: stdClass::$renewalUrl in D:\Ampps\www\OVANIC\wp-content\plugins\wordpress-seo\inc\class-addon-manager.php on line 781
[02-Oct-2022 14:03:20 UTC] PHP Notice:  Undefined property: stdClass::$version in D:\Ampps\www\OVANIC\wp-content\plugins\wordpress-seo\inc\class-addon-manager.php on line 784
[02-Oct-2022 14:03:20 UTC] PHP Notice:  Undefined property: stdClass::$name in D:\Ampps\www\OVANIC\wp-content\plugins\wordpress-seo\inc\class-addon-manager.php on line 785
[02-Oct-2022 14:03:20 UTC] PHP Notice:  Undefined property: stdClass::$lastUpdated in D:\Ampps\www\OVANIC\wp-content\plugins\wordpress-seo\inc\class-addon-manager.php on line 787
[02-Oct-2022 14:03:20 UTC] PHP Notice:  Undefined property: stdClass::$storeUrl in D:\Ampps\www\OVANIC\wp-content\plugins\wordpress-seo\inc\class-addon-manager.php on line 788
[02-Oct-2022 14:03:20 UTC] PHP Notice:  Undefined property: stdClass::$changelog in D:\Ampps\www\OVANIC\wp-content\plugins\wordpress-seo\inc\class-addon-manager.php on line 791
[02-Oct-2022 14:03:20 UTC] PHP Notice:  Undefined property: stdClass::$renewalUrl in D:\Ampps\www\OVANIC\wp-content\plugins\wordpress-seo\inc\class-addon-manager.php on line 781
[02-Oct-2022 14:03:20 UTC] PHP Notice:  Undefined property: stdClass::$version in D:\Ampps\www\OVANIC\wp-content\plugins\wordpress-seo\inc\class-addon-manager.php on line 784
[02-Oct-2022 14:03:20 UTC] PHP Notice:  Undefined property: stdClass::$name in D:\Ampps\www\OVANIC\wp-content\plugins\wordpress-seo\inc\class-addon-manager.php on line 785
[02-Oct-2022 14:03:20 UTC] PHP Notice:  Undefined property: stdClass::$lastUpdated in D:\Ampps\www\OVANIC\wp-content\plugins\wordpress-seo\inc\class-addon-manager.php on line 787
[02-Oct-2022 14:03:20 UTC] PHP Notice:  Undefined property: stdClass::$storeUrl in D:\Ampps\www\OVANIC\wp-content\plugins\wordpress-seo\inc\class-addon-manager.php on line 788
[02-Oct-2022 14:03:20 UTC] PHP Notice:  Undefined property: stdClass::$changelog in D:\Ampps\www\OVANIC\wp-content\plugins\wordpress-seo\inc\class-addon-manager.php on line 791
[02-Oct-2022 14:09:51 UTC] PHP Fatal error:  Uncaught ArgumentCountError: Too few arguments to function remove_submenu_page(), 1 passed in D:\Ampps\www\OVANIC\wp-content\themes\flatsome-child\functions\init.php on line 33 and exactly 2 expected in D:\Ampps\www\OVANIC\wp-admin\includes\plugin.php:1806
Stack trace:
#0 D:\Ampps\www\OVANIC\wp-content\themes\flatsome-child\functions\init.php(33): remove_submenu_page()
#1 D:\Ampps\www\OVANIC\wp-includes\class-wp-hook.php(307): hide_menu()
#2 D:\Ampps\www\OVANIC\wp-includes\class-wp-hook.php(331): WP_Hook->apply_filters()
#3 D:\Ampps\www\OVANIC\wp-includes\plugin.php(476): WP_Hook->do_action()
#4 D:\Ampps\www\OVANIC\wp-admin\admin-header.php(163): do_action()
#5 D:\Ampps\www\OVANIC\wp-admin\edit.php(397): require_once('D:\\Ampps\\www\\OV...')
#6 {main}
  thrown in D:\Ampps\www\OVANIC\wp-admin\includes\plugin.php on line 1806
[02-Oct-2022 14:09:58 UTC] PHP Fatal error:  Uncaught ArgumentCountError: Too few arguments to function remove_submenu_page(), 1 passed in D:\Ampps\www\OVANIC\wp-content\themes\flatsome-child\functions\init.php on line 33 and exactly 2 expected in D:\Ampps\www\OVANIC\wp-admin\includes\plugin.php:1806
Stack trace:
#0 D:\Ampps\www\OVANIC\wp-content\themes\flatsome-child\functions\init.php(33): remove_submenu_page()
#1 D:\Ampps\www\OVANIC\wp-includes\class-wp-hook.php(307): hide_menu()
#2 D:\Ampps\www\OVANIC\wp-includes\class-wp-hook.php(331): WP_Hook->apply_filters()
#3 D:\Ampps\www\OVANIC\wp-includes\plugin.php(476): WP_Hook->do_action()
#4 D:\Ampps\www\OVANIC\wp-admin\admin-header.php(163): do_action()
#5 D:\Ampps\www\OVANIC\wp-admin\edit.php(397): require_once('D:\\Ampps\\www\\OV...')
#6 {main}
  thrown in D:\Ampps\www\OVANIC\wp-admin\includes\plugin.php on line 1806
[02-Oct-2022 14:10:02 UTC] PHP Fatal error:  Uncaught ArgumentCountError: Too few arguments to function remove_submenu_page(), 1 passed in D:\Ampps\www\OVANIC\wp-content\themes\flatsome-child\functions\init.php on line 33 and exactly 2 expected in D:\Ampps\www\OVANIC\wp-admin\includes\plugin.php:1806
Stack trace:
#0 D:\Ampps\www\OVANIC\wp-content\themes\flatsome-child\functions\init.php(33): remove_submenu_page()
#1 D:\Ampps\www\OVANIC\wp-includes\class-wp-hook.php(307): hide_menu()
#2 D:\Ampps\www\OVANIC\wp-includes\class-wp-hook.php(331): WP_Hook->apply_filters()
#3 D:\Ampps\www\OVANIC\wp-includes\plugin.php(476): WP_Hook->do_action()
#4 D:\Ampps\www\OVANIC\wp-admin\admin-header.php(163): do_action()
#5 D:\Ampps\www\OVANIC\wp-admin\edit.php(397): require_once('D:\\Ampps\\www\\OV...')
#6 {main}
  thrown in D:\Ampps\www\OVANIC\wp-admin\includes\plugin.php on line 1806
[02-Oct-2022 14:10:08 UTC] PHP Fatal error:  Uncaught ArgumentCountError: Too few arguments to function remove_submenu_page(), 1 passed in D:\Ampps\www\OVANIC\wp-content\themes\flatsome-child\functions\init.php on line 33 and exactly 2 expected in D:\Ampps\www\OVANIC\wp-admin\includes\plugin.php:1806
Stack trace:
#0 D:\Ampps\www\OVANIC\wp-content\themes\flatsome-child\functions\init.php(33): remove_submenu_page()
#1 D:\Ampps\www\OVANIC\wp-includes\class-wp-hook.php(307): hide_menu()
#2 D:\Ampps\www\OVANIC\wp-includes\class-wp-hook.php(331): WP_Hook->apply_filters()
#3 D:\Ampps\www\OVANIC\wp-includes\plugin.php(476): WP_Hook->do_action()
#4 D:\Ampps\www\OVANIC\wp-admin\admin-header.php(163): do_action()
#5 D:\Ampps\www\OVANIC\wp-admin\admin.php(239): require_once('D:\\Ampps\\www\\OV...')
#6 {main}
  thrown in D:\Ampps\www\OVANIC\wp-admin\includes\plugin.php on line 1806
[02-Oct-2022 14:10:57 UTC] PHP Fatal error:  Uncaught ArgumentCountError: Too few arguments to function remove_submenu_page(), 1 passed in D:\Ampps\www\OVANIC\wp-content\themes\flatsome-child\functions\init.php on line 30 and exactly 2 expected in D:\Ampps\www\OVANIC\wp-admin\includes\plugin.php:1806
Stack trace:
#0 D:\Ampps\www\OVANIC\wp-content\themes\flatsome-child\functions\init.php(30): remove_submenu_page()
#1 D:\Ampps\www\OVANIC\wp-includes\class-wp-hook.php(307): hide_menu()
#2 D:\Ampps\www\OVANIC\wp-includes\class-wp-hook.php(331): WP_Hook->apply_filters()
#3 D:\Ampps\www\OVANIC\wp-includes\plugin.php(476): WP_Hook->do_action()
#4 D:\Ampps\www\OVANIC\wp-admin\admin-header.php(163): do_action()
#5 D:\Ampps\www\OVANIC\wp-admin\admin.php(239): require_once('D:\\Ampps\\www\\OV...')
#6 {main}
  thrown in D:\Ampps\www\OVANIC\wp-admin\includes\plugin.php on line 1806
[02-Oct-2022 14:11:00 UTC] PHP Fatal error:  Uncaught ArgumentCountError: Too few arguments to function remove_submenu_page(), 1 passed in D:\Ampps\www\OVANIC\wp-content\themes\flatsome-child\functions\init.php on line 30 and exactly 2 expected in D:\Ampps\www\OVANIC\wp-admin\includes\plugin.php:1806
Stack trace:
#0 D:\Ampps\www\OVANIC\wp-content\themes\flatsome-child\functions\init.php(30): remove_submenu_page()
#1 D:\Ampps\www\OVANIC\wp-includes\class-wp-hook.php(307): hide_menu()
#2 D:\Ampps\www\OVANIC\wp-includes\class-wp-hook.php(331): WP_Hook->apply_filters()
#3 D:\Ampps\www\OVANIC\wp-includes\plugin.php(476): WP_Hook->do_action()
#4 D:\Ampps\www\OVANIC\wp-admin\admin-header.php(163): do_action()
#5 D:\Ampps\www\OVANIC\wp-admin\admin.php(239): require_once('D:\\Ampps\\www\\OV...')
#6 {main}
  thrown in D:\Ampps\www\OVANIC\wp-admin\includes\plugin.php on line 1806
[02-Oct-2022 14:11:11 UTC] PHP Fatal error:  Uncaught ArgumentCountError: Too few arguments to function remove_submenu_page(), 1 passed in D:\Ampps\www\OVANIC\wp-content\themes\flatsome-child\functions\init.php on line 30 and exactly 2 expected in D:\Ampps\www\OVANIC\wp-admin\includes\plugin.php:1806
Stack trace:
#0 D:\Ampps\www\OVANIC\wp-content\themes\flatsome-child\functions\init.php(30): remove_submenu_page()
#1 D:\Ampps\www\OVANIC\wp-includes\class-wp-hook.php(307): hide_menu()
#2 D:\Ampps\www\OVANIC\wp-includes\class-wp-hook.php(331): WP_Hook->apply_filters()
#3 D:\Ampps\www\OVANIC\wp-includes\plugin.php(476): WP_Hook->do_action()
#4 D:\Ampps\www\OVANIC\wp-admin\admin-header.php(163): do_action()
#5 D:\Ampps\www\OVANIC\wp-admin\edit.php(397): require_once('D:\\Ampps\\www\\OV...')
#6 {main}
  thrown in D:\Ampps\www\OVANIC\wp-admin\includes\plugin.php on line 1806
[02-Oct-2022 14:11:26 UTC] PHP Fatal error:  Uncaught ArgumentCountError: Too few arguments to function remove_submenu_page(), 1 passed in D:\Ampps\www\OVANIC\wp-content\themes\flatsome-child\functions\init.php on line 30 and exactly 2 expected in D:\Ampps\www\OVANIC\wp-admin\includes\plugin.php:1806
Stack trace:
#0 D:\Ampps\www\OVANIC\wp-content\themes\flatsome-child\functions\init.php(30): remove_submenu_page()
#1 D:\Ampps\www\OVANIC\wp-includes\class-wp-hook.php(307): hide_menu()
#2 D:\Ampps\www\OVANIC\wp-includes\class-wp-hook.php(331): WP_Hook->apply_filters()
#3 D:\Ampps\www\OVANIC\wp-includes\plugin.php(476): WP_Hook->do_action()
#4 D:\Ampps\www\OVANIC\wp-admin\admin-header.php(163): do_action()
#5 D:\Ampps\www\OVANIC\wp-admin\edit.php(397): require_once('D:\\Ampps\\www\\OV...')
#6 {main}
  thrown in D:\Ampps\www\OVANIC\wp-admin\includes\plugin.php on line 1806
[02-Oct-2022 14:11:30 UTC] PHP Fatal error:  Uncaught ArgumentCountError: Too few arguments to function remove_submenu_page(), 1 passed in D:\Ampps\www\OVANIC\wp-content\themes\flatsome-child\functions\init.php on line 30 and exactly 2 expected in D:\Ampps\www\OVANIC\wp-admin\includes\plugin.php:1806
Stack trace:
#0 D:\Ampps\www\OVANIC\wp-content\themes\flatsome-child\functions\init.php(30): remove_submenu_page()
#1 D:\Ampps\www\OVANIC\wp-includes\class-wp-hook.php(307): hide_menu()
#2 D:\Ampps\www\OVANIC\wp-includes\class-wp-hook.php(331): WP_Hook->apply_filters()
#3 D:\Ampps\www\OVANIC\wp-includes\plugin.php(476): WP_Hook->do_action()
#4 D:\Ampps\www\OVANIC\wp-admin\admin-header.php(163): do_action()
#5 D:\Ampps\www\OVANIC\wp-admin\index.php(137): require_once('D:\\Ampps\\www\\OV...')
#6 {main}
  thrown in D:\Ampps\www\OVANIC\wp-admin\includes\plugin.php on line 1806
[02-Oct-2022 14:11:47 UTC] PHP Fatal error:  Uncaught ArgumentCountError: Too few arguments to function remove_submenu_page(), 1 passed in D:\Ampps\www\OVANIC\wp-content\themes\flatsome-child\functions\init.php on line 30 and exactly 2 expected in D:\Ampps\www\OVANIC\wp-admin\includes\plugin.php:1806
Stack trace:
#0 D:\Ampps\www\OVANIC\wp-content\themes\flatsome-child\functions\init.php(30): remove_submenu_page()
#1 D:\Ampps\www\OVANIC\wp-includes\class-wp-hook.php(307): hide_menu()
#2 D:\Ampps\www\OVANIC\wp-includes\class-wp-hook.php(331): WP_Hook->apply_filters()
#3 D:\Ampps\www\OVANIC\wp-includes\plugin.php(476): WP_Hook->do_action()
#4 D:\Ampps\www\OVANIC\wp-admin\admin-header.php(163): do_action()
#5 D:\Ampps\www\OVANIC\wp-admin\index.php(137): require_once('D:\\Ampps\\www\\OV...')
#6 {main}
  thrown in D:\Ampps\www\OVANIC\wp-admin\includes\plugin.php on line 1806
[02-Oct-2022 14:12:01 UTC] PHP Fatal error:  Uncaught ArgumentCountError: Too few arguments to function remove_submenu_page(), 1 passed in D:\Ampps\www\OVANIC\wp-content\themes\flatsome-child\functions\init.php on line 31 and exactly 2 expected in D:\Ampps\www\OVANIC\wp-admin\includes\plugin.php:1806
Stack trace:
#0 D:\Ampps\www\OVANIC\wp-content\themes\flatsome-child\functions\init.php(31): remove_submenu_page()
#1 D:\Ampps\www\OVANIC\wp-includes\class-wp-hook.php(307): hide_menu()
#2 D:\Ampps\www\OVANIC\wp-includes\class-wp-hook.php(331): WP_Hook->apply_filters()
#3 D:\Ampps\www\OVANIC\wp-includes\plugin.php(476): WP_Hook->do_action()
#4 D:\Ampps\www\OVANIC\wp-admin\admin-header.php(163): do_action()
#5 D:\Ampps\www\OVANIC\wp-admin\index.php(137): require_once('D:\\Ampps\\www\\OV...')
#6 {main}
  thrown in D:\Ampps\www\OVANIC\wp-admin\includes\plugin.php on line 1806
[02-Oct-2022 14:12:12 UTC] PHP Fatal error:  Uncaught ArgumentCountError: Too few arguments to function remove_submenu_page(), 1 passed in D:\Ampps\www\OVANIC\wp-content\themes\flatsome-child\functions\init.php on line 33 and exactly 2 expected in D:\Ampps\www\OVANIC\wp-admin\includes\plugin.php:1806
Stack trace:
#0 D:\Ampps\www\OVANIC\wp-content\themes\flatsome-child\functions\init.php(33): remove_submenu_page()
#1 D:\Ampps\www\OVANIC\wp-includes\class-wp-hook.php(307): hide_menu()
#2 D:\Ampps\www\OVANIC\wp-includes\class-wp-hook.php(331): WP_Hook->apply_filters()
#3 D:\Ampps\www\OVANIC\wp-includes\plugin.php(476): WP_Hook->do_action()
#4 D:\Ampps\www\OVANIC\wp-admin\admin-header.php(163): do_action()
#5 D:\Ampps\www\OVANIC\wp-admin\index.php(137): require_once('D:\\Ampps\\www\\OV...')
#6 {main}
  thrown in D:\Ampps\www\OVANIC\wp-admin\includes\plugin.php on line 1806
[02-Oct-2022 14:12:51 UTC] PHP Notice:  Undefined property: stdClass::$url in D:\Ampps\www\OVANIC\wp-content\plugins\wordpress-seo\inc\class-addon-manager.php on line 766
[02-Oct-2022 14:12:51 UTC] PHP Notice:  Undefined property: stdClass::$renewalUrl in D:\Ampps\www\OVANIC\wp-content\plugins\wordpress-seo\inc\class-addon-manager.php on line 781
[02-Oct-2022 14:12:51 UTC] PHP Notice:  Undefined property: stdClass::$version in D:\Ampps\www\OVANIC\wp-content\plugins\wordpress-seo\inc\class-addon-manager.php on line 784
[02-Oct-2022 14:12:51 UTC] PHP Notice:  Undefined property: stdClass::$name in D:\Ampps\www\OVANIC\wp-content\plugins\wordpress-seo\inc\class-addon-manager.php on line 785
[02-Oct-2022 14:12:51 UTC] PHP Notice:  Undefined property: stdClass::$lastUpdated in D:\Ampps\www\OVANIC\wp-content\plugins\wordpress-seo\inc\class-addon-manager.php on line 787
[02-Oct-2022 14:12:51 UTC] PHP Notice:  Undefined property: stdClass::$storeUrl in D:\Ampps\www\OVANIC\wp-content\plugins\wordpress-seo\inc\class-addon-manager.php on line 788
[02-Oct-2022 14:12:51 UTC] PHP Notice:  Undefined property: stdClass::$changelog in D:\Ampps\www\OVANIC\wp-content\plugins\wordpress-seo\inc\class-addon-manager.php on line 791
[02-Oct-2022 14:12:51 UTC] PHP Notice:  Undefined property: stdClass::$renewalUrl in D:\Ampps\www\OVANIC\wp-content\plugins\wordpress-seo\inc\class-addon-manager.php on line 781
[02-Oct-2022 14:12:51 UTC] PHP Notice:  Undefined property: stdClass::$version in D:\Ampps\www\OVANIC\wp-content\plugins\wordpress-seo\inc\class-addon-manager.php on line 784
[02-Oct-2022 14:12:51 UTC] PHP Notice:  Undefined property: stdClass::$name in D:\Ampps\www\OVANIC\wp-content\plugins\wordpress-seo\inc\class-addon-manager.php on line 785
[02-Oct-2022 14:12:51 UTC] PHP Notice:  Undefined property: stdClass::$lastUpdated in D:\Ampps\www\OVANIC\wp-content\plugins\wordpress-seo\inc\class-addon-manager.php on line 787
[02-Oct-2022 14:12:51 UTC] PHP Notice:  Undefined property: stdClass::$storeUrl in D:\Ampps\www\OVANIC\wp-content\plugins\wordpress-seo\inc\class-addon-manager.php on line 788
[02-Oct-2022 14:12:51 UTC] PHP Notice:  Undefined property: stdClass::$changelog in D:\Ampps\www\OVANIC\wp-content\plugins\wordpress-seo\inc\class-addon-manager.php on line 791
[02-Oct-2022 14:12:51 UTC] PHP Notice:  Undefined property: stdClass::$renewalUrl in D:\Ampps\www\OVANIC\wp-content\plugins\wordpress-seo\inc\class-addon-manager.php on line 781
[02-Oct-2022 14:12:51 UTC] PHP Notice:  Undefined property: stdClass::$version in D:\Ampps\www\OVANIC\wp-content\plugins\wordpress-seo\inc\class-addon-manager.php on line 784
[02-Oct-2022 14:12:51 UTC] PHP Notice:  Undefined property: stdClass::$name in D:\Ampps\www\OVANIC\wp-content\plugins\wordpress-seo\inc\class-addon-manager.php on line 785
[02-Oct-2022 14:12:51 UTC] PHP Notice:  Undefined property: stdClass::$lastUpdated in D:\Ampps\www\OVANIC\wp-content\plugins\wordpress-seo\inc\class-addon-manager.php on line 787
[02-Oct-2022 14:12:51 UTC] PHP Notice:  Undefined property: stdClass::$storeUrl in D:\Ampps\www\OVANIC\wp-content\plugins\wordpress-seo\inc\class-addon-manager.php on line 788
[02-Oct-2022 14:12:51 UTC] PHP Notice:  Undefined property: stdClass::$changelog in D:\Ampps\www\OVANIC\wp-content\plugins\wordpress-seo\inc\class-addon-manager.php on line 791
[02-Oct-2022 14:12:51 UTC] PHP Notice:  Undefined property: stdClass::$renewalUrl in D:\Ampps\www\OVANIC\wp-content\plugins\wordpress-seo\inc\class-addon-manager.php on line 781
[02-Oct-2022 14:12:51 UTC] PHP Notice:  Undefined property: stdClass::$version in D:\Ampps\www\OVANIC\wp-content\plugins\wordpress-seo\inc\class-addon-manager.php on line 784
[02-Oct-2022 14:12:51 UTC] PHP Notice:  Undefined property: stdClass::$name in D:\Ampps\www\OVANIC\wp-content\plugins\wordpress-seo\inc\class-addon-manager.php on line 785
[02-Oct-2022 14:12:51 UTC] PHP Notice:  Undefined property: stdClass::$lastUpdated in D:\Ampps\www\OVANIC\wp-content\plugins\wordpress-seo\inc\class-addon-manager.php on line 787
[02-Oct-2022 14:12:51 UTC] PHP Notice:  Undefined property: stdClass::$storeUrl in D:\Ampps\www\OVANIC\wp-content\plugins\wordpress-seo\inc\class-addon-manager.php on line 788
[02-Oct-2022 14:12:51 UTC] PHP Notice:  Undefined property: stdClass::$changelog in D:\Ampps\www\OVANIC\wp-content\plugins\wordpress-seo\inc\class-addon-manager.php on line 791
[02-Oct-2022 14:12:51 UTC] PHP Notice:  Undefined property: stdClass::$renewalUrl in D:\Ampps\www\OVANIC\wp-content\plugins\wordpress-seo\inc\class-addon-manager.php on line 781
[02-Oct-2022 14:12:51 UTC] PHP Notice:  Undefined property: stdClass::$version in D:\Ampps\www\OVANIC\wp-content\plugins\wordpress-seo\inc\class-addon-manager.php on line 784
[02-Oct-2022 14:12:51 UTC] PHP Notice:  Undefined property: stdClass::$name in D:\Ampps\www\OVANIC\wp-content\plugins\wordpress-seo\inc\class-addon-manager.php on line 785
[02-Oct-2022 14:12:51 UTC] PHP Notice:  Undefined property: stdClass::$lastUpdated in D:\Ampps\www\OVANIC\wp-content\plugins\wordpress-seo\inc\class-addon-manager.php on line 787
[02-Oct-2022 14:12:51 UTC] PHP Notice:  Undefined property: stdClass::$storeUrl in D:\Ampps\www\OVANIC\wp-content\plugins\wordpress-seo\inc\class-addon-manager.php on line 788
[02-Oct-2022 14:12:51 UTC] PHP Notice:  Undefined property: stdClass::$changelog in D:\Ampps\www\OVANIC\wp-content\plugins\wordpress-seo\inc\class-addon-manager.php on line 791
[02-Oct-2022 14:12:59 UTC] PHP Warning:  Đã xảy ra lỗi không mong muốn. Có thể có sự cố với WordPress.org hoặc cấu hình của máy chủ. Nếu bạn tiếp tục gặp sự cố, vui lòng thử hỏi trong <a href="https://wordpress.org/support/forums/">diễn đàn hỗ trợ</a>. (WordPress không thể thiết lập kết nối an toàn tới WordPress.org. Vui lòng liên hệ quản trị máy chủ của bạn.) in D:\Ampps\www\OVANIC\wp-includes\update.php on line 410
[02-Oct-2022 14:13:53 UTC] PHP Notice:  Undefined property: stdClass::$url in D:\Ampps\www\OVANIC\wp-content\plugins\wordpress-seo\inc\class-addon-manager.php on line 766
[02-Oct-2022 14:13:53 UTC] PHP Notice:  Undefined property: stdClass::$renewalUrl in D:\Ampps\www\OVANIC\wp-content\plugins\wordpress-seo\inc\class-addon-manager.php on line 781
[02-Oct-2022 14:13:53 UTC] PHP Notice:  Undefined property: stdClass::$version in D:\Ampps\www\OVANIC\wp-content\plugins\wordpress-seo\inc\class-addon-manager.php on line 784
[02-Oct-2022 14:13:53 UTC] PHP Notice:  Undefined property: stdClass::$name in D:\Ampps\www\OVANIC\wp-content\plugins\wordpress-seo\inc\class-addon-manager.php on line 785
[02-Oct-2022 14:13:53 UTC] PHP Notice:  Undefined property: stdClass::$lastUpdated in D:\Ampps\www\OVANIC\wp-content\plugins\wordpress-seo\inc\class-addon-manager.php on line 787
[02-Oct-2022 14:13:53 UTC] PHP Notice:  Undefined property: stdClass::$storeUrl in D:\Ampps\www\OVANIC\wp-content\plugins\wordpress-seo\inc\class-addon-manager.php on line 788
[02-Oct-2022 14:13:53 UTC] PHP Notice:  Undefined property: stdClass::$changelog in D:\Ampps\www\OVANIC\wp-content\plugins\wordpress-seo\inc\class-addon-manager.php on line 791
[02-Oct-2022 14:13:53 UTC] PHP Notice:  Undefined property: stdClass::$renewalUrl in D:\Ampps\www\OVANIC\wp-content\plugins\wordpress-seo\inc\class-addon-manager.php on line 781
[02-Oct-2022 14:13:53 UTC] PHP Notice:  Undefined property: stdClass::$version in D:\Ampps\www\OVANIC\wp-content\plugins\wordpress-seo\inc\class-addon-manager.php on line 784
[02-Oct-2022 14:13:53 UTC] PHP Notice:  Undefined property: stdClass::$name in D:\Ampps\www\OVANIC\wp-content\plugins\wordpress-seo\inc\class-addon-manager.php on line 785
[02-Oct-2022 14:13:53 UTC] PHP Notice:  Undefined property: stdClass::$lastUpdated in D:\Ampps\www\OVANIC\wp-content\plugins\wordpress-seo\inc\class-addon-manager.php on line 787
[02-Oct-2022 14:13:53 UTC] PHP Notice:  Undefined property: stdClass::$storeUrl in D:\Ampps\www\OVANIC\wp-content\plugins\wordpress-seo\inc\class-addon-manager.php on line 788
[02-Oct-2022 14:13:53 UTC] PHP Notice:  Undefined property: stdClass::$changelog in D:\Ampps\www\OVANIC\wp-content\plugins\wordpress-seo\inc\class-addon-manager.php on line 791
[02-Oct-2022 14:13:53 UTC] PHP Notice:  Undefined property: stdClass::$renewalUrl in D:\Ampps\www\OVANIC\wp-content\plugins\wordpress-seo\inc\class-addon-manager.php on line 781
[02-Oct-2022 14:13:53 UTC] PHP Notice:  Undefined property: stdClass::$version in D:\Ampps\www\OVANIC\wp-content\plugins\wordpress-seo\inc\class-addon-manager.php on line 784
[02-Oct-2022 14:13:53 UTC] PHP Notice:  Undefined property: stdClass::$name in D:\Ampps\www\OVANIC\wp-content\plugins\wordpress-seo\inc\class-addon-manager.php on line 785
[02-Oct-2022 14:13:53 UTC] PHP Notice:  Undefined property: stdClass::$lastUpdated in D:\Ampps\www\OVANIC\wp-content\plugins\wordpress-seo\inc\class-addon-manager.php on line 787
[02-Oct-2022 14:13:53 UTC] PHP Notice:  Undefined property: stdClass::$storeUrl in D:\Ampps\www\OVANIC\wp-content\plugins\wordpress-seo\inc\class-addon-manager.php on line 788
[02-Oct-2022 14:13:53 UTC] PHP Notice:  Undefined property: stdClass::$changelog in D:\Ampps\www\OVANIC\wp-content\plugins\wordpress-seo\inc\class-addon-manager.php on line 791
[02-Oct-2022 14:13:53 UTC] PHP Notice:  Undefined property: stdClass::$renewalUrl in D:\Ampps\www\OVANIC\wp-content\plugins\wordpress-seo\inc\class-addon-manager.php on line 781
[02-Oct-2022 14:13:53 UTC] PHP Notice:  Undefined property: stdClass::$version in D:\Ampps\www\OVANIC\wp-content\plugins\wordpress-seo\inc\class-addon-manager.php on line 784
[02-Oct-2022 14:13:53 UTC] PHP Notice:  Undefined property: stdClass::$name in D:\Ampps\www\OVANIC\wp-content\plugins\wordpress-seo\inc\class-addon-manager.php on line 785
[02-Oct-2022 14:13:53 UTC] PHP Notice:  Undefined property: stdClass::$lastUpdated in D:\Ampps\www\OVANIC\wp-content\plugins\wordpress-seo\inc\class-addon-manager.php on line 787
[02-Oct-2022 14:13:53 UTC] PHP Notice:  Undefined property: stdClass::$storeUrl in D:\Ampps\www\OVANIC\wp-content\plugins\wordpress-seo\inc\class-addon-manager.php on line 788
[02-Oct-2022 14:13:53 UTC] PHP Notice:  Undefined property: stdClass::$changelog in D:\Ampps\www\OVANIC\wp-content\plugins\wordpress-seo\inc\class-addon-manager.php on line 791
[02-Oct-2022 14:13:53 UTC] PHP Notice:  Undefined property: stdClass::$renewalUrl in D:\Ampps\www\OVANIC\wp-content\plugins\wordpress-seo\inc\class-addon-manager.php on line 781
[02-Oct-2022 14:13:53 UTC] PHP Notice:  Undefined property: stdClass::$version in D:\Ampps\www\OVANIC\wp-content\plugins\wordpress-seo\inc\class-addon-manager.php on line 784
[02-Oct-2022 14:13:53 UTC] PHP Notice:  Undefined property: stdClass::$name in D:\Ampps\www\OVANIC\wp-content\plugins\wordpress-seo\inc\class-addon-manager.php on line 785
[02-Oct-2022 14:13:53 UTC] PHP Notice:  Undefined property: stdClass::$lastUpdated in D:\Ampps\www\OVANIC\wp-content\plugins\wordpress-seo\inc\class-addon-manager.php on line 787
[02-Oct-2022 14:13:53 UTC] PHP Notice:  Undefined property: stdClass::$storeUrl in D:\Ampps\www\OVANIC\wp-content\plugins\wordpress-seo\inc\class-addon-manager.php on line 788
[02-Oct-2022 14:13:53 UTC] PHP Notice:  Undefined property: stdClass::$changelog in D:\Ampps\www\OVANIC\wp-content\plugins\wordpress-seo\inc\class-addon-manager.php on line 791
[02-Oct-2022 14:14:56 UTC] PHP Notice:  Undefined property: stdClass::$url in D:\Ampps\www\OVANIC\wp-content\plugins\wordpress-seo\inc\class-addon-manager.php on line 766
[02-Oct-2022 14:14:56 UTC] PHP Notice:  Undefined property: stdClass::$renewalUrl in D:\Ampps\www\OVANIC\wp-content\plugins\wordpress-seo\inc\class-addon-manager.php on line 781
[02-Oct-2022 14:14:56 UTC] PHP Notice:  Undefined property: stdClass::$version in D:\Ampps\www\OVANIC\wp-content\plugins\wordpress-seo\inc\class-addon-manager.php on line 784
[02-Oct-2022 14:14:56 UTC] PHP Notice:  Undefined property: stdClass::$name in D:\Ampps\www\OVANIC\wp-content\plugins\wordpress-seo\inc\class-addon-manager.php on line 785
[02-Oct-2022 14:14:56 UTC] PHP Notice:  Undefined property: stdClass::$lastUpdated in D:\Ampps\www\OVANIC\wp-content\plugins\wordpress-seo\inc\class-addon-manager.php on line 787
[02-Oct-2022 14:14:56 UTC] PHP Notice:  Undefined property: stdClass::$storeUrl in D:\Ampps\www\OVANIC\wp-content\plugins\wordpress-seo\inc\class-addon-manager.php on line 788
[02-Oct-2022 14:14:56 UTC] PHP Notice:  Undefined property: stdClass::$changelog in D:\Ampps\www\OVANIC\wp-content\plugins\wordpress-seo\inc\class-addon-manager.php on line 791
[02-Oct-2022 14:14:56 UTC] PHP Notice:  Undefined property: stdClass::$renewalUrl in D:\Ampps\www\OVANIC\wp-content\plugins\wordpress-seo\inc\class-addon-manager.php on line 781
[02-Oct-2022 14:14:56 UTC] PHP Notice:  Undefined property: stdClass::$version in D:\Ampps\www\OVANIC\wp-content\plugins\wordpress-seo\inc\class-addon-manager.php on line 784
[02-Oct-2022 14:14:56 UTC] PHP Notice:  Undefined property: stdClass::$name in D:\Ampps\www\OVANIC\wp-content\plugins\wordpress-seo\inc\class-addon-manager.php on line 785
[02-Oct-2022 14:14:56 UTC] PHP Notice:  Undefined property: stdClass::$lastUpdated in D:\Ampps\www\OVANIC\wp-content\plugins\wordpress-seo\inc\class-addon-manager.php on line 787
[02-Oct-2022 14:14:56 UTC] PHP Notice:  Undefined property: stdClass::$storeUrl in D:\Ampps\www\OVANIC\wp-content\plugins\wordpress-seo\inc\class-addon-manager.php on line 788
[02-Oct-2022 14:14:56 UTC] PHP Notice:  Undefined property: stdClass::$changelog in D:\Ampps\www\OVANIC\wp-content\plugins\wordpress-seo\inc\class-addon-manager.php on line 791
[02-Oct-2022 14:14:56 UTC] PHP Notice:  Undefined property: stdClass::$renewalUrl in D:\Ampps\www\OVANIC\wp-content\plugins\wordpress-seo\inc\class-addon-manager.php on line 781
[02-Oct-2022 14:14:56 UTC] PHP Notice:  Undefined property: stdClass::$version in D:\Ampps\www\OVANIC\wp-content\plugins\wordpress-seo\inc\class-addon-manager.php on line 784
[02-Oct-2022 14:14:56 UTC] PHP Notice:  Undefined property: stdClass::$name in D:\Ampps\www\OVANIC\wp-content\plugins\wordpress-seo\inc\class-addon-manager.php on line 785
[02-Oct-2022 14:14:56 UTC] PHP Notice:  Undefined property: stdClass::$lastUpdated in D:\Ampps\www\OVANIC\wp-content\plugins\wordpress-seo\inc\class-addon-manager.php on line 787
[02-Oct-2022 14:14:56 UTC] PHP Notice:  Undefined property: stdClass::$storeUrl in D:\Ampps\www\OVANIC\wp-content\plugins\wordpress-seo\inc\class-addon-manager.php on line 788
[02-Oct-2022 14:14:56 UTC] PHP Notice:  Undefined property: stdClass::$changelog in D:\Ampps\www\OVANIC\wp-content\plugins\wordpress-seo\inc\class-addon-manager.php on line 791
[02-Oct-2022 14:14:56 UTC] PHP Notice:  Undefined property: stdClass::$renewalUrl in D:\Ampps\www\OVANIC\wp-content\plugins\wordpress-seo\inc\class-addon-manager.php on line 781
[02-Oct-2022 14:14:56 UTC] PHP Notice:  Undefined property: stdClass::$version in D:\Ampps\www\OVANIC\wp-content\plugins\wordpress-seo\inc\class-addon-manager.php on line 784
[02-Oct-2022 14:14:56 UTC] PHP Notice:  Undefined property: stdClass::$name in D:\Ampps\www\OVANIC\wp-content\plugins\wordpress-seo\inc\class-addon-manager.php on line 785
[02-Oct-2022 14:14:56 UTC] PHP Notice:  Undefined property: stdClass::$lastUpdated in D:\Ampps\www\OVANIC\wp-content\plugins\wordpress-seo\inc\class-addon-manager.php on line 787
[02-Oct-2022 14:14:56 UTC] PHP Notice:  Undefined property: stdClass::$storeUrl in D:\Ampps\www\OVANIC\wp-content\plugins\wordpress-seo\inc\class-addon-manager.php on line 788
[02-Oct-2022 14:14:56 UTC] PHP Notice:  Undefined property: stdClass::$changelog in D:\Ampps\www\OVANIC\wp-content\plugins\wordpress-seo\inc\class-addon-manager.php on line 791
[02-Oct-2022 14:14:56 UTC] PHP Notice:  Undefined property: stdClass::$renewalUrl in D:\Ampps\www\OVANIC\wp-content\plugins\wordpress-seo\inc\class-addon-manager.php on line 781
[02-Oct-2022 14:14:56 UTC] PHP Notice:  Undefined property: stdClass::$version in D:\Ampps\www\OVANIC\wp-content\plugins\wordpress-seo\inc\class-addon-manager.php on line 784
[02-Oct-2022 14:14:56 UTC] PHP Notice:  Undefined property: stdClass::$name in D:\Ampps\www\OVANIC\wp-content\plugins\wordpress-seo\inc\class-addon-manager.php on line 785
[02-Oct-2022 14:14:56 UTC] PHP Notice:  Undefined property: stdClass::$lastUpdated in D:\Ampps\www\OVANIC\wp-content\plugins\wordpress-seo\inc\class-addon-manager.php on line 787
[02-Oct-2022 14:14:56 UTC] PHP Notice:  Undefined property: stdClass::$storeUrl in D:\Ampps\www\OVANIC\wp-content\plugins\wordpress-seo\inc\class-addon-manager.php on line 788
[02-Oct-2022 14:14:56 UTC] PHP Notice:  Undefined property: stdClass::$changelog in D:\Ampps\www\OVANIC\wp-content\plugins\wordpress-seo\inc\class-addon-manager.php on line 791
