1 Uncaught Error: Call to a member function get_attribute() on bool in D:\Ampps\www\OVANIC\wp-content\themes\flatsome-child\wp-amp\parts\title.php:10
Stack trace:
#0 D:\Ampps\www\OVANIC\wp-content\plugins\wp-amp\includes\class-amphtml-template-abstract.php(75): include()
#1 D:\Ampps\www\OVANIC\wp-content\plugins\wp-amp\templates\single-content.php(21): AMPHTML_Template_Abstract->render()
#2 D:\Ampps\www\OVANIC\wp-content\plugins\wp-amp\includes\class-amphtml-template-abstract.php(75): include('D:\\Ampps\\www\\OV...')
#3 D:\Ampps\www\OVANIC\wp-content\plugins\wp-amp\includes\class-amphtml-template.php(267): AMPHTML_Template_Abstract->render()
#4 D:\Ampps\www\OVANIC\wp-includes\class-wp-hook.php(307): AMPHTML_Template->the_template_content()
#5 D:\Ampps\www\OVANIC\wp-includes\class-wp-hook.php(331): WP_Hook->apply_filters()
#6 D:\Ampps\www\OVANIC\wp-includes\plugin.php(476): WP_Hook->do_action()
#7 D:\Ampps\www\OVANIC\wp-content\plugins\wp-amp\templates\base.php(11): do_action()
#8 D:\Ampps\www\OVANIC\wp-content\ D:\Ampps\www\OVANIC\wp-content\themes\flatsome-child\wp-amp\parts\title.php 102022-08-27 14:29:36 2 Cannot modify header information - headers already sent by (output started at D:\Ampps\www\OVANIC\wp-includes\functions.php:5275) D:\Ampps\www\OVANIC\wp-includes\pluggable.php 1421 70429
2022-08-27 14:29:36 2 Cannot modify header information - headers already sent by (output started at D:\Ampps\www\OVANIC\wp-includes\functions.php:5275) D:\Ampps\www\OVANIC\wp-includes\pluggable.php 1424 70429
1 Uncaught Error: Call to a member function get_attribute() on bool in D:\Ampps\www\OVANIC\wp-content\themes\flatsome-child\wp-amp\parts\title.php:10
Stack trace:
#0 D:\Ampps\www\OVANIC\wp-content\plugins\wp-amp\includes\class-amphtml-template-abstract.php(75): include()
#1 D:\Ampps\www\OVANIC\wp-content\plugins\wp-amp\templates\single-content.php(21): AMPHTML_Template_Abstract->render()
#2 D:\Ampps\www\OVANIC\wp-content\plugins\wp-amp\includes\class-amphtml-template-abstract.php(75): include('D:\\Ampps\\www\\OV...')
#3 D:\Ampps\www\OVANIC\wp-content\plugins\wp-amp\includes\class-amphtml-template.php(267): AMPHTML_Template_Abstract->render()
#4 D:\Ampps\www\OVANIC\wp-includes\class-wp-hook.php(307): AMPHTML_Template->the_template_content()
#5 D:\Ampps\www\OVANIC\wp-includes\class-wp-hook.php(331): WP_Hook->apply_filters()
#6 D:\Ampps\www\OVANIC\wp-includes\plugin.php(476): WP_Hook->do_action()
#7 D:\Ampps\www\OVANIC\wp-content\plugins\wp-amp\templates\base.php(11): do_action()
#8 D:\Ampps\www\OVANIC\wp-content\ D:\Ampps\www\OVANIC\wp-content\themes\flatsome-child\wp-amp\parts\title.php 102022-08-27 14:33:32 2 Cannot modify header information - headers already sent by (output started at D:\Ampps\www\OVANIC\wp-includes\functions.php:5275) D:\Ampps\www\OVANIC\wp-includes\pluggable.php 1421 70429
2022-08-27 14:33:32 2 Cannot modify header information - headers already sent by (output started at D:\Ampps\www\OVANIC\wp-includes\functions.php:5275) D:\Ampps\www\OVANIC\wp-includes\pluggable.php 1424 70429
1 Uncaught Error: Call to a member function get_attribute() on bool in D:\Ampps\www\OVANIC\wp-content\themes\flatsome-child\wp-amp\parts\title.php:10
Stack trace:
#0 D:\Ampps\www\OVANIC\wp-content\plugins\wp-amp\includes\class-amphtml-template-abstract.php(75): include()
#1 D:\Ampps\www\OVANIC\wp-content\plugins\wp-amp\templates\single-content.php(21): AMPHTML_Template_Abstract->render()
#2 D:\Ampps\www\OVANIC\wp-content\plugins\wp-amp\includes\class-amphtml-template-abstract.php(75): include('D:\\Ampps\\www\\OV...')
#3 D:\Ampps\www\OVANIC\wp-content\plugins\wp-amp\includes\class-amphtml-template.php(267): AMPHTML_Template_Abstract->render()
#4 D:\Ampps\www\OVANIC\wp-includes\class-wp-hook.php(307): AMPHTML_Template->the_template_content()
#5 D:\Ampps\www\OVANIC\wp-includes\class-wp-hook.php(331): WP_Hook->apply_filters()
#6 D:\Ampps\www\OVANIC\wp-includes\plugin.php(476): WP_Hook->do_action()
#7 D:\Ampps\www\OVANIC\wp-content\plugins\wp-amp\templates\base.php(11): do_action()
#8 D:\Ampps\www\OVANIC\wp-content\ D:\Ampps\www\OVANIC\wp-content\themes\flatsome-child\wp-amp\parts\title.php 102022-08-27 14:45:28 2 Cannot modify header information - headers already sent by (output started at D:\Ampps\www\OVANIC\wp-includes\functions.php:5275) D:\Ampps\www\OVANIC\wp-includes\pluggable.php 1421 70429
2022-08-27 14:45:28 2 Cannot modify header information - headers already sent by (output started at D:\Ampps\www\OVANIC\wp-includes\functions.php:5275) D:\Ampps\www\OVANIC\wp-includes\pluggable.php 1424 70429
1 Uncaught Error: Call to a member function get_attribute() on bool in D:\Ampps\www\OVANIC\wp-content\themes\flatsome-child\wp-amp\parts\title.php:10
Stack trace:
#0 D:\Ampps\www\OVANIC\wp-content\plugins\wp-amp\includes\class-amphtml-template-abstract.php(75): include()
#1 D:\Ampps\www\OVANIC\wp-content\plugins\wp-amp\templates\single-content.php(21): AMPHTML_Template_Abstract->render()
#2 D:\Ampps\www\OVANIC\wp-content\plugins\wp-amp\includes\class-amphtml-template-abstract.php(75): include('D:\\Ampps\\www\\OV...')
#3 D:\Ampps\www\OVANIC\wp-content\plugins\wp-amp\includes\class-amphtml-template.php(267): AMPHTML_Template_Abstract->render()
#4 D:\Ampps\www\OVANIC\wp-includes\class-wp-hook.php(307): AMPHTML_Template->the_template_content()
#5 D:\Ampps\www\OVANIC\wp-includes\class-wp-hook.php(331): WP_Hook->apply_filters()
#6 D:\Ampps\www\OVANIC\wp-includes\plugin.php(476): WP_Hook->do_action()
#7 D:\Ampps\www\OVANIC\wp-content\plugins\wp-amp\templates\base.php(11): do_action()
#8 D:\Ampps\www\OVANIC\wp-content\ D:\Ampps\www\OVANIC\wp-content\themes\flatsome-child\wp-amp\parts\title.php 102022-08-27 14:45:37 2 Cannot modify header information - headers already sent by (output started at D:\Ampps\www\OVANIC\wp-includes\functions.php:5275) D:\Ampps\www\OVANIC\wp-includes\pluggable.php 1421 70429
2022-08-27 14:45:37 2 Cannot modify header information - headers already sent by (output started at D:\Ampps\www\OVANIC\wp-includes\functions.php:5275) D:\Ampps\www\OVANIC\wp-includes\pluggable.php 1424 70429
1 Uncaught Error: Call to a member function get_attribute() on bool in D:\Ampps\www\OVANIC\wp-content\themes\flatsome-child\wp-amp\parts\title.php:10
Stack trace:
#0 D:\Ampps\www\OVANIC\wp-content\plugins\wp-amp\includes\class-amphtml-template-abstract.php(75): include()
#1 D:\Ampps\www\OVANIC\wp-content\plugins\wp-amp\templates\single-content.php(21): AMPHTML_Template_Abstract->render()
#2 D:\Ampps\www\OVANIC\wp-content\plugins\wp-amp\includes\class-amphtml-template-abstract.php(75): include('D:\\Ampps\\www\\OV...')
#3 D:\Ampps\www\OVANIC\wp-content\plugins\wp-amp\includes\class-amphtml-template.php(267): AMPHTML_Template_Abstract->render()
#4 D:\Ampps\www\OVANIC\wp-includes\class-wp-hook.php(307): AMPHTML_Template->the_template_content()
#5 D:\Ampps\www\OVANIC\wp-includes\class-wp-hook.php(331): WP_Hook->apply_filters()
#6 D:\Ampps\www\OVANIC\wp-includes\plugin.php(476): WP_Hook->do_action()
#7 D:\Ampps\www\OVANIC\wp-content\plugins\wp-amp\templates\base.php(11): do_action()
#8 D:\Ampps\www\OVANIC\wp-content\ D:\Ampps\www\OVANIC\wp-content\themes\flatsome-child\wp-amp\parts\title.php 102022-08-27 14:45:53 2 Cannot modify header information - headers already sent by (output started at D:\Ampps\www\OVANIC\wp-includes\functions.php:5275) D:\Ampps\www\OVANIC\wp-includes\pluggable.php 1421 70429
2022-08-27 14:45:53 2 Cannot modify header information - headers already sent by (output started at D:\Ampps\www\OVANIC\wp-includes\functions.php:5275) D:\Ampps\www\OVANIC\wp-includes\pluggable.php 1424 70429
1 Uncaught Error: Call to a member function get_attribute() on string in D:\Ampps\www\OVANIC\wp-content\themes\flatsome-child\wp-amp\parts\title.php:10
Stack trace:
#0 D:\Ampps\www\OVANIC\wp-content\plugins\wp-amp\includes\class-amphtml-template-abstract.php(75): include()
#1 D:\Ampps\www\OVANIC\wp-content\plugins\wp-amp\templates\single-content.php(21): AMPHTML_Template_Abstract->render()
#2 D:\Ampps\www\OVANIC\wp-content\plugins\wp-amp\includes\class-amphtml-template-abstract.php(75): include('D:\\Ampps\\www\\OV...')
#3 D:\Ampps\www\OVANIC\wp-content\plugins\wp-amp\includes\class-amphtml-template.php(267): AMPHTML_Template_Abstract->render()
#4 D:\Ampps\www\OVANIC\wp-includes\class-wp-hook.php(307): AMPHTML_Template->the_template_content()
#5 D:\Ampps\www\OVANIC\wp-includes\class-wp-hook.php(331): WP_Hook->apply_filters()
#6 D:\Ampps\www\OVANIC\wp-includes\plugin.php(476): WP_Hook->do_action()
#7 D:\Ampps\www\OVANIC\wp-content\plugins\wp-amp\templates\base.php(11): do_action()
#8 D:\Ampps\www\OVANIC\wp-conten D:\Ampps\www\OVANIC\wp-content\themes\flatsome-child\wp-amp\parts\title.php 102022-08-27 14:47:32 2 Cannot modify header information - headers already sent by (output started at D:\Ampps\www\OVANIC\wp-includes\functions.php:5275) D:\Ampps\www\OVANIC\wp-includes\pluggable.php 1421 70429
2022-08-27 14:47:32 2 Cannot modify header information - headers already sent by (output started at D:\Ampps\www\OVANIC\wp-includes\functions.php:5275) D:\Ampps\www\OVANIC\wp-includes\pluggable.php 1424 70429
1 Uncaught Error: Call to a member function get_attribute() on string in D:\Ampps\www\OVANIC\wp-content\themes\flatsome-child\wp-amp\parts\title.php:10
Stack trace:
#0 D:\Ampps\www\OVANIC\wp-content\plugins\wp-amp\includes\class-amphtml-template-abstract.php(75): include()
#1 D:\Ampps\www\OVANIC\wp-content\plugins\wp-amp\templates\single-content.php(21): AMPHTML_Template_Abstract->render()
#2 D:\Ampps\www\OVANIC\wp-content\plugins\wp-amp\includes\class-amphtml-template-abstract.php(75): include('D:\\Ampps\\www\\OV...')
#3 D:\Ampps\www\OVANIC\wp-content\plugins\wp-amp\includes\class-amphtml-template.php(267): AMPHTML_Template_Abstract->render()
#4 D:\Ampps\www\OVANIC\wp-includes\class-wp-hook.php(307): AMPHTML_Template->the_template_content()
#5 D:\Ampps\www\OVANIC\wp-includes\class-wp-hook.php(331): WP_Hook->apply_filters()
#6 D:\Ampps\www\OVANIC\wp-includes\plugin.php(476): WP_Hook->do_action()
#7 D:\Ampps\www\OVANIC\wp-content\plugins\wp-amp\templates\base.php(11): do_action()
#8 D:\Ampps\www\OVANIC\wp-conten D:\Ampps\www\OVANIC\wp-content\themes\flatsome-child\wp-amp\parts\title.php 102022-08-27 14:47:39 2 Cannot modify header information - headers already sent by (output started at D:\Ampps\www\OVANIC\wp-includes\functions.php:5275) D:\Ampps\www\OVANIC\wp-includes\pluggable.php 1421 70429
2022-08-27 14:47:39 2 Cannot modify header information - headers already sent by (output started at D:\Ampps\www\OVANIC\wp-includes\functions.php:5275) D:\Ampps\www\OVANIC\wp-includes\pluggable.php 1424 70429
1 Uncaught Error: Call to undefined function is_prdoduct() in D:\Ampps\www\OVANIC\wp-content\themes\flatsome-child\wp-amp\parts\title.php:8
Stack trace:
#0 D:\Ampps\www\OVANIC\wp-content\plugins\wp-amp\includes\class-amphtml-template-abstract.php(75): include()
#1 D:\Ampps\www\OVANIC\wp-content\plugins\wp-amp\templates\single-content.php(21): AMPHTML_Template_Abstract->render()
#2 D:\Ampps\www\OVANIC\wp-content\plugins\wp-amp\includes\class-amphtml-template-abstract.php(75): include('D:\\Ampps\\www\\OV...')
#3 D:\Ampps\www\OVANIC\wp-content\plugins\wp-amp\includes\class-amphtml-template.php(267): AMPHTML_Template_Abstract->render()
#4 D:\Ampps\www\OVANIC\wp-includes\class-wp-hook.php(307): AMPHTML_Template->the_template_content()
#5 D:\Ampps\www\OVANIC\wp-includes\class-wp-hook.php(331): WP_Hook->apply_filters()
#6 D:\Ampps\www\OVANIC\wp-includes\plugin.php(476): WP_Hook->do_action()
#7 D:\Ampps\www\OVANIC\wp-content\plugins\wp-amp\templates\base.php(11): do_action()
#8 D:\Ampps\www\OVANIC\wp-content\plugins\wp D:\Ampps\www\OVANIC\wp-content\themes\flatsome-child\wp-amp\parts\title.php 82022-08-27 14:52:01 2 Cannot modify header information - headers already sent by (output started at D:\Ampps\www\OVANIC\wp-includes\functions.php:5275) D:\Ampps\www\OVANIC\wp-includes\pluggable.php 1421 70429
2022-08-27 14:52:01 2 Cannot modify header information - headers already sent by (output started at D:\Ampps\www\OVANIC\wp-includes\functions.php:5275) D:\Ampps\www\OVANIC\wp-includes\pluggable.php 1424 70429
2022-08-27 14:56:00 8 Undefined variable: bestsale D:\Ampps\www\OVANIC\wp-content\themes\flatsome-child\wp-amp\parts\title.php 25 70429
2022-08-27 14:56:00 16384 Function WC_Cart::get_checkout_url is <strong>deprecated</strong> since version 2.5! Use wc_get_checkout_url instead. D:\Ampps\www\OVANIC\wp-includes\functions.php 5379 70429
2022-08-27 14:56:05 8 Undefined variable: bestsale D:\Ampps\www\OVANIC\wp-content\themes\flatsome-child\wp-amp\parts\title.php 25 70429
2022-08-27 14:56:05 16384 Function WC_Cart::get_checkout_url is <strong>deprecated</strong> since version 2.5! Use wc_get_checkout_url instead. D:\Ampps\www\OVANIC\wp-includes\functions.php 5379 70429
2022-08-27 14:56:08 8 Undefined variable: bestsale D:\Ampps\www\OVANIC\wp-content\themes\flatsome-child\wp-amp\parts\title.php 25 70429
2022-08-27 14:56:08 16384 Function WC_Cart::get_checkout_url is <strong>deprecated</strong> since version 2.5! Use wc_get_checkout_url instead. D:\Ampps\www\OVANIC\wp-includes\functions.php 5379 70429
2022-08-27 14:56:12 8 Undefined variable: bestsale D:\Ampps\www\OVANIC\wp-content\themes\flatsome-child\wp-amp\parts\title.php 25 70429
2022-08-27 14:56:12 16384 Function WC_Cart::get_checkout_url is <strong>deprecated</strong> since version 2.5! Use wc_get_checkout_url instead. D:\Ampps\www\OVANIC\wp-includes\functions.php 5379 70429
2022-08-27 14:56:15 8 Undefined variable: bestsale D:\Ampps\www\OVANIC\wp-content\themes\flatsome-child\wp-amp\parts\title.php 25 70429
2022-08-27 14:56:15 16384 Function WC_Cart::get_checkout_url is <strong>deprecated</strong> since version 2.5! Use wc_get_checkout_url instead. D:\Ampps\www\OVANIC\wp-includes\functions.php 5379 70429
2022-08-27 14:56:19 8 Undefined variable: bestsale D:\Ampps\www\OVANIC\wp-content\themes\flatsome-child\wp-amp\parts\title.php 25 70429
2022-08-27 14:56:19 16384 Function WC_Cart::get_checkout_url is <strong>deprecated</strong> since version 2.5! Use wc_get_checkout_url instead. D:\Ampps\www\OVANIC\wp-includes\functions.php 5379 70429
2022-08-27 15:04:26 8 Undefined variable: bestsale D:\Ampps\www\OVANIC\wp-content\themes\flatsome-child\wp-amp\parts\title.php 25 70429
2022-08-27 15:04:26 16384 Function WC_Cart::get_checkout_url is <strong>deprecated</strong> since version 2.5! Use wc_get_checkout_url instead. D:\Ampps\www\OVANIC\wp-includes\functions.php 5379 70429
2022-08-27 15:04:30 8 Undefined variable: bestsale D:\Ampps\www\OVANIC\wp-content\themes\flatsome-child\wp-amp\parts\title.php 25 70429
2022-08-27 15:04:31 16384 Function WC_Cart::get_checkout_url is <strong>deprecated</strong> since version 2.5! Use wc_get_checkout_url instead. D:\Ampps\www\OVANIC\wp-includes\functions.php 5379 70429
2022-08-27 15:04:37 8 Undefined variable: bestsale D:\Ampps\www\OVANIC\wp-content\themes\flatsome-child\wp-amp\parts\title.php 25 70429
2022-08-27 15:04:37 16384 Function WC_Cart::get_checkout_url is <strong>deprecated</strong> since version 2.5! Use wc_get_checkout_url instead. D:\Ampps\www\OVANIC\wp-includes\functions.php 5379 70429
2022-08-27 15:04:41 8 Undefined variable: bestsale D:\Ampps\www\OVANIC\wp-content\themes\flatsome-child\wp-amp\parts\title.php 25 70429
2022-08-27 15:04:41 16384 Function WC_Cart::get_checkout_url is <strong>deprecated</strong> since version 2.5! Use wc_get_checkout_url instead. D:\Ampps\www\OVANIC\wp-includes\functions.php 5379 70429
2022-08-27 15:04:51 8 Undefined variable: bestsale D:\Ampps\www\OVANIC\wp-content\themes\flatsome-child\wp-amp\parts\title.php 25 70429
2022-08-27 15:04:51 16384 Function WC_Cart::get_checkout_url is <strong>deprecated</strong> since version 2.5! Use wc_get_checkout_url instead. D:\Ampps\www\OVANIC\wp-includes\functions.php 5379 70429
2022-08-28 02:37:24 8 Undefined variable: bestsale D:\Ampps\www\OVANIC\wp-content\themes\flatsome-child\wp-amp\parts\title.php 25 70429
2022-08-28 02:37:25 16384 Function WC_Cart::get_checkout_url is <strong>deprecated</strong> since version 2.5! Use wc_get_checkout_url instead. D:\Ampps\www\OVANIC\wp-includes\functions.php 5379 70429
2022-08-28 02:37:25 16384 Function WC_Product::list_attributes is <strong>deprecated</strong> since version 3.0! Use wc_display_product_attributes instead. D:\Ampps\www\OVANIC\wp-includes\functions.php 5379 70429
2022-08-28 02:37:32 8 Undefined variable: bestsale D:\Ampps\www\OVANIC\wp-content\themes\flatsome-child\wp-amp\parts\title.php 25 70429
2022-08-28 02:37:32 16384 Function WC_Cart::get_checkout_url is <strong>deprecated</strong> since version 2.5! Use wc_get_checkout_url instead. D:\Ampps\www\OVANIC\wp-includes\functions.php 5379 70429
2022-08-28 02:37:32 16384 Function WC_Product::list_attributes is <strong>deprecated</strong> since version 3.0! Use wc_display_product_attributes instead. D:\Ampps\www\OVANIC\wp-includes\functions.php 5379 70429
2022-08-28 02:37:38 8 Undefined variable: bestsale D:\Ampps\www\OVANIC\wp-content\themes\flatsome-child\wp-amp\parts\title.php 25 70429
2022-08-28 02:37:38 16384 Function WC_Cart::get_checkout_url is <strong>deprecated</strong> since version 2.5! Use wc_get_checkout_url instead. D:\Ampps\www\OVANIC\wp-includes\functions.php 5379 70429
2022-08-28 02:37:38 16384 Function WC_Product::list_attributes is <strong>deprecated</strong> since version 3.0! Use wc_display_product_attributes instead. D:\Ampps\www\OVANIC\wp-includes\functions.php 5379 70429
2022-08-28 02:37:43 8 Undefined variable: bestsale D:\Ampps\www\OVANIC\wp-content\themes\flatsome-child\wp-amp\parts\title.php 25 70429
2022-08-28 02:37:43 16384 Function WC_Cart::get_checkout_url is <strong>deprecated</strong> since version 2.5! Use wc_get_checkout_url instead. D:\Ampps\www\OVANIC\wp-includes\functions.php 5379 70429
2022-08-28 02:37:43 16384 Function WC_Product::list_attributes is <strong>deprecated</strong> since version 3.0! Use wc_display_product_attributes instead. D:\Ampps\www\OVANIC\wp-includes\functions.php 5379 70429
2022-08-28 02:37:48 8 Undefined variable: bestsale D:\Ampps\www\OVANIC\wp-content\themes\flatsome-child\wp-amp\parts\title.php 25 70429
2022-08-28 02:37:49 16384 Function WC_Cart::get_checkout_url is <strong>deprecated</strong> since version 2.5! Use wc_get_checkout_url instead. D:\Ampps\www\OVANIC\wp-includes\functions.php 5379 70429
2022-08-28 02:37:49 16384 Function WC_Product::list_attributes is <strong>deprecated</strong> since version 3.0! Use wc_display_product_attributes instead. D:\Ampps\www\OVANIC\wp-includes\functions.php 5379 70429
2022-08-28 02:37:53 8 Undefined variable: bestsale D:\Ampps\www\OVANIC\wp-content\themes\flatsome-child\wp-amp\parts\title.php 25 70429
2022-08-28 02:37:53 16384 Function WC_Cart::get_checkout_url is <strong>deprecated</strong> since version 2.5! Use wc_get_checkout_url instead. D:\Ampps\www\OVANIC\wp-includes\functions.php 5379 70429
2022-08-28 02:37:53 16384 Function WC_Product::list_attributes is <strong>deprecated</strong> since version 3.0! Use wc_display_product_attributes instead. D:\Ampps\www\OVANIC\wp-includes\functions.php 5379 70429
2022-08-28 02:45:55 8 Undefined variable: bestsale D:\Ampps\www\OVANIC\wp-content\themes\flatsome-child\wp-amp\parts\title.php 25 70429
2022-08-28 02:45:55 16384 Function WC_Cart::get_checkout_url is <strong>deprecated</strong> since version 2.5! Use wc_get_checkout_url instead. D:\Ampps\www\OVANIC\wp-includes\functions.php 5379 70429
2022-08-28 02:45:55 16384 Function WC_Product::list_attributes is <strong>deprecated</strong> since version 3.0! Use wc_display_product_attributes instead. D:\Ampps\www\OVANIC\wp-includes\functions.php 5379 70429
2022-08-28 02:45:59 8 Undefined variable: bestsale D:\Ampps\www\OVANIC\wp-content\themes\flatsome-child\wp-amp\parts\title.php 25 70429
2022-08-28 02:45:59 16384 Function WC_Cart::get_checkout_url is <strong>deprecated</strong> since version 2.5! Use wc_get_checkout_url instead. D:\Ampps\www\OVANIC\wp-includes\functions.php 5379 70429
2022-08-28 02:45:59 16384 Function WC_Product::list_attributes is <strong>deprecated</strong> since version 3.0! Use wc_display_product_attributes instead. D:\Ampps\www\OVANIC\wp-includes\functions.php 5379 70429
2022-08-28 02:46:02 8 Undefined variable: bestsale D:\Ampps\www\OVANIC\wp-content\themes\flatsome-child\wp-amp\parts\title.php 25 70429
2022-08-28 02:46:02 16384 Function WC_Cart::get_checkout_url is <strong>deprecated</strong> since version 2.5! Use wc_get_checkout_url instead. D:\Ampps\www\OVANIC\wp-includes\functions.php 5379 70429
2022-08-28 02:46:02 16384 Function WC_Product::list_attributes is <strong>deprecated</strong> since version 3.0! Use wc_display_product_attributes instead. D:\Ampps\www\OVANIC\wp-includes\functions.php 5379 70429
2022-08-28 02:46:06 8 Undefined variable: bestsale D:\Ampps\www\OVANIC\wp-content\themes\flatsome-child\wp-amp\parts\title.php 25 70429
2022-08-28 02:46:06 16384 Function WC_Cart::get_checkout_url is <strong>deprecated</strong> since version 2.5! Use wc_get_checkout_url instead. D:\Ampps\www\OVANIC\wp-includes\functions.php 5379 70429
2022-08-28 02:46:06 16384 Function WC_Product::list_attributes is <strong>deprecated</strong> since version 3.0! Use wc_display_product_attributes instead. D:\Ampps\www\OVANIC\wp-includes\functions.php 5379 70429
2022-08-28 02:46:09 8 Undefined variable: bestsale D:\Ampps\www\OVANIC\wp-content\themes\flatsome-child\wp-amp\parts\title.php 25 70429
2022-08-28 02:46:09 16384 Function WC_Cart::get_checkout_url is <strong>deprecated</strong> since version 2.5! Use wc_get_checkout_url instead. D:\Ampps\www\OVANIC\wp-includes\functions.php 5379 70429
2022-08-28 02:46:09 16384 Function WC_Product::list_attributes is <strong>deprecated</strong> since version 3.0! Use wc_display_product_attributes instead. D:\Ampps\www\OVANIC\wp-includes\functions.php 5379 70429
2022-08-29 13:15:09 8 Undefined variable: orderby D:\Ampps\www\OVANIC\wp-content\plugins\wp-amp\templates\parts\sort_block.php 37 70429
2022-08-29 13:15:09 8 Undefined variable: orderby D:\Ampps\www\OVANIC\wp-content\plugins\wp-amp\templates\parts\sort_block.php 37 70429
2022-08-29 13:15:09 8 Undefined variable: orderby D:\Ampps\www\OVANIC\wp-content\plugins\wp-amp\templates\parts\sort_block.php 37 70429
2022-08-29 13:15:09 8 Undefined variable: orderby D:\Ampps\www\OVANIC\wp-content\plugins\wp-amp\templates\parts\sort_block.php 37 70429
2022-08-29 13:15:09 8 Undefined variable: orderby D:\Ampps\www\OVANIC\wp-content\plugins\wp-amp\templates\parts\sort_block.php 37 70429
2022-08-29 13:15:09 8 Undefined variable: orderby D:\Ampps\www\OVANIC\wp-content\plugins\wp-amp\templates\parts\sort_block.php 37 70429
2022-08-29 13:15:09 8 Undefined variable: orderby D:\Ampps\www\OVANIC\wp-content\plugins\wp-amp\templates\parts\sort_block.php 37 70429
2022-08-29 13:15:09 8 Undefined variable: orderby D:\Ampps\www\OVANIC\wp-content\plugins\wp-amp\templates\parts\sort_block.php 37 70429
2022-08-29 13:15:09 8 Undefined variable: orderby D:\Ampps\www\OVANIC\wp-content\plugins\wp-amp\templates\parts\sort_block.php 37 70429
2022-08-29 13:15:09 8 Undefined variable: orderby D:\Ampps\www\OVANIC\wp-content\plugins\wp-amp\templates\parts\sort_block.php 37 70429
2022-08-29 13:15:09 8 Undefined variable: orderby D:\Ampps\www\OVANIC\wp-content\plugins\wp-amp\templates\parts\sort_block.php 37 70429
2022-08-29 13:15:09 8 Undefined variable: orderby D:\Ampps\www\OVANIC\wp-content\plugins\wp-amp\templates\parts\sort_block.php 37 70429
2022-08-29 13:15:19 8 Undefined variable: orderby D:\Ampps\www\OVANIC\wp-content\plugins\wp-amp\templates\parts\sort_block.php 37 70429
2022-08-29 13:15:19 8 Undefined variable: orderby D:\Ampps\www\OVANIC\wp-content\plugins\wp-amp\templates\parts\sort_block.php 37 70429
2022-08-29 13:15:19 8 Undefined variable: orderby D:\Ampps\www\OVANIC\wp-content\plugins\wp-amp\templates\parts\sort_block.php 37 70429
2022-08-29 13:15:19 8 Undefined variable: orderby D:\Ampps\www\OVANIC\wp-content\plugins\wp-amp\templates\parts\sort_block.php 37 70429
2022-08-29 13:15:19 8 Undefined variable: orderby D:\Ampps\www\OVANIC\wp-content\plugins\wp-amp\templates\parts\sort_block.php 37 70429
2022-08-29 13:15:19 8 Undefined variable: orderby D:\Ampps\www\OVANIC\wp-content\plugins\wp-amp\templates\parts\sort_block.php 37 70429
2022-08-29 13:15:26 8 Undefined variable: orderby D:\Ampps\www\OVANIC\wp-content\plugins\wp-amp\templates\parts\sort_block.php 37 70429
2022-08-29 13:15:26 8 Undefined variable: orderby D:\Ampps\www\OVANIC\wp-content\plugins\wp-amp\templates\parts\sort_block.php 37 70429
2022-08-29 13:15:26 8 Undefined variable: orderby D:\Ampps\www\OVANIC\wp-content\plugins\wp-amp\templates\parts\sort_block.php 37 70429
2022-08-29 13:15:26 8 Undefined variable: orderby D:\Ampps\www\OVANIC\wp-content\plugins\wp-amp\templates\parts\sort_block.php 37 70429
2022-08-29 13:15:26 8 Undefined variable: orderby D:\Ampps\www\OVANIC\wp-content\plugins\wp-amp\templates\parts\sort_block.php 37 70429
2022-08-29 13:15:26 8 Undefined variable: orderby D:\Ampps\www\OVANIC\wp-content\plugins\wp-amp\templates\parts\sort_block.php 37 70429
2022-08-29 13:15:31 8 Undefined variable: orderby D:\Ampps\www\OVANIC\wp-content\plugins\wp-amp\templates\parts\sort_block.php 37 70429
2022-08-29 13:15:31 8 Undefined variable: orderby D:\Ampps\www\OVANIC\wp-content\plugins\wp-amp\templates\parts\sort_block.php 37 70429
2022-08-29 13:15:31 8 Undefined variable: orderby D:\Ampps\www\OVANIC\wp-content\plugins\wp-amp\templates\parts\sort_block.php 37 70429
2022-08-29 13:15:31 8 Undefined variable: orderby D:\Ampps\www\OVANIC\wp-content\plugins\wp-amp\templates\parts\sort_block.php 37 70429
2022-08-29 13:15:31 8 Undefined variable: orderby D:\Ampps\www\OVANIC\wp-content\plugins\wp-amp\templates\parts\sort_block.php 37 70429
2022-08-29 13:15:31 8 Undefined variable: orderby D:\Ampps\www\OVANIC\wp-content\plugins\wp-amp\templates\parts\sort_block.php 37 70429
2022-08-29 13:15:35 8 Undefined variable: orderby D:\Ampps\www\OVANIC\wp-content\plugins\wp-amp\templates\parts\sort_block.php 37 70429
2022-08-29 13:15:35 8 Undefined variable: orderby D:\Ampps\www\OVANIC\wp-content\plugins\wp-amp\templates\parts\sort_block.php 37 70429
2022-08-29 13:15:35 8 Undefined variable: orderby D:\Ampps\www\OVANIC\wp-content\plugins\wp-amp\templates\parts\sort_block.php 37 70429
2022-08-29 13:15:35 8 Undefined variable: orderby D:\Ampps\www\OVANIC\wp-content\plugins\wp-amp\templates\parts\sort_block.php 37 70429
2022-08-29 13:15:35 8 Undefined variable: orderby D:\Ampps\www\OVANIC\wp-content\plugins\wp-amp\templates\parts\sort_block.php 37 70429
2022-08-29 13:15:35 8 Undefined variable: orderby D:\Ampps\www\OVANIC\wp-content\plugins\wp-amp\templates\parts\sort_block.php 37 70429
2022-08-29 13:15:39 8 Undefined variable: orderby D:\Ampps\www\OVANIC\wp-content\plugins\wp-amp\templates\parts\sort_block.php 37 70429
2022-08-29 13:15:39 8 Undefined variable: orderby D:\Ampps\www\OVANIC\wp-content\plugins\wp-amp\templates\parts\sort_block.php 37 70429
2022-08-29 13:15:39 8 Undefined variable: orderby D:\Ampps\www\OVANIC\wp-content\plugins\wp-amp\templates\parts\sort_block.php 37 70429
2022-08-29 13:15:39 8 Undefined variable: orderby D:\Ampps\www\OVANIC\wp-content\plugins\wp-amp\templates\parts\sort_block.php 37 70429
2022-08-29 13:15:39 8 Undefined variable: orderby D:\Ampps\www\OVANIC\wp-content\plugins\wp-amp\templates\parts\sort_block.php 37 70429
2022-08-29 13:15:39 8 Undefined variable: orderby D:\Ampps\www\OVANIC\wp-content\plugins\wp-amp\templates\parts\sort_block.php 37 70429
2022-08-29 13:17:22 8 Undefined variable: orderby D:\Ampps\www\OVANIC\wp-content\themes\flatsome-child\wp-amp\parts\sort_block.php 37 70429
2022-08-29 13:17:22 8 Undefined variable: orderby D:\Ampps\www\OVANIC\wp-content\themes\flatsome-child\wp-amp\parts\sort_block.php 37 70429
2022-08-29 13:17:22 8 Undefined variable: orderby D:\Ampps\www\OVANIC\wp-content\themes\flatsome-child\wp-amp\parts\sort_block.php 37 70429
2022-08-29 13:17:22 8 Undefined variable: orderby D:\Ampps\www\OVANIC\wp-content\themes\flatsome-child\wp-amp\parts\sort_block.php 37 70429
2022-08-29 13:17:22 8 Undefined variable: orderby D:\Ampps\www\OVANIC\wp-content\themes\flatsome-child\wp-amp\parts\sort_block.php 37 70429
2022-08-29 13:17:22 8 Undefined variable: orderby D:\Ampps\www\OVANIC\wp-content\themes\flatsome-child\wp-amp\parts\sort_block.php 37 70429
2022-08-29 13:17:27 8 Undefined variable: orderby D:\Ampps\www\OVANIC\wp-content\themes\flatsome-child\wp-amp\parts\sort_block.php 37 70429
2022-08-29 13:17:27 8 Undefined variable: orderby D:\Ampps\www\OVANIC\wp-content\themes\flatsome-child\wp-amp\parts\sort_block.php 37 70429
2022-08-29 13:17:27 8 Undefined variable: orderby D:\Ampps\www\OVANIC\wp-content\themes\flatsome-child\wp-amp\parts\sort_block.php 37 70429
2022-08-29 13:17:27 8 Undefined variable: orderby D:\Ampps\www\OVANIC\wp-content\themes\flatsome-child\wp-amp\parts\sort_block.php 37 70429
2022-08-29 13:17:27 8 Undefined variable: orderby D:\Ampps\www\OVANIC\wp-content\themes\flatsome-child\wp-amp\parts\sort_block.php 37 70429
2022-08-29 13:17:27 8 Undefined variable: orderby D:\Ampps\www\OVANIC\wp-content\themes\flatsome-child\wp-amp\parts\sort_block.php 37 70429
2022-08-29 13:17:32 8 Undefined variable: orderby D:\Ampps\www\OVANIC\wp-content\themes\flatsome-child\wp-amp\parts\sort_block.php 37 70429
2022-08-29 13:17:32 8 Undefined variable: orderby D:\Ampps\www\OVANIC\wp-content\themes\flatsome-child\wp-amp\parts\sort_block.php 37 70429
2022-08-29 13:17:32 8 Undefined variable: orderby D:\Ampps\www\OVANIC\wp-content\themes\flatsome-child\wp-amp\parts\sort_block.php 37 70429
2022-08-29 13:17:32 8 Undefined variable: orderby D:\Ampps\www\OVANIC\wp-content\themes\flatsome-child\wp-amp\parts\sort_block.php 37 70429
2022-08-29 13:17:32 8 Undefined variable: orderby D:\Ampps\www\OVANIC\wp-content\themes\flatsome-child\wp-amp\parts\sort_block.php 37 70429
2022-08-29 13:17:32 8 Undefined variable: orderby D:\Ampps\www\OVANIC\wp-content\themes\flatsome-child\wp-amp\parts\sort_block.php 37 70429
2022-08-29 13:17:34 8 Undefined variable: orderby D:\Ampps\www\OVANIC\wp-content\themes\flatsome-child\wp-amp\parts\sort_block.php 37 70429
2022-08-29 13:17:34 8 Undefined variable: orderby D:\Ampps\www\OVANIC\wp-content\themes\flatsome-child\wp-amp\parts\sort_block.php 37 70429
2022-08-29 13:17:34 8 Undefined variable: orderby D:\Ampps\www\OVANIC\wp-content\themes\flatsome-child\wp-amp\parts\sort_block.php 37 70429
2022-08-29 13:17:34 8 Undefined variable: orderby D:\Ampps\www\OVANIC\wp-content\themes\flatsome-child\wp-amp\parts\sort_block.php 37 70429
2022-08-29 13:17:34 8 Undefined variable: orderby D:\Ampps\www\OVANIC\wp-content\themes\flatsome-child\wp-amp\parts\sort_block.php 37 70429
2022-08-29 13:17:34 8 Undefined variable: orderby D:\Ampps\www\OVANIC\wp-content\themes\flatsome-child\wp-amp\parts\sort_block.php 37 70429
2022-08-29 13:17:36 8 Undefined variable: orderby D:\Ampps\www\OVANIC\wp-content\themes\flatsome-child\wp-amp\parts\sort_block.php 37 70429
2022-08-29 13:17:36 8 Undefined variable: orderby D:\Ampps\www\OVANIC\wp-content\themes\flatsome-child\wp-amp\parts\sort_block.php 37 70429
2022-08-29 13:17:36 8 Undefined variable: orderby D:\Ampps\www\OVANIC\wp-content\themes\flatsome-child\wp-amp\parts\sort_block.php 37 70429
2022-08-29 13:17:36 8 Undefined variable: orderby D:\Ampps\www\OVANIC\wp-content\themes\flatsome-child\wp-amp\parts\sort_block.php 37 70429
2022-08-29 13:17:36 8 Undefined variable: orderby D:\Ampps\www\OVANIC\wp-content\themes\flatsome-child\wp-amp\parts\sort_block.php 37 70429
2022-08-29 13:17:36 8 Undefined variable: orderby D:\Ampps\www\OVANIC\wp-content\themes\flatsome-child\wp-amp\parts\sort_block.php 37 70429
2022-08-31 15:23:26 8 Undefined variable: orderby D:\Ampps\www\OVANIC\wp-content\themes\flatsome-child\wp-amp\parts\sort_block.php 37 70429
2022-08-31 15:23:26 8 Undefined variable: orderby D:\Ampps\www\OVANIC\wp-content\themes\flatsome-child\wp-amp\parts\sort_block.php 37 70429
2022-08-31 15:23:26 8 Undefined variable: orderby D:\Ampps\www\OVANIC\wp-content\themes\flatsome-child\wp-amp\parts\sort_block.php 37 70429
2022-08-31 15:23:26 8 Undefined variable: orderby D:\Ampps\www\OVANIC\wp-content\themes\flatsome-child\wp-amp\parts\sort_block.php 37 70429
2022-08-31 15:23:26 8 Undefined variable: orderby D:\Ampps\www\OVANIC\wp-content\themes\flatsome-child\wp-amp\parts\sort_block.php 37 70429
2022-08-31 15:23:26 8 Undefined variable: orderby D:\Ampps\www\OVANIC\wp-content\themes\flatsome-child\wp-amp\parts\sort_block.php 37 70429
2022-08-31 15:23:34 8 Undefined variable: orderby D:\Ampps\www\OVANIC\wp-content\themes\flatsome-child\wp-amp\parts\sort_block.php 37 70429
2022-08-31 15:23:34 8 Undefined variable: orderby D:\Ampps\www\OVANIC\wp-content\themes\flatsome-child\wp-amp\parts\sort_block.php 37 70429
2022-08-31 15:23:34 8 Undefined variable: orderby D:\Ampps\www\OVANIC\wp-content\themes\flatsome-child\wp-amp\parts\sort_block.php 37 70429
2022-08-31 15:23:34 8 Undefined variable: orderby D:\Ampps\www\OVANIC\wp-content\themes\flatsome-child\wp-amp\parts\sort_block.php 37 70429
2022-08-31 15:23:34 8 Undefined variable: orderby D:\Ampps\www\OVANIC\wp-content\themes\flatsome-child\wp-amp\parts\sort_block.php 37 70429
2022-08-31 15:23:34 8 Undefined variable: orderby D:\Ampps\www\OVANIC\wp-content\themes\flatsome-child\wp-amp\parts\sort_block.php 37 70429
2022-08-31 15:23:39 8 Undefined variable: orderby D:\Ampps\www\OVANIC\wp-content\themes\flatsome-child\wp-amp\parts\sort_block.php 37 70429
2022-08-31 15:23:39 8 Undefined variable: orderby D:\Ampps\www\OVANIC\wp-content\themes\flatsome-child\wp-amp\parts\sort_block.php 37 70429
2022-08-31 15:23:39 8 Undefined variable: orderby D:\Ampps\www\OVANIC\wp-content\themes\flatsome-child\wp-amp\parts\sort_block.php 37 70429
2022-08-31 15:23:39 8 Undefined variable: orderby D:\Ampps\www\OVANIC\wp-content\themes\flatsome-child\wp-amp\parts\sort_block.php 37 70429
2022-08-31 15:23:39 8 Undefined variable: orderby D:\Ampps\www\OVANIC\wp-content\themes\flatsome-child\wp-amp\parts\sort_block.php 37 70429
2022-08-31 15:23:39 8 Undefined variable: orderby D:\Ampps\www\OVANIC\wp-content\themes\flatsome-child\wp-amp\parts\sort_block.php 37 70429
2022-08-31 15:23:56 8 Undefined variable: orderby D:\Ampps\www\OVANIC\wp-content\themes\flatsome-child\wp-amp\parts\sort_block.php 37 70429
2022-08-31 15:23:56 8 Undefined variable: orderby D:\Ampps\www\OVANIC\wp-content\themes\flatsome-child\wp-amp\parts\sort_block.php 37 70429
2022-08-31 15:23:56 8 Undefined variable: orderby D:\Ampps\www\OVANIC\wp-content\themes\flatsome-child\wp-amp\parts\sort_block.php 37 70429
2022-08-31 15:23:56 8 Undefined variable: orderby D:\Ampps\www\OVANIC\wp-content\themes\flatsome-child\wp-amp\parts\sort_block.php 37 70429
2022-08-31 15:23:56 8 Undefined variable: orderby D:\Ampps\www\OVANIC\wp-content\themes\flatsome-child\wp-amp\parts\sort_block.php 37 70429
2022-08-31 15:23:56 8 Undefined variable: orderby D:\Ampps\www\OVANIC\wp-content\themes\flatsome-child\wp-amp\parts\sort_block.php 37 70429
2022-08-31 15:24:02 8 Undefined variable: orderby D:\Ampps\www\OVANIC\wp-content\themes\flatsome-child\wp-amp\parts\sort_block.php 37 70429
2022-08-31 15:24:02 8 Undefined variable: orderby D:\Ampps\www\OVANIC\wp-content\themes\flatsome-child\wp-amp\parts\sort_block.php 37 70429
2022-08-31 15:24:02 8 Undefined variable: orderby D:\Ampps\www\OVANIC\wp-content\themes\flatsome-child\wp-amp\parts\sort_block.php 37 70429
2022-08-31 15:24:02 8 Undefined variable: orderby D:\Ampps\www\OVANIC\wp-content\themes\flatsome-child\wp-amp\parts\sort_block.php 37 70429
2022-08-31 15:24:02 8 Undefined variable: orderby D:\Ampps\www\OVANIC\wp-content\themes\flatsome-child\wp-amp\parts\sort_block.php 37 70429
2022-08-31 15:24:02 8 Undefined variable: orderby D:\Ampps\www\OVANIC\wp-content\themes\flatsome-child\wp-amp\parts\sort_block.php 37 70429
2022-08-31 15:24:14 8 Undefined variable: orderby D:\Ampps\www\OVANIC\wp-content\themes\flatsome-child\wp-amp\parts\sort_block.php 37 70429
2022-08-31 15:24:14 8 Undefined variable: orderby D:\Ampps\www\OVANIC\wp-content\themes\flatsome-child\wp-amp\parts\sort_block.php 37 70429
2022-08-31 15:24:14 8 Undefined variable: orderby D:\Ampps\www\OVANIC\wp-content\themes\flatsome-child\wp-amp\parts\sort_block.php 37 70429
2022-08-31 15:24:14 8 Undefined variable: orderby D:\Ampps\www\OVANIC\wp-content\themes\flatsome-child\wp-amp\parts\sort_block.php 37 70429
2022-08-31 15:24:14 8 Undefined variable: orderby D:\Ampps\www\OVANIC\wp-content\themes\flatsome-child\wp-amp\parts\sort_block.php 37 70429
2022-08-31 15:24:14 8 Undefined variable: orderby D:\Ampps\www\OVANIC\wp-content\themes\flatsome-child\wp-amp\parts\sort_block.php 37 70429
2022-08-31 15:24:20 8 Undefined variable: orderby D:\Ampps\www\OVANIC\wp-content\themes\flatsome-child\wp-amp\parts\sort_block.php 37 70429
2022-08-31 15:24:20 8 Undefined variable: orderby D:\Ampps\www\OVANIC\wp-content\themes\flatsome-child\wp-amp\parts\sort_block.php 37 70429
2022-08-31 15:24:20 8 Undefined variable: orderby D:\Ampps\www\OVANIC\wp-content\themes\flatsome-child\wp-amp\parts\sort_block.php 37 70429
2022-08-31 15:24:20 8 Undefined variable: orderby D:\Ampps\www\OVANIC\wp-content\themes\flatsome-child\wp-amp\parts\sort_block.php 37 70429
2022-08-31 15:24:20 8 Undefined variable: orderby D:\Ampps\www\OVANIC\wp-content\themes\flatsome-child\wp-amp\parts\sort_block.php 37 70429
2022-08-31 15:24:20 8 Undefined variable: orderby D:\Ampps\www\OVANIC\wp-content\themes\flatsome-child\wp-amp\parts\sort_block.php 37 70429
2022-08-31 15:24:45 8 Undefined variable: orderby D:\Ampps\www\OVANIC\wp-content\themes\flatsome-child\wp-amp\parts\sort_block.php 37 70429
2022-08-31 15:24:45 8 Undefined variable: orderby D:\Ampps\www\OVANIC\wp-content\themes\flatsome-child\wp-amp\parts\sort_block.php 37 70429
2022-08-31 15:24:45 8 Undefined variable: orderby D:\Ampps\www\OVANIC\wp-content\themes\flatsome-child\wp-amp\parts\sort_block.php 37 70429
2022-08-31 15:24:45 8 Undefined variable: orderby D:\Ampps\www\OVANIC\wp-content\themes\flatsome-child\wp-amp\parts\sort_block.php 37 70429
2022-08-31 15:24:45 8 Undefined variable: orderby D:\Ampps\www\OVANIC\wp-content\themes\flatsome-child\wp-amp\parts\sort_block.php 37 70429
2022-08-31 15:24:45 8 Undefined variable: orderby D:\Ampps\www\OVANIC\wp-content\themes\flatsome-child\wp-amp\parts\sort_block.php 37 70429
2022-08-31 15:30:00 8 Undefined variable: orderby D:\Ampps\www\OVANIC\wp-content\themes\flatsome-child\wp-amp\parts\sort_block.php 41 70429
2022-08-31 15:30:00 8 Undefined variable: orderby D:\Ampps\www\OVANIC\wp-content\themes\flatsome-child\wp-amp\parts\sort_block.php 41 70429
2022-08-31 15:30:00 8 Undefined variable: orderby D:\Ampps\www\OVANIC\wp-content\themes\flatsome-child\wp-amp\parts\sort_block.php 41 70429
2022-08-31 15:30:00 8 Undefined variable: orderby D:\Ampps\www\OVANIC\wp-content\themes\flatsome-child\wp-amp\parts\sort_block.php 41 70429
2022-08-31 15:30:00 8 Undefined variable: orderby D:\Ampps\www\OVANIC\wp-content\themes\flatsome-child\wp-amp\parts\sort_block.php 41 70429
2022-08-31 15:30:00 8 Undefined variable: orderby D:\Ampps\www\OVANIC\wp-content\themes\flatsome-child\wp-amp\parts\sort_block.php 41 70429
2022-08-31 15:38:23 8 Undefined variable: orderby D:\Ampps\www\OVANIC\wp-content\themes\flatsome-child\wp-amp\parts\sort_block.php 41 70429
2022-08-31 15:38:23 8 Undefined variable: orderby D:\Ampps\www\OVANIC\wp-content\themes\flatsome-child\wp-amp\parts\sort_block.php 41 70429
2022-08-31 15:38:23 8 Undefined variable: orderby D:\Ampps\www\OVANIC\wp-content\themes\flatsome-child\wp-amp\parts\sort_block.php 41 70429
2022-08-31 15:38:23 8 Undefined variable: orderby D:\Ampps\www\OVANIC\wp-content\themes\flatsome-child\wp-amp\parts\sort_block.php 41 70429
2022-08-31 15:38:23 8 Undefined variable: orderby D:\Ampps\www\OVANIC\wp-content\themes\flatsome-child\wp-amp\parts\sort_block.php 41 70429
2022-08-31 15:38:23 8 Undefined variable: orderby D:\Ampps\www\OVANIC\wp-content\themes\flatsome-child\wp-amp\parts\sort_block.php 41 70429
2022-08-31 15:38:26 16384 Function WC_Cart::get_checkout_url is <strong>deprecated</strong> since version 2.5! Use wc_get_checkout_url instead. D:\Ampps\www\OVANIC\wp-includes\functions.php 5379 70429
2022-08-31 15:38:27 16384 Function WC_Product::list_attributes is <strong>deprecated</strong> since version 3.0! Use wc_display_product_attributes instead. D:\Ampps\www\OVANIC\wp-includes\functions.php 5379 70429
2022-08-31 15:38:28 8 Undefined variable: orderby D:\Ampps\www\OVANIC\wp-content\themes\flatsome-child\wp-amp\parts\sort_block.php 41 70429
2022-08-31 15:38:28 8 Undefined variable: orderby D:\Ampps\www\OVANIC\wp-content\themes\flatsome-child\wp-amp\parts\sort_block.php 41 70429
2022-08-31 15:38:28 8 Undefined variable: orderby D:\Ampps\www\OVANIC\wp-content\themes\flatsome-child\wp-amp\parts\sort_block.php 41 70429
2022-08-31 15:38:28 8 Undefined variable: orderby D:\Ampps\www\OVANIC\wp-content\themes\flatsome-child\wp-amp\parts\sort_block.php 41 70429
2022-08-31 15:38:28 8 Undefined variable: orderby D:\Ampps\www\OVANIC\wp-content\themes\flatsome-child\wp-amp\parts\sort_block.php 41 70429
2022-08-31 15:38:28 8 Undefined variable: orderby D:\Ampps\www\OVANIC\wp-content\themes\flatsome-child\wp-amp\parts\sort_block.php 41 70429
2022-08-31 15:38:31 16384 Function WC_Cart::get_checkout_url is <strong>deprecated</strong> since version 2.5! Use wc_get_checkout_url instead. D:\Ampps\www\OVANIC\wp-includes\functions.php 5379 70429
2022-08-31 15:38:31 16384 Function WC_Product::list_attributes is <strong>deprecated</strong> since version 3.0! Use wc_display_product_attributes instead. D:\Ampps\www\OVANIC\wp-includes\functions.php 5379 70429
2022-08-31 15:38:32 8 Undefined variable: orderby D:\Ampps\www\OVANIC\wp-content\themes\flatsome-child\wp-amp\parts\sort_block.php 41 70429
2022-08-31 15:38:32 8 Undefined variable: orderby D:\Ampps\www\OVANIC\wp-content\themes\flatsome-child\wp-amp\parts\sort_block.php 41 70429
2022-08-31 15:38:32 8 Undefined variable: orderby D:\Ampps\www\OVANIC\wp-content\themes\flatsome-child\wp-amp\parts\sort_block.php 41 70429
2022-08-31 15:38:32 8 Undefined variable: orderby D:\Ampps\www\OVANIC\wp-content\themes\flatsome-child\wp-amp\parts\sort_block.php 41 70429
2022-08-31 15:38:32 8 Undefined variable: orderby D:\Ampps\www\OVANIC\wp-content\themes\flatsome-child\wp-amp\parts\sort_block.php 41 70429
2022-08-31 15:38:32 8 Undefined variable: orderby D:\Ampps\www\OVANIC\wp-content\themes\flatsome-child\wp-amp\parts\sort_block.php 41 70429
2022-08-31 15:38:36 16384 Function WC_Cart::get_checkout_url is <strong>deprecated</strong> since version 2.5! Use wc_get_checkout_url instead. D:\Ampps\www\OVANIC\wp-includes\functions.php 5379 70429
2022-08-31 15:38:36 16384 Function WC_Product::list_attributes is <strong>deprecated</strong> since version 3.0! Use wc_display_product_attributes instead. D:\Ampps\www\OVANIC\wp-includes\functions.php 5379 70429
2022-08-31 15:38:40 16384 Function WC_Cart::get_checkout_url is <strong>deprecated</strong> since version 2.5! Use wc_get_checkout_url instead. D:\Ampps\www\OVANIC\wp-includes\functions.php 5379 70429
2022-08-31 15:38:40 16384 Function WC_Product::list_attributes is <strong>deprecated</strong> since version 3.0! Use wc_display_product_attributes instead. D:\Ampps\www\OVANIC\wp-includes\functions.php 5379 70429
2022-08-31 15:38:44 16384 Function WC_Cart::get_checkout_url is <strong>deprecated</strong> since version 2.5! Use wc_get_checkout_url instead. D:\Ampps\www\OVANIC\wp-includes\functions.php 5379 70429
2022-08-31 15:38:44 16384 Function WC_Product::list_attributes is <strong>deprecated</strong> since version 3.0! Use wc_display_product_attributes instead. D:\Ampps\www\OVANIC\wp-includes\functions.php 5379 70429
2022-08-31 15:38:48 16384 Function WC_Cart::get_checkout_url is <strong>deprecated</strong> since version 2.5! Use wc_get_checkout_url instead. D:\Ampps\www\OVANIC\wp-includes\functions.php 5379 70429
2022-08-31 15:38:48 16384 Function WC_Product::list_attributes is <strong>deprecated</strong> since version 3.0! Use wc_display_product_attributes instead. D:\Ampps\www\OVANIC\wp-includes\functions.php 5379 70429
2022-08-31 15:38:51 16384 Function WC_Cart::get_checkout_url is <strong>deprecated</strong> since version 2.5! Use wc_get_checkout_url instead. D:\Ampps\www\OVANIC\wp-includes\functions.php 5379 70429
2022-08-31 15:38:51 16384 Function WC_Product::list_attributes is <strong>deprecated</strong> since version 3.0! Use wc_display_product_attributes instead. D:\Ampps\www\OVANIC\wp-includes\functions.php 5379 70429
2022-08-31 15:39:13 16384 Function WC_Cart::get_checkout_url is <strong>deprecated</strong> since version 2.5! Use wc_get_checkout_url instead. D:\Ampps\www\OVANIC\wp-includes\functions.php 5379 70429
2022-08-31 15:39:13 16384 Function WC_Product::list_attributes is <strong>deprecated</strong> since version 3.0! Use wc_display_product_attributes instead. D:\Ampps\www\OVANIC\wp-includes\functions.php 5379 70429
2022-08-31 15:39:16 16384 Function WC_Cart::get_checkout_url is <strong>deprecated</strong> since version 2.5! Use wc_get_checkout_url instead. D:\Ampps\www\OVANIC\wp-includes\functions.php 5379 70429
2022-08-31 15:39:16 16384 Function WC_Product::list_attributes is <strong>deprecated</strong> since version 3.0! Use wc_display_product_attributes instead. D:\Ampps\www\OVANIC\wp-includes\functions.php 5379 70429
2022-08-31 15:39:19 16384 Function WC_Cart::get_checkout_url is <strong>deprecated</strong> since version 2.5! Use wc_get_checkout_url instead. D:\Ampps\www\OVANIC\wp-includes\functions.php 5379 70429
2022-08-31 15:39:19 16384 Function WC_Product::list_attributes is <strong>deprecated</strong> since version 3.0! Use wc_display_product_attributes instead. D:\Ampps\www\OVANIC\wp-includes\functions.php 5379 70429
2022-08-31 15:39:23 16384 Function WC_Cart::get_checkout_url is <strong>deprecated</strong> since version 2.5! Use wc_get_checkout_url instead. D:\Ampps\www\OVANIC\wp-includes\functions.php 5379 70429
2022-08-31 15:39:23 16384 Function WC_Product::list_attributes is <strong>deprecated</strong> since version 3.0! Use wc_display_product_attributes instead. D:\Ampps\www\OVANIC\wp-includes\functions.php 5379 70429
2022-08-31 15:39:26 16384 Function WC_Cart::get_checkout_url is <strong>deprecated</strong> since version 2.5! Use wc_get_checkout_url instead. D:\Ampps\www\OVANIC\wp-includes\functions.php 5379 70429
2022-08-31 15:39:26 16384 Function WC_Product::list_attributes is <strong>deprecated</strong> since version 3.0! Use wc_display_product_attributes instead. D:\Ampps\www\OVANIC\wp-includes\functions.php 5379 70429
2022-08-31 15:39:58 16384 Function WC_Cart::get_checkout_url is <strong>deprecated</strong> since version 2.5! Use wc_get_checkout_url instead. D:\Ampps\www\OVANIC\wp-includes\functions.php 5379 70429
2022-08-31 15:39:58 16384 Function WC_Product::list_attributes is <strong>deprecated</strong> since version 3.0! Use wc_display_product_attributes instead. D:\Ampps\www\OVANIC\wp-includes\functions.php 5379 70429
2022-08-31 15:40:02 16384 Function WC_Cart::get_checkout_url is <strong>deprecated</strong> since version 2.5! Use wc_get_checkout_url instead. D:\Ampps\www\OVANIC\wp-includes\functions.php 5379 70429
2022-08-31 15:40:02 16384 Function WC_Product::list_attributes is <strong>deprecated</strong> since version 3.0! Use wc_display_product_attributes instead. D:\Ampps\www\OVANIC\wp-includes\functions.php 5379 70429
2022-08-31 15:40:07 16384 Function WC_Cart::get_checkout_url is <strong>deprecated</strong> since version 2.5! Use wc_get_checkout_url instead. D:\Ampps\www\OVANIC\wp-includes\functions.php 5379 70429
2022-08-31 15:40:07 16384 Function WC_Product::list_attributes is <strong>deprecated</strong> since version 3.0! Use wc_display_product_attributes instead. D:\Ampps\www\OVANIC\wp-includes\functions.php 5379 70429
2022-08-31 15:40:10 16384 Function WC_Cart::get_checkout_url is <strong>deprecated</strong> since version 2.5! Use wc_get_checkout_url instead. D:\Ampps\www\OVANIC\wp-includes\functions.php 5379 70429
2022-08-31 15:40:10 16384 Function WC_Product::list_attributes is <strong>deprecated</strong> since version 3.0! Use wc_display_product_attributes instead. D:\Ampps\www\OVANIC\wp-includes\functions.php 5379 70429
2022-08-31 15:40:36 16384 Function WC_Cart::get_checkout_url is <strong>deprecated</strong> since version 2.5! Use wc_get_checkout_url instead. D:\Ampps\www\OVANIC\wp-includes\functions.php 5379 70429
2022-08-31 15:40:36 16384 Function WC_Product::list_attributes is <strong>deprecated</strong> since version 3.0! Use wc_display_product_attributes instead. D:\Ampps\www\OVANIC\wp-includes\functions.php 5379 70429
2022-08-31 15:40:41 16384 Function WC_Cart::get_checkout_url is <strong>deprecated</strong> since version 2.5! Use wc_get_checkout_url instead. D:\Ampps\www\OVANIC\wp-includes\functions.php 5379 70429
2022-08-31 15:40:41 16384 Function WC_Product::list_attributes is <strong>deprecated</strong> since version 3.0! Use wc_display_product_attributes instead. D:\Ampps\www\OVANIC\wp-includes\functions.php 5379 70429
2022-08-31 15:40:45 16384 Function WC_Cart::get_checkout_url is <strong>deprecated</strong> since version 2.5! Use wc_get_checkout_url instead. D:\Ampps\www\OVANIC\wp-includes\functions.php 5379 70429
2022-08-31 15:40:45 16384 Function WC_Product::list_attributes is <strong>deprecated</strong> since version 3.0! Use wc_display_product_attributes instead. D:\Ampps\www\OVANIC\wp-includes\functions.php 5379 70429
2022-08-31 15:41:13 16384 Function WC_Cart::get_checkout_url is <strong>deprecated</strong> since version 2.5! Use wc_get_checkout_url instead. D:\Ampps\www\OVANIC\wp-includes\functions.php 5379 70429
2022-08-31 15:41:14 16384 Function WC_Product::list_attributes is <strong>deprecated</strong> since version 3.0! Use wc_display_product_attributes instead. D:\Ampps\www\OVANIC\wp-includes\functions.php 5379 70429
2022-08-31 15:41:17 16384 Function WC_Cart::get_checkout_url is <strong>deprecated</strong> since version 2.5! Use wc_get_checkout_url instead. D:\Ampps\www\OVANIC\wp-includes\functions.php 5379 70429
2022-08-31 15:41:17 16384 Function WC_Product::list_attributes is <strong>deprecated</strong> since version 3.0! Use wc_display_product_attributes instead. D:\Ampps\www\OVANIC\wp-includes\functions.php 5379 70429
2022-08-31 15:41:21 16384 Function WC_Cart::get_checkout_url is <strong>deprecated</strong> since version 2.5! Use wc_get_checkout_url instead. D:\Ampps\www\OVANIC\wp-includes\functions.php 5379 70429
2022-08-31 15:41:21 16384 Function WC_Product::list_attributes is <strong>deprecated</strong> since version 3.0! Use wc_display_product_attributes instead. D:\Ampps\www\OVANIC\wp-includes\functions.php 5379 70429
2022-08-31 15:41:27 16384 Function WC_Cart::get_checkout_url is <strong>deprecated</strong> since version 2.5! Use wc_get_checkout_url instead. D:\Ampps\www\OVANIC\wp-includes\functions.php 5379 70429
2022-08-31 15:41:27 16384 Function WC_Product::list_attributes is <strong>deprecated</strong> since version 3.0! Use wc_display_product_attributes instead. D:\Ampps\www\OVANIC\wp-includes\functions.php 5379 70429
2022-08-31 15:42:24 16384 Function WC_Cart::get_checkout_url is <strong>deprecated</strong> since version 2.5! Use wc_get_checkout_url instead. D:\Ampps\www\OVANIC\wp-includes\functions.php 5379 70429
2022-08-31 15:42:24 16384 Function WC_Product::list_attributes is <strong>deprecated</strong> since version 3.0! Use wc_display_product_attributes instead. D:\Ampps\www\OVANIC\wp-includes\functions.php 5379 70429
2022-08-31 15:45:13 16384 Function WC_Cart::get_checkout_url is <strong>deprecated</strong> since version 2.5! Use wc_get_checkout_url instead. D:\Ampps\www\OVANIC\wp-includes\functions.php 5379 70429
2022-08-31 15:45:13 16384 Function WC_Product::list_attributes is <strong>deprecated</strong> since version 3.0! Use wc_display_product_attributes instead. D:\Ampps\www\OVANIC\wp-includes\functions.php 5379 70429
2022-08-31 15:45:18 16384 Function WC_Cart::get_checkout_url is <strong>deprecated</strong> since version 2.5! Use wc_get_checkout_url instead. D:\Ampps\www\OVANIC\wp-includes\functions.php 5379 70429
2022-08-31 15:45:18 16384 Function WC_Product::list_attributes is <strong>deprecated</strong> since version 3.0! Use wc_display_product_attributes instead. D:\Ampps\www\OVANIC\wp-includes\functions.php 5379 70429
2022-08-31 15:45:22 16384 Function WC_Cart::get_checkout_url is <strong>deprecated</strong> since version 2.5! Use wc_get_checkout_url instead. D:\Ampps\www\OVANIC\wp-includes\functions.php 5379 70429
2022-08-31 15:45:22 16384 Function WC_Product::list_attributes is <strong>deprecated</strong> since version 3.0! Use wc_display_product_attributes instead. D:\Ampps\www\OVANIC\wp-includes\functions.php 5379 70429
2022-08-31 15:45:27 16384 Function WC_Cart::get_checkout_url is <strong>deprecated</strong> since version 2.5! Use wc_get_checkout_url instead. D:\Ampps\www\OVANIC\wp-includes\functions.php 5379 70429
2022-08-31 15:45:27 16384 Function WC_Product::list_attributes is <strong>deprecated</strong> since version 3.0! Use wc_display_product_attributes instead. D:\Ampps\www\OVANIC\wp-includes\functions.php 5379 70429
2022-08-31 15:45:33 16384 Function WC_Cart::get_checkout_url is <strong>deprecated</strong> since version 2.5! Use wc_get_checkout_url instead. D:\Ampps\www\OVANIC\wp-includes\functions.php 5379 70429
2022-08-31 15:45:33 16384 Function WC_Product::list_attributes is <strong>deprecated</strong> since version 3.0! Use wc_display_product_attributes instead. D:\Ampps\www\OVANIC\wp-includes\functions.php 5379 70429
2022-08-31 15:48:12 16384 Function WC_Cart::get_checkout_url is <strong>deprecated</strong> since version 2.5! Use wc_get_checkout_url instead. D:\Ampps\www\OVANIC\wp-includes\functions.php 5379 70429
2022-08-31 15:48:26 16384 Function WC_Cart::get_checkout_url is <strong>deprecated</strong> since version 2.5! Use wc_get_checkout_url instead. D:\Ampps\www\OVANIC\wp-includes\functions.php 5379 70429
2022-08-31 15:48:26 16384 Function WC_Product::list_attributes is <strong>deprecated</strong> since version 3.0! Use wc_display_product_attributes instead. D:\Ampps\www\OVANIC\wp-includes\functions.php 5379 70429
2022-08-31 15:48:32 16384 Function WC_Cart::get_checkout_url is <strong>deprecated</strong> since version 2.5! Use wc_get_checkout_url instead. D:\Ampps\www\OVANIC\wp-includes\functions.php 5379 70429
2022-08-31 15:48:32 16384 Function WC_Product::list_attributes is <strong>deprecated</strong> since version 3.0! Use wc_display_product_attributes instead. D:\Ampps\www\OVANIC\wp-includes\functions.php 5379 70429
2022-08-31 15:48:36 16384 Function WC_Cart::get_checkout_url is <strong>deprecated</strong> since version 2.5! Use wc_get_checkout_url instead. D:\Ampps\www\OVANIC\wp-includes\functions.php 5379 70429
2022-08-31 15:48:36 16384 Function WC_Product::list_attributes is <strong>deprecated</strong> since version 3.0! Use wc_display_product_attributes instead. D:\Ampps\www\OVANIC\wp-includes\functions.php 5379 70429
2022-08-31 15:48:41 16384 Function WC_Cart::get_checkout_url is <strong>deprecated</strong> since version 2.5! Use wc_get_checkout_url instead. D:\Ampps\www\OVANIC\wp-includes\functions.php 5379 70429
2022-08-31 15:48:41 16384 Function WC_Product::list_attributes is <strong>deprecated</strong> since version 3.0! Use wc_display_product_attributes instead. D:\Ampps\www\OVANIC\wp-includes\functions.php 5379 70429
2022-08-31 15:48:46 16384 Function WC_Cart::get_checkout_url is <strong>deprecated</strong> since version 2.5! Use wc_get_checkout_url instead. D:\Ampps\www\OVANIC\wp-includes\functions.php 5379 70429
2022-08-31 15:48:46 16384 Function WC_Product::list_attributes is <strong>deprecated</strong> since version 3.0! Use wc_display_product_attributes instead. D:\Ampps\www\OVANIC\wp-includes\functions.php 5379 70429
2022-08-31 15:50:29 16384 Function WC_Cart::get_checkout_url is <strong>deprecated</strong> since version 2.5! Use wc_get_checkout_url instead. D:\Ampps\www\OVANIC\wp-includes\functions.php 5379 70429
1 Uncaught Error: Call to undefined function ampforwp_is_amp_endpoint() in D:\Ampps\www\OVANIC\wp-content\themes\flatsome-child\woocommerce\yith-wfbt-form.php:21
Stack trace:
#0 D:\Ampps\www\OVANIC\wp-content\plugins\woocommerce\includes\wc-core-functions.php(345): include()
#1 D:\Ampps\www\OVANIC\wp-content\plugins\yith-woocommerce-frequently-bought-together-premium\includes\class.yith-wfbt-frontend.php(419): wc_get_template()
#2 D:\Ampps\www\OVANIC\wp-includes\class-wp-hook.php(307): YITH_WFBT_Frontend->add_bought_together_form()
#3 D:\Ampps\www\OVANIC\wp-includes\class-wp-hook.php(331): WP_Hook->apply_filters()
#4 D:\Ampps\www\OVANIC\wp-includes\plugin.php(476): WP_Hook->do_action()
#5 D:\Ampps\www\OVANIC\wp-content\themes\flatsome-child\wp-amp\parts\product_add_to_cart_block.php(37): do_action()
#6 D:\Ampps\www\OVANIC\wp-content\plugins\wp-amp\includes\class-amphtml-template-abstract.php(75): include('D:\\Ampps\\www\\OV...')
#7 D:\Ampps\www\OVANIC\wp-content\plugins\wp-amp\templates\single-content.php(21):  D:\Ampps\www\OVANIC\wp-content\themes\flatsome-child\woocommerce\yith-wfbt-form.php 212022-08-31 15:50:29 2 Cannot modify header information - headers already sent by (output started at D:\Ampps\www\OVANIC\wp-includes\functions.php:5275) D:\Ampps\www\OVANIC\wp-includes\pluggable.php 1421 70429
2022-08-31 15:50:29 2 Cannot modify header information - headers already sent by (output started at D:\Ampps\www\OVANIC\wp-includes\functions.php:5275) D:\Ampps\www\OVANIC\wp-includes\pluggable.php 1424 70429
2022-08-31 15:50:56 16384 Function WC_Cart::get_checkout_url is <strong>deprecated</strong> since version 2.5! Use wc_get_checkout_url instead. D:\Ampps\www\OVANIC\wp-includes\functions.php 5379 70429
1 Uncaught Error: Call to undefined function ampforwp_is_amp_endpoint() in D:\Ampps\www\OVANIC\wp-content\themes\flatsome-child\woocommerce\yith-wfbt-form.php:21
Stack trace:
#0 D:\Ampps\www\OVANIC\wp-content\plugins\woocommerce\includes\wc-core-functions.php(345): include()
#1 D:\Ampps\www\OVANIC\wp-content\plugins\yith-woocommerce-frequently-bought-together-premium\includes\class.yith-wfbt-frontend.php(419): wc_get_template()
#2 D:\Ampps\www\OVANIC\wp-includes\class-wp-hook.php(307): YITH_WFBT_Frontend->add_bought_together_form()
#3 D:\Ampps\www\OVANIC\wp-includes\class-wp-hook.php(331): WP_Hook->apply_filters()
#4 D:\Ampps\www\OVANIC\wp-includes\plugin.php(476): WP_Hook->do_action()
#5 D:\Ampps\www\OVANIC\wp-content\themes\flatsome-child\wp-amp\parts\product_add_to_cart_block.php(37): do_action()
#6 D:\Ampps\www\OVANIC\wp-content\plugins\wp-amp\includes\class-amphtml-template-abstract.php(75): include('D:\\Ampps\\www\\OV...')
#7 D:\Ampps\www\OVANIC\wp-content\plugins\wp-amp\templates\single-content.php(21):  D:\Ampps\www\OVANIC\wp-content\themes\flatsome-child\woocommerce\yith-wfbt-form.php 212022-08-31 15:50:56 2 Cannot modify header information - headers already sent by (output started at D:\Ampps\www\OVANIC\wp-includes\functions.php:5275) D:\Ampps\www\OVANIC\wp-includes\pluggable.php 1421 70429
2022-08-31 15:50:56 2 Cannot modify header information - headers already sent by (output started at D:\Ampps\www\OVANIC\wp-includes\functions.php:5275) D:\Ampps\www\OVANIC\wp-includes\pluggable.php 1424 70429
2022-08-31 15:51:14 16384 Function WC_Cart::get_checkout_url is <strong>deprecated</strong> since version 2.5! Use wc_get_checkout_url instead. D:\Ampps\www\OVANIC\wp-includes\functions.php 5379 70429
2022-08-31 15:51:15 16384 Function WC_Product::list_attributes is <strong>deprecated</strong> since version 3.0! Use wc_display_product_attributes instead. D:\Ampps\www\OVANIC\wp-includes\functions.php 5379 70429
2022-08-31 15:51:18 16384 Function WC_Cart::get_checkout_url is <strong>deprecated</strong> since version 2.5! Use wc_get_checkout_url instead. D:\Ampps\www\OVANIC\wp-includes\functions.php 5379 70429
2022-08-31 15:51:18 16384 Function WC_Product::list_attributes is <strong>deprecated</strong> since version 3.0! Use wc_display_product_attributes instead. D:\Ampps\www\OVANIC\wp-includes\functions.php 5379 70429
2022-08-31 15:51:22 16384 Function WC_Cart::get_checkout_url is <strong>deprecated</strong> since version 2.5! Use wc_get_checkout_url instead. D:\Ampps\www\OVANIC\wp-includes\functions.php 5379 70429
2022-08-31 15:51:22 16384 Function WC_Product::list_attributes is <strong>deprecated</strong> since version 3.0! Use wc_display_product_attributes instead. D:\Ampps\www\OVANIC\wp-includes\functions.php 5379 70429
2022-08-31 15:51:24 16384 Function WC_Cart::get_checkout_url is <strong>deprecated</strong> since version 2.5! Use wc_get_checkout_url instead. D:\Ampps\www\OVANIC\wp-includes\functions.php 5379 70429
2022-08-31 15:51:24 16384 Function WC_Product::list_attributes is <strong>deprecated</strong> since version 3.0! Use wc_display_product_attributes instead. D:\Ampps\www\OVANIC\wp-includes\functions.php 5379 70429
2022-08-31 15:51:28 16384 Function WC_Cart::get_checkout_url is <strong>deprecated</strong> since version 2.5! Use wc_get_checkout_url instead. D:\Ampps\www\OVANIC\wp-includes\functions.php 5379 70429
2022-08-31 15:51:28 16384 Function WC_Product::list_attributes is <strong>deprecated</strong> since version 3.0! Use wc_display_product_attributes instead. D:\Ampps\www\OVANIC\wp-includes\functions.php 5379 70429
2022-08-31 15:51:33 16384 Function WC_Cart::get_checkout_url is <strong>deprecated</strong> since version 2.5! Use wc_get_checkout_url instead. D:\Ampps\www\OVANIC\wp-includes\functions.php 5379 70429
2022-08-31 15:51:33 16384 Function WC_Product::list_attributes is <strong>deprecated</strong> since version 3.0! Use wc_display_product_attributes instead. D:\Ampps\www\OVANIC\wp-includes\functions.php 5379 70429
2022-08-31 15:51:37 16384 Function WC_Cart::get_checkout_url is <strong>deprecated</strong> since version 2.5! Use wc_get_checkout_url instead. D:\Ampps\www\OVANIC\wp-includes\functions.php 5379 70429
2022-08-31 15:51:37 16384 Function WC_Product::list_attributes is <strong>deprecated</strong> since version 3.0! Use wc_display_product_attributes instead. D:\Ampps\www\OVANIC\wp-includes\functions.php 5379 70429
2022-08-31 15:53:49 16384 Function WC_Cart::get_checkout_url is <strong>deprecated</strong> since version 2.5! Use wc_get_checkout_url instead. D:\Ampps\www\OVANIC\wp-includes\functions.php 5379 70429
2022-08-31 15:53:49 16384 Function WC_Product::list_attributes is <strong>deprecated</strong> since version 3.0! Use wc_display_product_attributes instead. D:\Ampps\www\OVANIC\wp-includes\functions.php 5379 70429
2022-08-31 15:53:53 16384 Function WC_Cart::get_checkout_url is <strong>deprecated</strong> since version 2.5! Use wc_get_checkout_url instead. D:\Ampps\www\OVANIC\wp-includes\functions.php 5379 70429
2022-08-31 15:53:53 16384 Function WC_Product::list_attributes is <strong>deprecated</strong> since version 3.0! Use wc_display_product_attributes instead. D:\Ampps\www\OVANIC\wp-includes\functions.php 5379 70429
2022-08-31 15:53:57 16384 Function WC_Cart::get_checkout_url is <strong>deprecated</strong> since version 2.5! Use wc_get_checkout_url instead. D:\Ampps\www\OVANIC\wp-includes\functions.php 5379 70429
2022-08-31 15:53:57 16384 Function WC_Product::list_attributes is <strong>deprecated</strong> since version 3.0! Use wc_display_product_attributes instead. D:\Ampps\www\OVANIC\wp-includes\functions.php 5379 70429
2022-08-31 15:54:18 16384 Function WC_Cart::get_checkout_url is <strong>deprecated</strong> since version 2.5! Use wc_get_checkout_url instead. D:\Ampps\www\OVANIC\wp-includes\functions.php 5379 70429
2022-08-31 15:54:18 16384 Function WC_Product::list_attributes is <strong>deprecated</strong> since version 3.0! Use wc_display_product_attributes instead. D:\Ampps\www\OVANIC\wp-includes\functions.php 5379 70429
2022-08-31 15:54:22 16384 Function WC_Cart::get_checkout_url is <strong>deprecated</strong> since version 2.5! Use wc_get_checkout_url instead. D:\Ampps\www\OVANIC\wp-includes\functions.php 5379 70429
2022-08-31 15:54:22 16384 Function WC_Product::list_attributes is <strong>deprecated</strong> since version 3.0! Use wc_display_product_attributes instead. D:\Ampps\www\OVANIC\wp-includes\functions.php 5379 70429
2022-08-31 15:54:27 16384 Function WC_Cart::get_checkout_url is <strong>deprecated</strong> since version 2.5! Use wc_get_checkout_url instead. D:\Ampps\www\OVANIC\wp-includes\functions.php 5379 70429
2022-08-31 15:54:27 16384 Function WC_Product::list_attributes is <strong>deprecated</strong> since version 3.0! Use wc_display_product_attributes instead. D:\Ampps\www\OVANIC\wp-includes\functions.php 5379 70429
2022-08-31 15:54:32 16384 Function WC_Cart::get_checkout_url is <strong>deprecated</strong> since version 2.5! Use wc_get_checkout_url instead. D:\Ampps\www\OVANIC\wp-includes\functions.php 5379 70429
2022-08-31 15:54:32 16384 Function WC_Product::list_attributes is <strong>deprecated</strong> since version 3.0! Use wc_display_product_attributes instead. D:\Ampps\www\OVANIC\wp-includes\functions.php 5379 70429
2022-08-31 15:54:36 16384 Function WC_Cart::get_checkout_url is <strong>deprecated</strong> since version 2.5! Use wc_get_checkout_url instead. D:\Ampps\www\OVANIC\wp-includes\functions.php 5379 70429
2022-08-31 15:54:36 16384 Function WC_Product::list_attributes is <strong>deprecated</strong> since version 3.0! Use wc_display_product_attributes instead. D:\Ampps\www\OVANIC\wp-includes\functions.php 5379 70429
2022-08-31 15:59:44 16384 Function WC_Cart::get_checkout_url is <strong>deprecated</strong> since version 2.5! Use wc_get_checkout_url instead. D:\Ampps\www\OVANIC\wp-includes\functions.php 5379 70429
2022-08-31 15:59:44 16384 Function WC_Product::list_attributes is <strong>deprecated</strong> since version 3.0! Use wc_display_product_attributes instead. D:\Ampps\www\OVANIC\wp-includes\functions.php 5379 70429
2022-08-31 15:59:48 16384 Function WC_Cart::get_checkout_url is <strong>deprecated</strong> since version 2.5! Use wc_get_checkout_url instead. D:\Ampps\www\OVANIC\wp-includes\functions.php 5379 70429
2022-08-31 15:59:48 16384 Function WC_Product::list_attributes is <strong>deprecated</strong> since version 3.0! Use wc_display_product_attributes instead. D:\Ampps\www\OVANIC\wp-includes\functions.php 5379 70429
2022-08-31 15:59:52 16384 Function WC_Cart::get_checkout_url is <strong>deprecated</strong> since version 2.5! Use wc_get_checkout_url instead. D:\Ampps\www\OVANIC\wp-includes\functions.php 5379 70429
2022-08-31 15:59:52 16384 Function WC_Product::list_attributes is <strong>deprecated</strong> since version 3.0! Use wc_display_product_attributes instead. D:\Ampps\www\OVANIC\wp-includes\functions.php 5379 70429
2022-08-31 15:59:57 16384 Function WC_Cart::get_checkout_url is <strong>deprecated</strong> since version 2.5! Use wc_get_checkout_url instead. D:\Ampps\www\OVANIC\wp-includes\functions.php 5379 70429
2022-08-31 15:59:57 16384 Function WC_Product::list_attributes is <strong>deprecated</strong> since version 3.0! Use wc_display_product_attributes instead. D:\Ampps\www\OVANIC\wp-includes\functions.php 5379 70429
2022-08-31 16:00:02 16384 Function WC_Cart::get_checkout_url is <strong>deprecated</strong> since version 2.5! Use wc_get_checkout_url instead. D:\Ampps\www\OVANIC\wp-includes\functions.php 5379 70429
2022-08-31 16:00:02 16384 Function WC_Product::list_attributes is <strong>deprecated</strong> since version 3.0! Use wc_display_product_attributes instead. D:\Ampps\www\OVANIC\wp-includes\functions.php 5379 70429
2022-08-31 16:00:07 16384 Function WC_Cart::get_checkout_url is <strong>deprecated</strong> since version 2.5! Use wc_get_checkout_url instead. D:\Ampps\www\OVANIC\wp-includes\functions.php 5379 70429
2022-08-31 16:00:07 16384 Function WC_Product::list_attributes is <strong>deprecated</strong> since version 3.0! Use wc_display_product_attributes instead. D:\Ampps\www\OVANIC\wp-includes\functions.php 5379 70429
2022-08-31 16:03:44 16384 Function WC_Cart::get_checkout_url is <strong>deprecated</strong> since version 2.5! Use wc_get_checkout_url instead. D:\Ampps\www\OVANIC\wp-includes\functions.php 5379 70429
2022-08-31 16:03:44 16384 Function WC_Product::list_attributes is <strong>deprecated</strong> since version 3.0! Use wc_display_product_attributes instead. D:\Ampps\www\OVANIC\wp-includes\functions.php 5379 70429
2022-08-31 16:03:48 16384 Function WC_Cart::get_checkout_url is <strong>deprecated</strong> since version 2.5! Use wc_get_checkout_url instead. D:\Ampps\www\OVANIC\wp-includes\functions.php 5379 70429
2022-08-31 16:03:48 16384 Function WC_Product::list_attributes is <strong>deprecated</strong> since version 3.0! Use wc_display_product_attributes instead. D:\Ampps\www\OVANIC\wp-includes\functions.php 5379 70429
2022-08-31 16:03:52 16384 Function WC_Cart::get_checkout_url is <strong>deprecated</strong> since version 2.5! Use wc_get_checkout_url instead. D:\Ampps\www\OVANIC\wp-includes\functions.php 5379 70429
2022-08-31 16:03:52 16384 Function WC_Product::list_attributes is <strong>deprecated</strong> since version 3.0! Use wc_display_product_attributes instead. D:\Ampps\www\OVANIC\wp-includes\functions.php 5379 70429
2022-08-31 16:06:07 16384 Function WC_Cart::get_checkout_url is <strong>deprecated</strong> since version 2.5! Use wc_get_checkout_url instead. D:\Ampps\www\OVANIC\wp-includes\functions.php 5379 70429
1 Uncaught Error: Call to undefined function amp_is_rquest() in D:\Ampps\www\OVANIC\wp-content\themes\flatsome-child\woocommerce\yith-wfbt-form.php:21
Stack trace:
#0 D:\Ampps\www\OVANIC\wp-content\plugins\woocommerce\includes\wc-core-functions.php(345): include()
#1 D:\Ampps\www\OVANIC\wp-content\plugins\yith-woocommerce-frequently-bought-together-premium\includes\class.yith-wfbt-frontend.php(419): wc_get_template()
#2 D:\Ampps\www\OVANIC\wp-includes\class-wp-hook.php(307): YITH_WFBT_Frontend->add_bought_together_form()
#3 D:\Ampps\www\OVANIC\wp-includes\class-wp-hook.php(331): WP_Hook->apply_filters()
#4 D:\Ampps\www\OVANIC\wp-includes\plugin.php(476): WP_Hook->do_action()
#5 D:\Ampps\www\OVANIC\wp-content\themes\flatsome-child\wp-amp\parts\product_add_to_cart_block.php(37): do_action()
#6 D:\Ampps\www\OVANIC\wp-content\plugins\wp-amp\includes\class-amphtml-template-abstract.php(75): include('D:\\Ampps\\www\\OV...')
#7 D:\Ampps\www\OVANIC\wp-content\plugins\wp-amp\templates\single-content.php(21): AMPHTML_Tem D:\Ampps\www\OVANIC\wp-content\themes\flatsome-child\woocommerce\yith-wfbt-form.php 212022-08-31 16:06:07 2 Cannot modify header information - headers already sent by (output started at D:\Ampps\www\OVANIC\wp-includes\functions.php:5275) D:\Ampps\www\OVANIC\wp-includes\pluggable.php 1421 70429
2022-08-31 16:06:07 2 Cannot modify header information - headers already sent by (output started at D:\Ampps\www\OVANIC\wp-includes\functions.php:5275) D:\Ampps\www\OVANIC\wp-includes\pluggable.php 1424 70429
2022-08-31 16:07:05 16384 Function WC_Cart::get_checkout_url is <strong>deprecated</strong> since version 2.5! Use wc_get_checkout_url instead. D:\Ampps\www\OVANIC\wp-includes\functions.php 5379 70429
1 Uncaught Error: Call to undefined function is_amp_endpoint() in D:\Ampps\www\OVANIC\wp-content\themes\flatsome-child\woocommerce\yith-wfbt-form.php:21
Stack trace:
#0 D:\Ampps\www\OVANIC\wp-content\plugins\woocommerce\includes\wc-core-functions.php(345): include()
#1 D:\Ampps\www\OVANIC\wp-content\plugins\yith-woocommerce-frequently-bought-together-premium\includes\class.yith-wfbt-frontend.php(419): wc_get_template()
#2 D:\Ampps\www\OVANIC\wp-includes\class-wp-hook.php(307): YITH_WFBT_Frontend->add_bought_together_form()
#3 D:\Ampps\www\OVANIC\wp-includes\class-wp-hook.php(331): WP_Hook->apply_filters()
#4 D:\Ampps\www\OVANIC\wp-includes\plugin.php(476): WP_Hook->do_action()
#5 D:\Ampps\www\OVANIC\wp-content\themes\flatsome-child\wp-amp\parts\product_add_to_cart_block.php(37): do_action()
#6 D:\Ampps\www\OVANIC\wp-content\plugins\wp-amp\includes\class-amphtml-template-abstract.php(75): include('D:\\Ampps\\www\\OV...')
#7 D:\Ampps\www\OVANIC\wp-content\plugins\wp-amp\templates\single-content.php(21): AMPHTML_T D:\Ampps\www\OVANIC\wp-content\themes\flatsome-child\woocommerce\yith-wfbt-form.php 212022-08-31 16:07:05 2 Cannot modify header information - headers already sent by (output started at D:\Ampps\www\OVANIC\wp-includes\functions.php:5275) D:\Ampps\www\OVANIC\wp-includes\pluggable.php 1421 70429
2022-08-31 16:07:05 2 Cannot modify header information - headers already sent by (output started at D:\Ampps\www\OVANIC\wp-includes\functions.php:5275) D:\Ampps\www\OVANIC\wp-includes\pluggable.php 1424 70429
2022-08-31 16:26:03 16384 Function WC_Cart::get_checkout_url is <strong>deprecated</strong> since version 2.5! Use wc_get_checkout_url instead. D:\Ampps\www\OVANIC\wp-includes\functions.php 5379 70429
2022-08-31 16:26:03 16384 Function WC_Product::list_attributes is <strong>deprecated</strong> since version 3.0! Use wc_display_product_attributes instead. D:\Ampps\www\OVANIC\wp-includes\functions.php 5379 70429
2022-08-31 16:26:07 16384 Function WC_Cart::get_checkout_url is <strong>deprecated</strong> since version 2.5! Use wc_get_checkout_url instead. D:\Ampps\www\OVANIC\wp-includes\functions.php 5379 70429
2022-08-31 16:26:07 16384 Function WC_Product::list_attributes is <strong>deprecated</strong> since version 3.0! Use wc_display_product_attributes instead. D:\Ampps\www\OVANIC\wp-includes\functions.php 5379 70429
2022-08-31 16:26:10 16384 Function WC_Cart::get_checkout_url is <strong>deprecated</strong> since version 2.5! Use wc_get_checkout_url instead. D:\Ampps\www\OVANIC\wp-includes\functions.php 5379 70429
2022-08-31 16:26:10 16384 Function WC_Product::list_attributes is <strong>deprecated</strong> since version 3.0! Use wc_display_product_attributes instead. D:\Ampps\www\OVANIC\wp-includes\functions.php 5379 70429
2022-08-31 16:26:16 16384 Function WC_Cart::get_checkout_url is <strong>deprecated</strong> since version 2.5! Use wc_get_checkout_url instead. D:\Ampps\www\OVANIC\wp-includes\functions.php 5379 70429
2022-08-31 16:26:17 16384 Function WC_Product::list_attributes is <strong>deprecated</strong> since version 3.0! Use wc_display_product_attributes instead. D:\Ampps\www\OVANIC\wp-includes\functions.php 5379 70429
2022-08-31 16:26:20 16384 Function WC_Cart::get_checkout_url is <strong>deprecated</strong> since version 2.5! Use wc_get_checkout_url instead. D:\Ampps\www\OVANIC\wp-includes\functions.php 5379 70429
2022-08-31 16:26:20 16384 Function WC_Product::list_attributes is <strong>deprecated</strong> since version 3.0! Use wc_display_product_attributes instead. D:\Ampps\www\OVANIC\wp-includes\functions.php 5379 70429
2022-08-31 16:27:35 16384 Function WC_Cart::get_checkout_url is <strong>deprecated</strong> since version 2.5! Use wc_get_checkout_url instead. D:\Ampps\www\OVANIC\wp-includes\functions.php 5379 70429
2022-08-31 16:27:35 16384 Function WC_Product::list_attributes is <strong>deprecated</strong> since version 3.0! Use wc_display_product_attributes instead. D:\Ampps\www\OVANIC\wp-includes\functions.php 5379 70429
2022-08-31 16:27:40 16384 Function WC_Cart::get_checkout_url is <strong>deprecated</strong> since version 2.5! Use wc_get_checkout_url instead. D:\Ampps\www\OVANIC\wp-includes\functions.php 5379 70429
2022-08-31 16:27:40 16384 Function WC_Product::list_attributes is <strong>deprecated</strong> since version 3.0! Use wc_display_product_attributes instead. D:\Ampps\www\OVANIC\wp-includes\functions.php 5379 70429
2022-08-31 16:27:44 16384 Function WC_Cart::get_checkout_url is <strong>deprecated</strong> since version 2.5! Use wc_get_checkout_url instead. D:\Ampps\www\OVANIC\wp-includes\functions.php 5379 70429
2022-08-31 16:27:44 16384 Function WC_Product::list_attributes is <strong>deprecated</strong> since version 3.0! Use wc_display_product_attributes instead. D:\Ampps\www\OVANIC\wp-includes\functions.php 5379 70429
2022-08-31 16:27:47 16384 Function WC_Cart::get_checkout_url is <strong>deprecated</strong> since version 2.5! Use wc_get_checkout_url instead. D:\Ampps\www\OVANIC\wp-includes\functions.php 5379 70429
2022-08-31 16:27:47 16384 Function WC_Product::list_attributes is <strong>deprecated</strong> since version 3.0! Use wc_display_product_attributes instead. D:\Ampps\www\OVANIC\wp-includes\functions.php 5379 70429
2022-08-31 16:27:52 16384 Function WC_Cart::get_checkout_url is <strong>deprecated</strong> since version 2.5! Use wc_get_checkout_url instead. D:\Ampps\www\OVANIC\wp-includes\functions.php 5379 70429
2022-08-31 16:27:52 16384 Function WC_Product::list_attributes is <strong>deprecated</strong> since version 3.0! Use wc_display_product_attributes instead. D:\Ampps\www\OVANIC\wp-includes\functions.php 5379 70429
2022-08-31 16:37:20 16384 Function WC_Cart::get_checkout_url is <strong>deprecated</strong> since version 2.5! Use wc_get_checkout_url instead. D:\Ampps\www\OVANIC\wp-includes\functions.php 5379 70429
2022-08-31 16:37:20 16384 Function WC_Product::list_attributes is <strong>deprecated</strong> since version 3.0! Use wc_display_product_attributes instead. D:\Ampps\www\OVANIC\wp-includes\functions.php 5379 70429
2022-08-31 16:37:23 16384 Function WC_Cart::get_checkout_url is <strong>deprecated</strong> since version 2.5! Use wc_get_checkout_url instead. D:\Ampps\www\OVANIC\wp-includes\functions.php 5379 70429
2022-08-31 16:37:23 16384 Function WC_Product::list_attributes is <strong>deprecated</strong> since version 3.0! Use wc_display_product_attributes instead. D:\Ampps\www\OVANIC\wp-includes\functions.php 5379 70429
2022-08-31 16:37:25 16384 Function WC_Cart::get_checkout_url is <strong>deprecated</strong> since version 2.5! Use wc_get_checkout_url instead. D:\Ampps\www\OVANIC\wp-includes\functions.php 5379 70429
2022-08-31 16:37:25 16384 Function WC_Product::list_attributes is <strong>deprecated</strong> since version 3.0! Use wc_display_product_attributes instead. D:\Ampps\www\OVANIC\wp-includes\functions.php 5379 70429
2022-08-31 16:37:27 16384 Function WC_Cart::get_checkout_url is <strong>deprecated</strong> since version 2.5! Use wc_get_checkout_url instead. D:\Ampps\www\OVANIC\wp-includes\functions.php 5379 70429
2022-08-31 16:37:27 16384 Function WC_Product::list_attributes is <strong>deprecated</strong> since version 3.0! Use wc_display_product_attributes instead. D:\Ampps\www\OVANIC\wp-includes\functions.php 5379 70429
2022-08-31 16:37:29 16384 Function WC_Cart::get_checkout_url is <strong>deprecated</strong> since version 2.5! Use wc_get_checkout_url instead. D:\Ampps\www\OVANIC\wp-includes\functions.php 5379 70429
2022-08-31 16:37:29 16384 Function WC_Product::list_attributes is <strong>deprecated</strong> since version 3.0! Use wc_display_product_attributes instead. D:\Ampps\www\OVANIC\wp-includes\functions.php 5379 70429
2022-08-31 16:37:31 16384 Function WC_Cart::get_checkout_url is <strong>deprecated</strong> since version 2.5! Use wc_get_checkout_url instead. D:\Ampps\www\OVANIC\wp-includes\functions.php 5379 70429
2022-08-31 16:37:31 16384 Function WC_Product::list_attributes is <strong>deprecated</strong> since version 3.0! Use wc_display_product_attributes instead. D:\Ampps\www\OVANIC\wp-includes\functions.php 5379 70429
2022-08-31 16:37:45 16384 Function WC_Cart::get_checkout_url is <strong>deprecated</strong> since version 2.5! Use wc_get_checkout_url instead. D:\Ampps\www\OVANIC\wp-includes\functions.php 5379 70429
2022-08-31 16:37:45 16384 Function WC_Product::list_attributes is <strong>deprecated</strong> since version 3.0! Use wc_display_product_attributes instead. D:\Ampps\www\OVANIC\wp-includes\functions.php 5379 70429
2022-08-31 16:37:47 16384 Function WC_Cart::get_checkout_url is <strong>deprecated</strong> since version 2.5! Use wc_get_checkout_url instead. D:\Ampps\www\OVANIC\wp-includes\functions.php 5379 70429
2022-08-31 16:37:47 16384 Function WC_Product::list_attributes is <strong>deprecated</strong> since version 3.0! Use wc_display_product_attributes instead. D:\Ampps\www\OVANIC\wp-includes\functions.php 5379 70429
2022-08-31 16:37:49 16384 Function WC_Cart::get_checkout_url is <strong>deprecated</strong> since version 2.5! Use wc_get_checkout_url instead. D:\Ampps\www\OVANIC\wp-includes\functions.php 5379 70429
2022-08-31 16:37:49 16384 Function WC_Product::list_attributes is <strong>deprecated</strong> since version 3.0! Use wc_display_product_attributes instead. D:\Ampps\www\OVANIC\wp-includes\functions.php 5379 70429
2022-08-31 16:37:50 16384 Function WC_Cart::get_checkout_url is <strong>deprecated</strong> since version 2.5! Use wc_get_checkout_url instead. D:\Ampps\www\OVANIC\wp-includes\functions.php 5379 70429
2022-08-31 16:37:50 16384 Function WC_Product::list_attributes is <strong>deprecated</strong> since version 3.0! Use wc_display_product_attributes instead. D:\Ampps\www\OVANIC\wp-includes\functions.php 5379 70429
2022-08-31 16:37:52 16384 Function WC_Cart::get_checkout_url is <strong>deprecated</strong> since version 2.5! Use wc_get_checkout_url instead. D:\Ampps\www\OVANIC\wp-includes\functions.php 5379 70429
2022-08-31 16:37:52 16384 Function WC_Product::list_attributes is <strong>deprecated</strong> since version 3.0! Use wc_display_product_attributes instead. D:\Ampps\www\OVANIC\wp-includes\functions.php 5379 70429
2022-08-31 16:37:54 16384 Function WC_Cart::get_checkout_url is <strong>deprecated</strong> since version 2.5! Use wc_get_checkout_url instead. D:\Ampps\www\OVANIC\wp-includes\functions.php 5379 70429
2022-08-31 16:37:54 16384 Function WC_Product::list_attributes is <strong>deprecated</strong> since version 3.0! Use wc_display_product_attributes instead. D:\Ampps\www\OVANIC\wp-includes\functions.php 5379 70429
2022-08-31 16:39:52 16384 Function WC_Cart::get_checkout_url is <strong>deprecated</strong> since version 2.5! Use wc_get_checkout_url instead. D:\Ampps\www\OVANIC\wp-includes\functions.php 5379 70429
2022-08-31 16:39:52 16384 Function WC_Product::list_attributes is <strong>deprecated</strong> since version 3.0! Use wc_display_product_attributes instead. D:\Ampps\www\OVANIC\wp-includes\functions.php 5379 70429
2022-08-31 16:39:54 16384 Function WC_Cart::get_checkout_url is <strong>deprecated</strong> since version 2.5! Use wc_get_checkout_url instead. D:\Ampps\www\OVANIC\wp-includes\functions.php 5379 70429
2022-08-31 16:39:54 16384 Function WC_Product::list_attributes is <strong>deprecated</strong> since version 3.0! Use wc_display_product_attributes instead. D:\Ampps\www\OVANIC\wp-includes\functions.php 5379 70429
2022-08-31 16:39:56 16384 Function WC_Cart::get_checkout_url is <strong>deprecated</strong> since version 2.5! Use wc_get_checkout_url instead. D:\Ampps\www\OVANIC\wp-includes\functions.php 5379 70429
2022-08-31 16:39:56 16384 Function WC_Product::list_attributes is <strong>deprecated</strong> since version 3.0! Use wc_display_product_attributes instead. D:\Ampps\www\OVANIC\wp-includes\functions.php 5379 70429
2022-08-31 16:39:57 16384 Function WC_Cart::get_checkout_url is <strong>deprecated</strong> since version 2.5! Use wc_get_checkout_url instead. D:\Ampps\www\OVANIC\wp-includes\functions.php 5379 70429
2022-08-31 16:39:57 16384 Function WC_Product::list_attributes is <strong>deprecated</strong> since version 3.0! Use wc_display_product_attributes instead. D:\Ampps\www\OVANIC\wp-includes\functions.php 5379 70429
2022-08-31 16:39:59 16384 Function WC_Cart::get_checkout_url is <strong>deprecated</strong> since version 2.5! Use wc_get_checkout_url instead. D:\Ampps\www\OVANIC\wp-includes\functions.php 5379 70429
2022-08-31 16:39:59 16384 Function WC_Product::list_attributes is <strong>deprecated</strong> since version 3.0! Use wc_display_product_attributes instead. D:\Ampps\www\OVANIC\wp-includes\functions.php 5379 70429
2022-08-31 16:40:01 16384 Function WC_Cart::get_checkout_url is <strong>deprecated</strong> since version 2.5! Use wc_get_checkout_url instead. D:\Ampps\www\OVANIC\wp-includes\functions.php 5379 70429
2022-08-31 16:40:01 16384 Function WC_Product::list_attributes is <strong>deprecated</strong> since version 3.0! Use wc_display_product_attributes instead. D:\Ampps\www\OVANIC\wp-includes\functions.php 5379 70429
2022-08-31 17:04:56 16384 Function WC_Cart::get_checkout_url is <strong>deprecated</strong> since version 2.5! Use wc_get_checkout_url instead. D:\Ampps\www\OVANIC\wp-includes\functions.php 5379 70429
2022-08-31 17:04:57 16384 Function WC_Product::list_attributes is <strong>deprecated</strong> since version 3.0! Use wc_display_product_attributes instead. D:\Ampps\www\OVANIC\wp-includes\functions.php 5379 70429
2022-08-31 17:04:58 16384 Function WC_Cart::get_checkout_url is <strong>deprecated</strong> since version 2.5! Use wc_get_checkout_url instead. D:\Ampps\www\OVANIC\wp-includes\functions.php 5379 70429
2022-08-31 17:04:59 16384 Function WC_Product::list_attributes is <strong>deprecated</strong> since version 3.0! Use wc_display_product_attributes instead. D:\Ampps\www\OVANIC\wp-includes\functions.php 5379 70429
2022-08-31 17:05:00 16384 Function WC_Cart::get_checkout_url is <strong>deprecated</strong> since version 2.5! Use wc_get_checkout_url instead. D:\Ampps\www\OVANIC\wp-includes\functions.php 5379 70429
2022-08-31 17:05:00 16384 Function WC_Product::list_attributes is <strong>deprecated</strong> since version 3.0! Use wc_display_product_attributes instead. D:\Ampps\www\OVANIC\wp-includes\functions.php 5379 70429
2022-08-31 17:05:02 16384 Function WC_Cart::get_checkout_url is <strong>deprecated</strong> since version 2.5! Use wc_get_checkout_url instead. D:\Ampps\www\OVANIC\wp-includes\functions.php 5379 70429
2022-08-31 17:05:02 16384 Function WC_Product::list_attributes is <strong>deprecated</strong> since version 3.0! Use wc_display_product_attributes instead. D:\Ampps\www\OVANIC\wp-includes\functions.php 5379 70429
2022-08-31 17:05:04 16384 Function WC_Cart::get_checkout_url is <strong>deprecated</strong> since version 2.5! Use wc_get_checkout_url instead. D:\Ampps\www\OVANIC\wp-includes\functions.php 5379 70429
2022-08-31 17:05:04 16384 Function WC_Product::list_attributes is <strong>deprecated</strong> since version 3.0! Use wc_display_product_attributes instead. D:\Ampps\www\OVANIC\wp-includes\functions.php 5379 70429
2022-08-31 17:05:05 16384 Function WC_Cart::get_checkout_url is <strong>deprecated</strong> since version 2.5! Use wc_get_checkout_url instead. D:\Ampps\www\OVANIC\wp-includes\functions.php 5379 70429
2022-08-31 17:05:05 16384 Function WC_Product::list_attributes is <strong>deprecated</strong> since version 3.0! Use wc_display_product_attributes instead. D:\Ampps\www\OVANIC\wp-includes\functions.php 5379 70429
