2022-07-30T13:19:26+00:00 CRITICAL Uncaught Error: Call to undefined method WP_Post::get_sku() in D:\Ampps\www\OVANIC\wp-content\plugins\wp-amp\templates\parts\title.php:19
Stack trace:
#0 D:\Ampps\www\OVANIC\wp-content\plugins\wp-amp\includes\class-amphtml-template-abstract.php(75): include()
#1 D:\Ampps\www\OVANIC\wp-content\plugins\wp-amp\templates\single-content.php(21): AMPHTML_Template_Abstract->render()
#2 D:\Ampps\www\OVANIC\wp-content\plugins\wp-amp\includes\class-amphtml-template-abstract.php(75): include('D:\\Ampps\\www\\OV...')
#3 D:\Ampps\www\OVANIC\wp-content\plugins\wp-amp\includes\class-amphtml-template.php(267): AMPHTML_Template_Abstract->render()
#4 D:\Ampps\www\OVANIC\wp-includes\class-wp-hook.php(307): AMPHTML_Template->the_template_content()
#5 D:\Ampps\www\OVANIC\wp-includes\class-wp-hook.php(331): WP_Hook->apply_filters()
#6 D:\Ampps\www\OVANIC\wp-includes\plugin.php(476): WP_Hook->do_action()
#7 D:\Ampps\www\OVANIC\wp-content\plugins\wp-amp\templates\base.php(11): do_action()
#8 D:\Ampps\www\OVANIC\wp-content\plugins\wp in D:\Ampps\www\OVANIC\wp-content\plugins\wp-amp\templates\parts\title.php on line 19

2022-07-30T13:20:21+00:00 CRITICAL Uncaught Error: Call to undefined method WP_Post::get_sku() in D:\Ampps\www\OVANIC\wp-content\plugins\wp-amp\templates\parts\title.php:18
Stack trace:
#0 D:\Ampps\www\OVANIC\wp-content\plugins\wp-amp\includes\class-amphtml-template-abstract.php(75): include()
#1 D:\Ampps\www\OVANIC\wp-content\plugins\wp-amp\templates\single-content.php(21): AMPHTML_Template_Abstract->render()
#2 D:\Ampps\www\OVANIC\wp-content\plugins\wp-amp\includes\class-amphtml-template-abstract.php(75): include('D:\\Ampps\\www\\OV...')
#3 D:\Ampps\www\OVANIC\wp-content\plugins\wp-amp\includes\class-amphtml-template.php(267): AMPHTML_Template_Abstract->render()
#4 D:\Ampps\www\OVANIC\wp-includes\class-wp-hook.php(307): AMPHTML_Template->the_template_content()
#5 D:\Ampps\www\OVANIC\wp-includes\class-wp-hook.php(331): WP_Hook->apply_filters()
#6 D:\Ampps\www\OVANIC\wp-includes\plugin.php(476): WP_Hook->do_action()
#7 D:\Ampps\www\OVANIC\wp-content\plugins\wp-amp\templates\base.php(11): do_action()
#8 D:\Ampps\www\OVANIC\wp-content\plugins\wp in D:\Ampps\www\OVANIC\wp-content\plugins\wp-amp\templates\parts\title.php on line 18

2022-07-30T13:21:08+00:00 CRITICAL Uncaught Error: Call to a member function get_sku() on null in D:\Ampps\www\OVANIC\wp-content\plugins\wp-amp\templates\parts\title.php:18
Stack trace:
#0 D:\Ampps\www\OVANIC\wp-content\plugins\wp-amp\includes\class-amphtml-template-abstract.php(75): include()
#1 D:\Ampps\www\OVANIC\wp-content\plugins\wp-amp\templates\single-content.php(21): AMPHTML_Template_Abstract->render()
#2 D:\Ampps\www\OVANIC\wp-content\plugins\wp-amp\includes\class-amphtml-template-abstract.php(75): include('D:\\Ampps\\www\\OV...')
#3 D:\Ampps\www\OVANIC\wp-content\plugins\wp-amp\includes\class-amphtml-template.php(267): AMPHTML_Template_Abstract->render()
#4 D:\Ampps\www\OVANIC\wp-includes\class-wp-hook.php(307): AMPHTML_Template->the_template_content()
#5 D:\Ampps\www\OVANIC\wp-includes\class-wp-hook.php(331): WP_Hook->apply_filters()
#6 D:\Ampps\www\OVANIC\wp-includes\plugin.php(476): WP_Hook->do_action()
#7 D:\Ampps\www\OVANIC\wp-content\plugins\wp-amp\templates\base.php(11): do_action()
#8 D:\Ampps\www\OVANIC\wp-content\plugins\wp in D:\Ampps\www\OVANIC\wp-content\plugins\wp-amp\templates\parts\title.php on line 18

