2022-08-27T14:16:22+00:00 CRITICAL Uncaught Error: Call to a member function get_attribute() on bool in D:\Ampps\www\OVANIC\wp-content\themes\flatsome-child\wp-amp\parts\title.php:10
Stack trace:
#0 D:\Ampps\www\OVANIC\wp-content\plugins\wp-amp\includes\class-amphtml-template-abstract.php(75): include()
#1 D:\Ampps\www\OVANIC\wp-content\plugins\wp-amp\templates\single-content.php(21): AMPHTML_Template_Abstract->render()
#2 D:\Ampps\www\OVANIC\wp-content\plugins\wp-amp\includes\class-amphtml-template-abstract.php(75): include('D:\\Ampps\\www\\OV...')
#3 D:\Ampps\www\OVANIC\wp-content\plugins\wp-amp\includes\class-amphtml-template.php(267): AMPHTML_Template_Abstract->render()
#4 D:\Ampps\www\OVANIC\wp-includes\class-wp-hook.php(307): AMPHTML_Template->the_template_content()
#5 D:\Ampps\www\OVANIC\wp-includes\class-wp-hook.php(331): WP_Hook->apply_filters()
#6 D:\Ampps\www\OVANIC\wp-includes\plugin.php(476): WP_Hook->do_action()
#7 D:\Ampps\www\OVANIC\wp-content\plugins\wp-amp\templates\base.php(11): do_action()
#8 D:\Ampps\www\OVANIC\wp-content\ in D:\Ampps\www\OVANIC\wp-content\themes\flatsome-child\wp-amp\parts\title.php on line 10

2022-08-27T14:27:23+00:00 CRITICAL Uncaught Error: Call to a member function get_attribute() on bool in D:\Ampps\www\OVANIC\wp-content\themes\flatsome-child\wp-amp\parts\title.php:10
Stack trace:
#0 D:\Ampps\www\OVANIC\wp-content\plugins\wp-amp\includes\class-amphtml-template-abstract.php(75): include()
#1 D:\Ampps\www\OVANIC\wp-content\plugins\wp-amp\templates\single-content.php(21): AMPHTML_Template_Abstract->render()
#2 D:\Ampps\www\OVANIC\wp-content\plugins\wp-amp\includes\class-amphtml-template-abstract.php(75): include('D:\\Ampps\\www\\OV...')
#3 D:\Ampps\www\OVANIC\wp-content\plugins\wp-amp\includes\class-amphtml-template.php(267): AMPHTML_Template_Abstract->render()
#4 D:\Ampps\www\OVANIC\wp-includes\class-wp-hook.php(307): AMPHTML_Template->the_template_content()
#5 D:\Ampps\www\OVANIC\wp-includes\class-wp-hook.php(331): WP_Hook->apply_filters()
#6 D:\Ampps\www\OVANIC\wp-includes\plugin.php(476): WP_Hook->do_action()
#7 D:\Ampps\www\OVANIC\wp-content\plugins\wp-amp\templates\base.php(11): do_action()
#8 D:\Ampps\www\OVANIC\wp-content\ in D:\Ampps\www\OVANIC\wp-content\themes\flatsome-child\wp-amp\parts\title.php on line 10

2022-08-27T14:27:29+00:00 CRITICAL Uncaught Error: Call to a member function get_attribute() on bool in D:\Ampps\www\OVANIC\wp-content\themes\flatsome-child\wp-amp\parts\title.php:10
Stack trace:
#0 D:\Ampps\www\OVANIC\wp-content\plugins\wp-amp\includes\class-amphtml-template-abstract.php(75): include()
#1 D:\Ampps\www\OVANIC\wp-content\plugins\wp-amp\templates\single-content.php(21): AMPHTML_Template_Abstract->render()
#2 D:\Ampps\www\OVANIC\wp-content\plugins\wp-amp\includes\class-amphtml-template-abstract.php(75): include('D:\\Ampps\\www\\OV...')
#3 D:\Ampps\www\OVANIC\wp-content\plugins\wp-amp\includes\class-amphtml-template.php(267): AMPHTML_Template_Abstract->render()
#4 D:\Ampps\www\OVANIC\wp-includes\class-wp-hook.php(307): AMPHTML_Template->the_template_content()
#5 D:\Ampps\www\OVANIC\wp-includes\class-wp-hook.php(331): WP_Hook->apply_filters()
#6 D:\Ampps\www\OVANIC\wp-includes\plugin.php(476): WP_Hook->do_action()
#7 D:\Ampps\www\OVANIC\wp-content\plugins\wp-amp\templates\base.php(11): do_action()
#8 D:\Ampps\www\OVANIC\wp-content\ in D:\Ampps\www\OVANIC\wp-content\themes\flatsome-child\wp-amp\parts\title.php on line 10

2022-08-27T14:27:45+00:00 CRITICAL Uncaught Error: Call to a member function get_attribute() on bool in D:\Ampps\www\OVANIC\wp-content\themes\flatsome-child\wp-amp\parts\title.php:10
Stack trace:
#0 D:\Ampps\www\OVANIC\wp-content\plugins\wp-amp\includes\class-amphtml-template-abstract.php(75): include()
#1 D:\Ampps\www\OVANIC\wp-content\plugins\wp-amp\templates\single-content.php(21): AMPHTML_Template_Abstract->render()
#2 D:\Ampps\www\OVANIC\wp-content\plugins\wp-amp\includes\class-amphtml-template-abstract.php(75): include('D:\\Ampps\\www\\OV...')
#3 D:\Ampps\www\OVANIC\wp-content\plugins\wp-amp\includes\class-amphtml-template.php(267): AMPHTML_Template_Abstract->render()
#4 D:\Ampps\www\OVANIC\wp-includes\class-wp-hook.php(307): AMPHTML_Template->the_template_content()
#5 D:\Ampps\www\OVANIC\wp-includes\class-wp-hook.php(331): WP_Hook->apply_filters()
#6 D:\Ampps\www\OVANIC\wp-includes\plugin.php(476): WP_Hook->do_action()
#7 D:\Ampps\www\OVANIC\wp-content\plugins\wp-amp\templates\base.php(11): do_action()
#8 D:\Ampps\www\OVANIC\wp-content\ in D:\Ampps\www\OVANIC\wp-content\themes\flatsome-child\wp-amp\parts\title.php on line 10

2022-08-27T14:29:36+00:00 CRITICAL Uncaught Error: Call to a member function get_attribute() on bool in D:\Ampps\www\OVANIC\wp-content\themes\flatsome-child\wp-amp\parts\title.php:10
Stack trace:
#0 D:\Ampps\www\OVANIC\wp-content\plugins\wp-amp\includes\class-amphtml-template-abstract.php(75): include()
#1 D:\Ampps\www\OVANIC\wp-content\plugins\wp-amp\templates\single-content.php(21): AMPHTML_Template_Abstract->render()
#2 D:\Ampps\www\OVANIC\wp-content\plugins\wp-amp\includes\class-amphtml-template-abstract.php(75): include('D:\\Ampps\\www\\OV...')
#3 D:\Ampps\www\OVANIC\wp-content\plugins\wp-amp\includes\class-amphtml-template.php(267): AMPHTML_Template_Abstract->render()
#4 D:\Ampps\www\OVANIC\wp-includes\class-wp-hook.php(307): AMPHTML_Template->the_template_content()
#5 D:\Ampps\www\OVANIC\wp-includes\class-wp-hook.php(331): WP_Hook->apply_filters()
#6 D:\Ampps\www\OVANIC\wp-includes\plugin.php(476): WP_Hook->do_action()
#7 D:\Ampps\www\OVANIC\wp-content\plugins\wp-amp\templates\base.php(11): do_action()
#8 D:\Ampps\www\OVANIC\wp-content\ in D:\Ampps\www\OVANIC\wp-content\themes\flatsome-child\wp-amp\parts\title.php on line 10

2022-08-27T14:33:32+00:00 CRITICAL Uncaught Error: Call to a member function get_attribute() on bool in D:\Ampps\www\OVANIC\wp-content\themes\flatsome-child\wp-amp\parts\title.php:10
Stack trace:
#0 D:\Ampps\www\OVANIC\wp-content\plugins\wp-amp\includes\class-amphtml-template-abstract.php(75): include()
#1 D:\Ampps\www\OVANIC\wp-content\plugins\wp-amp\templates\single-content.php(21): AMPHTML_Template_Abstract->render()
#2 D:\Ampps\www\OVANIC\wp-content\plugins\wp-amp\includes\class-amphtml-template-abstract.php(75): include('D:\\Ampps\\www\\OV...')
#3 D:\Ampps\www\OVANIC\wp-content\plugins\wp-amp\includes\class-amphtml-template.php(267): AMPHTML_Template_Abstract->render()
#4 D:\Ampps\www\OVANIC\wp-includes\class-wp-hook.php(307): AMPHTML_Template->the_template_content()
#5 D:\Ampps\www\OVANIC\wp-includes\class-wp-hook.php(331): WP_Hook->apply_filters()
#6 D:\Ampps\www\OVANIC\wp-includes\plugin.php(476): WP_Hook->do_action()
#7 D:\Ampps\www\OVANIC\wp-content\plugins\wp-amp\templates\base.php(11): do_action()
#8 D:\Ampps\www\OVANIC\wp-content\ in D:\Ampps\www\OVANIC\wp-content\themes\flatsome-child\wp-amp\parts\title.php on line 10

2022-08-27T14:45:29+00:00 CRITICAL Uncaught Error: Call to a member function get_attribute() on bool in D:\Ampps\www\OVANIC\wp-content\themes\flatsome-child\wp-amp\parts\title.php:10
Stack trace:
#0 D:\Ampps\www\OVANIC\wp-content\plugins\wp-amp\includes\class-amphtml-template-abstract.php(75): include()
#1 D:\Ampps\www\OVANIC\wp-content\plugins\wp-amp\templates\single-content.php(21): AMPHTML_Template_Abstract->render()
#2 D:\Ampps\www\OVANIC\wp-content\plugins\wp-amp\includes\class-amphtml-template-abstract.php(75): include('D:\\Ampps\\www\\OV...')
#3 D:\Ampps\www\OVANIC\wp-content\plugins\wp-amp\includes\class-amphtml-template.php(267): AMPHTML_Template_Abstract->render()
#4 D:\Ampps\www\OVANIC\wp-includes\class-wp-hook.php(307): AMPHTML_Template->the_template_content()
#5 D:\Ampps\www\OVANIC\wp-includes\class-wp-hook.php(331): WP_Hook->apply_filters()
#6 D:\Ampps\www\OVANIC\wp-includes\plugin.php(476): WP_Hook->do_action()
#7 D:\Ampps\www\OVANIC\wp-content\plugins\wp-amp\templates\base.php(11): do_action()
#8 D:\Ampps\www\OVANIC\wp-content\ in D:\Ampps\www\OVANIC\wp-content\themes\flatsome-child\wp-amp\parts\title.php on line 10

2022-08-27T14:45:37+00:00 CRITICAL Uncaught Error: Call to a member function get_attribute() on bool in D:\Ampps\www\OVANIC\wp-content\themes\flatsome-child\wp-amp\parts\title.php:10
Stack trace:
#0 D:\Ampps\www\OVANIC\wp-content\plugins\wp-amp\includes\class-amphtml-template-abstract.php(75): include()
#1 D:\Ampps\www\OVANIC\wp-content\plugins\wp-amp\templates\single-content.php(21): AMPHTML_Template_Abstract->render()
#2 D:\Ampps\www\OVANIC\wp-content\plugins\wp-amp\includes\class-amphtml-template-abstract.php(75): include('D:\\Ampps\\www\\OV...')
#3 D:\Ampps\www\OVANIC\wp-content\plugins\wp-amp\includes\class-amphtml-template.php(267): AMPHTML_Template_Abstract->render()
#4 D:\Ampps\www\OVANIC\wp-includes\class-wp-hook.php(307): AMPHTML_Template->the_template_content()
#5 D:\Ampps\www\OVANIC\wp-includes\class-wp-hook.php(331): WP_Hook->apply_filters()
#6 D:\Ampps\www\OVANIC\wp-includes\plugin.php(476): WP_Hook->do_action()
#7 D:\Ampps\www\OVANIC\wp-content\plugins\wp-amp\templates\base.php(11): do_action()
#8 D:\Ampps\www\OVANIC\wp-content\ in D:\Ampps\www\OVANIC\wp-content\themes\flatsome-child\wp-amp\parts\title.php on line 10

2022-08-27T14:45:53+00:00 CRITICAL Uncaught Error: Call to a member function get_attribute() on bool in D:\Ampps\www\OVANIC\wp-content\themes\flatsome-child\wp-amp\parts\title.php:10
Stack trace:
#0 D:\Ampps\www\OVANIC\wp-content\plugins\wp-amp\includes\class-amphtml-template-abstract.php(75): include()
#1 D:\Ampps\www\OVANIC\wp-content\plugins\wp-amp\templates\single-content.php(21): AMPHTML_Template_Abstract->render()
#2 D:\Ampps\www\OVANIC\wp-content\plugins\wp-amp\includes\class-amphtml-template-abstract.php(75): include('D:\\Ampps\\www\\OV...')
#3 D:\Ampps\www\OVANIC\wp-content\plugins\wp-amp\includes\class-amphtml-template.php(267): AMPHTML_Template_Abstract->render()
#4 D:\Ampps\www\OVANIC\wp-includes\class-wp-hook.php(307): AMPHTML_Template->the_template_content()
#5 D:\Ampps\www\OVANIC\wp-includes\class-wp-hook.php(331): WP_Hook->apply_filters()
#6 D:\Ampps\www\OVANIC\wp-includes\plugin.php(476): WP_Hook->do_action()
#7 D:\Ampps\www\OVANIC\wp-content\plugins\wp-amp\templates\base.php(11): do_action()
#8 D:\Ampps\www\OVANIC\wp-content\ in D:\Ampps\www\OVANIC\wp-content\themes\flatsome-child\wp-amp\parts\title.php on line 10

2022-08-27T14:47:32+00:00 CRITICAL Uncaught Error: Call to a member function get_attribute() on string in D:\Ampps\www\OVANIC\wp-content\themes\flatsome-child\wp-amp\parts\title.php:10
Stack trace:
#0 D:\Ampps\www\OVANIC\wp-content\plugins\wp-amp\includes\class-amphtml-template-abstract.php(75): include()
#1 D:\Ampps\www\OVANIC\wp-content\plugins\wp-amp\templates\single-content.php(21): AMPHTML_Template_Abstract->render()
#2 D:\Ampps\www\OVANIC\wp-content\plugins\wp-amp\includes\class-amphtml-template-abstract.php(75): include('D:\\Ampps\\www\\OV...')
#3 D:\Ampps\www\OVANIC\wp-content\plugins\wp-amp\includes\class-amphtml-template.php(267): AMPHTML_Template_Abstract->render()
#4 D:\Ampps\www\OVANIC\wp-includes\class-wp-hook.php(307): AMPHTML_Template->the_template_content()
#5 D:\Ampps\www\OVANIC\wp-includes\class-wp-hook.php(331): WP_Hook->apply_filters()
#6 D:\Ampps\www\OVANIC\wp-includes\plugin.php(476): WP_Hook->do_action()
#7 D:\Ampps\www\OVANIC\wp-content\plugins\wp-amp\templates\base.php(11): do_action()
#8 D:\Ampps\www\OVANIC\wp-conten in D:\Ampps\www\OVANIC\wp-content\themes\flatsome-child\wp-amp\parts\title.php on line 10

2022-08-27T14:47:39+00:00 CRITICAL Uncaught Error: Call to a member function get_attribute() on string in D:\Ampps\www\OVANIC\wp-content\themes\flatsome-child\wp-amp\parts\title.php:10
Stack trace:
#0 D:\Ampps\www\OVANIC\wp-content\plugins\wp-amp\includes\class-amphtml-template-abstract.php(75): include()
#1 D:\Ampps\www\OVANIC\wp-content\plugins\wp-amp\templates\single-content.php(21): AMPHTML_Template_Abstract->render()
#2 D:\Ampps\www\OVANIC\wp-content\plugins\wp-amp\includes\class-amphtml-template-abstract.php(75): include('D:\\Ampps\\www\\OV...')
#3 D:\Ampps\www\OVANIC\wp-content\plugins\wp-amp\includes\class-amphtml-template.php(267): AMPHTML_Template_Abstract->render()
#4 D:\Ampps\www\OVANIC\wp-includes\class-wp-hook.php(307): AMPHTML_Template->the_template_content()
#5 D:\Ampps\www\OVANIC\wp-includes\class-wp-hook.php(331): WP_Hook->apply_filters()
#6 D:\Ampps\www\OVANIC\wp-includes\plugin.php(476): WP_Hook->do_action()
#7 D:\Ampps\www\OVANIC\wp-content\plugins\wp-amp\templates\base.php(11): do_action()
#8 D:\Ampps\www\OVANIC\wp-conten in D:\Ampps\www\OVANIC\wp-content\themes\flatsome-child\wp-amp\parts\title.php on line 10

2022-08-27T14:52:01+00:00 CRITICAL Uncaught Error: Call to undefined function is_prdoduct() in D:\Ampps\www\OVANIC\wp-content\themes\flatsome-child\wp-amp\parts\title.php:8
Stack trace:
#0 D:\Ampps\www\OVANIC\wp-content\plugins\wp-amp\includes\class-amphtml-template-abstract.php(75): include()
#1 D:\Ampps\www\OVANIC\wp-content\plugins\wp-amp\templates\single-content.php(21): AMPHTML_Template_Abstract->render()
#2 D:\Ampps\www\OVANIC\wp-content\plugins\wp-amp\includes\class-amphtml-template-abstract.php(75): include('D:\\Ampps\\www\\OV...')
#3 D:\Ampps\www\OVANIC\wp-content\plugins\wp-amp\includes\class-amphtml-template.php(267): AMPHTML_Template_Abstract->render()
#4 D:\Ampps\www\OVANIC\wp-includes\class-wp-hook.php(307): AMPHTML_Template->the_template_content()
#5 D:\Ampps\www\OVANIC\wp-includes\class-wp-hook.php(331): WP_Hook->apply_filters()
#6 D:\Ampps\www\OVANIC\wp-includes\plugin.php(476): WP_Hook->do_action()
#7 D:\Ampps\www\OVANIC\wp-content\plugins\wp-amp\templates\base.php(11): do_action()
#8 D:\Ampps\www\OVANIC\wp-content\plugins\wp in D:\Ampps\www\OVANIC\wp-content\themes\flatsome-child\wp-amp\parts\title.php on line 8

