2022-06-13T15:14:35+00:00 CRITICAL Uncaught Error: Call to undefined function get_field() in D:\Ampps\www\OVANIC\wp-content\themes\flatsome-child\functions\woo.php:38
Stack trace:
#0 D:\Ampps\www\OVANIC\wp-includes\class-wp-hook.php(307): add_noti()
#1 D:\Ampps\www\OVANIC\wp-includes\class-wp-hook.php(331): WP_Hook->apply_filters()
#2 D:\Ampps\www\OVANIC\wp-includes\plugin.php(476): WP_Hook->do_action()
#3 D:\Ampps\www\OVANIC\wp-content\themes\flatsome\woocommerce\content-product.php(40): do_action()
#4 D:\Ampps\www\OVANIC\wp-includes\template.php(772): require('D:\\Ampps\\www\\OV...')
#5 D:\Ampps\www\OVANIC\wp-content\plugins\woocommerce\includes\wc-core-functions.php(284): load_template()
#6 D:\Ampps\www\OVANIC\wp-content\themes\flatsome\inc\shortcodes\ux_products.php(263): wc_get_template_part()
#7 D:\Ampps\www\OVANIC\wp-includes\shortcodes.php(356): ux_products()
#8 [internal function]: do_shortcode_tag()
#9 D:\Ampps\www\OVANIC\wp-includes\shortcodes.php(228): preg_replace_callback()
#10 D:\Ampps\www\OVANIC\wp-includes\class-wp-hook.php(30 in D:\Ampps\www\OVANIC\wp-content\themes\flatsome-child\functions\woo.php on line 38

2022-06-13T15:16:16+00:00 CRITICAL Uncaught Error: Call to undefined function get_field() in D:\Ampps\www\OVANIC\wp-content\themes\flatsome-child\functions\woo.php:38
Stack trace:
#0 D:\Ampps\www\OVANIC\wp-includes\class-wp-hook.php(307): add_noti()
#1 D:\Ampps\www\OVANIC\wp-includes\class-wp-hook.php(331): WP_Hook->apply_filters()
#2 D:\Ampps\www\OVANIC\wp-includes\plugin.php(476): WP_Hook->do_action()
#3 D:\Ampps\www\OVANIC\wp-content\themes\flatsome\woocommerce\content-product.php(40): do_action()
#4 D:\Ampps\www\OVANIC\wp-includes\template.php(772): require('D:\\Ampps\\www\\OV...')
#5 D:\Ampps\www\OVANIC\wp-content\plugins\woocommerce\includes\wc-core-functions.php(284): load_template()
#6 D:\Ampps\www\OVANIC\wp-content\themes\flatsome\inc\shortcodes\ux_products.php(263): wc_get_template_part()
#7 D:\Ampps\www\OVANIC\wp-includes\shortcodes.php(356): ux_products()
#8 [internal function]: do_shortcode_tag()
#9 D:\Ampps\www\OVANIC\wp-includes\shortcodes.php(228): preg_replace_callback()
#10 D:\Ampps\www\OVANIC\wp-includes\class-wp-hook.php(30 in D:\Ampps\www\OVANIC\wp-content\themes\flatsome-child\functions\woo.php on line 38

