2022-09-02T15:34:55+00:00 CRITICAL Uncaught WP_Rocket\Dependencies\League\Container\Exception\NotFoundException: Alias (polygon) is not being managed by the container or delegates in /home/customer/www/ovanic.vn/public_html/wp-content/plugins/wp-rocket_tat/inc/Dependencies/League/Container/Container.php:188
Stack trace:
#0 /home/customer/www/ovanic.vn/public_html/wp-content/plugins/wp-rocket_tat/inc/Plugin.php(143): WP_Rocket\Dependencies\League\Container\Container->get('polygon')
#1 /home/customer/www/ovanic.vn/public_html/wp-content/plugins/wp-rocket_tat/inc/main.php(50): WP_Rocket\Plugin->load()
#2 /home/customer/www/ovanic.vn/public_html/wp-includes/class-wp-hook.php(307): rocket_init('')
#3 /home/customer/www/ovanic.vn/public_html/wp-includes/class-wp-hook.php(331): WP_Hook->apply_filters(NULL, Array)
#4 /home/customer/www/ovanic.vn/public_html/wp-includes/plugin.php(476): WP_Hook->do_action(Array)
#5 /home/customer/www/ovanic.vn/public_html/wp-settings.php(461): do_action('plugins_loaded')
#6 /home/customer/www/ovanic.vn/public_html/wp-c in /home/customer/www/ovanic.vn/public_html/wp-content/plugins/wp-rocket_tat/inc/Dependencies/League/Container/Container.php on line 188

2022-09-02T15:34:56+00:00 CRITICAL Uncaught WP_Rocket\Dependencies\League\Container\Exception\NotFoundException: Alias (polygon) is not being managed by the container or delegates in /home/customer/www/ovanic.vn/public_html/wp-content/plugins/wp-rocket_tat/inc/Dependencies/League/Container/Container.php:188
Stack trace:
#0 /home/customer/www/ovanic.vn/public_html/wp-content/plugins/wp-rocket_tat/inc/Plugin.php(143): WP_Rocket\Dependencies\League\Container\Container->get('polygon')
#1 /home/customer/www/ovanic.vn/public_html/wp-content/plugins/wp-rocket_tat/inc/main.php(50): WP_Rocket\Plugin->load()
#2 /home/customer/www/ovanic.vn/public_html/wp-includes/class-wp-hook.php(307): rocket_init('')
#3 /home/customer/www/ovanic.vn/public_html/wp-includes/class-wp-hook.php(331): WP_Hook->apply_filters(NULL, Array)
#4 /home/customer/www/ovanic.vn/public_html/wp-includes/plugin.php(476): WP_Hook->do_action(Array)
#5 /home/customer/www/ovanic.vn/public_html/wp-settings.php(461): do_action('plugins_loaded')
#6 /home/customer/www/ovanic.vn/public_html/wp-c in /home/customer/www/ovanic.vn/public_html/wp-content/plugins/wp-rocket_tat/inc/Dependencies/League/Container/Container.php on line 188

2022-09-02T15:35:06+00:00 CRITICAL Uncaught WP_Rocket\Dependencies\League\Container\Exception\NotFoundException: Alias (polygon) is not being managed by the container or delegates in /home/customer/www/ovanic.vn/public_html/wp-content/plugins/wp-rocket_tat/inc/Dependencies/League/Container/Container.php:188
Stack trace:
#0 /home/customer/www/ovanic.vn/public_html/wp-content/plugins/wp-rocket_tat/inc/Plugin.php(143): WP_Rocket\Dependencies\League\Container\Container->get('polygon')
#1 /home/customer/www/ovanic.vn/public_html/wp-content/plugins/wp-rocket_tat/inc/main.php(50): WP_Rocket\Plugin->load()
#2 /home/customer/www/ovanic.vn/public_html/wp-includes/class-wp-hook.php(307): rocket_init('')
#3 /home/customer/www/ovanic.vn/public_html/wp-includes/class-wp-hook.php(331): WP_Hook->apply_filters(NULL, Array)
#4 /home/customer/www/ovanic.vn/public_html/wp-includes/plugin.php(476): WP_Hook->do_action(Array)
#5 /home/customer/www/ovanic.vn/public_html/wp-settings.php(461): do_action('plugins_loaded')
#6 /home/customer/www/ovanic.vn/public_html/wp-c in /home/customer/www/ovanic.vn/public_html/wp-content/plugins/wp-rocket_tat/inc/Dependencies/League/Container/Container.php on line 188

2022-09-02T15:35:09+00:00 CRITICAL Uncaught WP_Rocket\Dependencies\League\Container\Exception\NotFoundException: Alias (polygon) is not being managed by the container or delegates in /home/customer/www/ovanic.vn/public_html/wp-content/plugins/wp-rocket_tat/inc/Dependencies/League/Container/Container.php:188
Stack trace:
#0 /home/customer/www/ovanic.vn/public_html/wp-content/plugins/wp-rocket_tat/inc/Plugin.php(143): WP_Rocket\Dependencies\League\Container\Container->get('polygon')
#1 /home/customer/www/ovanic.vn/public_html/wp-content/plugins/wp-rocket_tat/inc/main.php(50): WP_Rocket\Plugin->load()
#2 /home/customer/www/ovanic.vn/public_html/wp-includes/class-wp-hook.php(307): rocket_init('')
#3 /home/customer/www/ovanic.vn/public_html/wp-includes/class-wp-hook.php(331): WP_Hook->apply_filters(NULL, Array)
#4 /home/customer/www/ovanic.vn/public_html/wp-includes/plugin.php(476): WP_Hook->do_action(Array)
#5 /home/customer/www/ovanic.vn/public_html/wp-settings.php(461): do_action('plugins_loaded')
#6 /home/customer/www/ovanic.vn/public_html/wp-c in /home/customer/www/ovanic.vn/public_html/wp-content/plugins/wp-rocket_tat/inc/Dependencies/League/Container/Container.php on line 188

2022-09-02T15:35:10+00:00 CRITICAL Uncaught WP_Rocket\Dependencies\League\Container\Exception\NotFoundException: Alias (polygon) is not being managed by the container or delegates in /home/customer/www/ovanic.vn/public_html/wp-content/plugins/wp-rocket_tat/inc/Dependencies/League/Container/Container.php:188
Stack trace:
#0 /home/customer/www/ovanic.vn/public_html/wp-content/plugins/wp-rocket_tat/inc/Plugin.php(143): WP_Rocket\Dependencies\League\Container\Container->get('polygon')
#1 /home/customer/www/ovanic.vn/public_html/wp-content/plugins/wp-rocket_tat/inc/main.php(50): WP_Rocket\Plugin->load()
#2 /home/customer/www/ovanic.vn/public_html/wp-includes/class-wp-hook.php(307): rocket_init('')
#3 /home/customer/www/ovanic.vn/public_html/wp-includes/class-wp-hook.php(331): WP_Hook->apply_filters(NULL, Array)
#4 /home/customer/www/ovanic.vn/public_html/wp-includes/plugin.php(476): WP_Hook->do_action(Array)
#5 /home/customer/www/ovanic.vn/public_html/wp-settings.php(461): do_action('plugins_loaded')
#6 /home/customer/www/ovanic.vn/public_html/wp-c in /home/customer/www/ovanic.vn/public_html/wp-content/plugins/wp-rocket_tat/inc/Dependencies/League/Container/Container.php on line 188

2022-09-02T15:35:11+00:00 CRITICAL Uncaught WP_Rocket\Dependencies\League\Container\Exception\NotFoundException: Alias (polygon) is not being managed by the container or delegates in /home/customer/www/ovanic.vn/public_html/wp-content/plugins/wp-rocket_tat/inc/Dependencies/League/Container/Container.php:188
Stack trace:
#0 /home/customer/www/ovanic.vn/public_html/wp-content/plugins/wp-rocket_tat/inc/Plugin.php(143): WP_Rocket\Dependencies\League\Container\Container->get('polygon')
#1 /home/customer/www/ovanic.vn/public_html/wp-content/plugins/wp-rocket_tat/inc/main.php(50): WP_Rocket\Plugin->load()
#2 /home/customer/www/ovanic.vn/public_html/wp-includes/class-wp-hook.php(307): rocket_init('')
#3 /home/customer/www/ovanic.vn/public_html/wp-includes/class-wp-hook.php(331): WP_Hook->apply_filters(NULL, Array)
#4 /home/customer/www/ovanic.vn/public_html/wp-includes/plugin.php(476): WP_Hook->do_action(Array)
#5 /home/customer/www/ovanic.vn/public_html/wp-settings.php(461): do_action('plugins_loaded')
#6 /home/customer/www/ovanic.vn/public_html/wp-c in /home/customer/www/ovanic.vn/public_html/wp-content/plugins/wp-rocket_tat/inc/Dependencies/League/Container/Container.php on line 188

2022-09-02T15:35:12+00:00 CRITICAL Uncaught WP_Rocket\Dependencies\League\Container\Exception\NotFoundException: Alias (polygon) is not being managed by the container or delegates in /home/customer/www/ovanic.vn/public_html/wp-content/plugins/wp-rocket_tat/inc/Dependencies/League/Container/Container.php:188
Stack trace:
#0 /home/customer/www/ovanic.vn/public_html/wp-content/plugins/wp-rocket_tat/inc/Plugin.php(143): WP_Rocket\Dependencies\League\Container\Container->get('polygon')
#1 /home/customer/www/ovanic.vn/public_html/wp-content/plugins/wp-rocket_tat/inc/main.php(50): WP_Rocket\Plugin->load()
#2 /home/customer/www/ovanic.vn/public_html/wp-includes/class-wp-hook.php(307): rocket_init('')
#3 /home/customer/www/ovanic.vn/public_html/wp-includes/class-wp-hook.php(331): WP_Hook->apply_filters(NULL, Array)
#4 /home/customer/www/ovanic.vn/public_html/wp-includes/plugin.php(476): WP_Hook->do_action(Array)
#5 /home/customer/www/ovanic.vn/public_html/wp-settings.php(461): do_action('plugins_loaded')
#6 /home/customer/www/ovanic.vn/public_html/wp-c in /home/customer/www/ovanic.vn/public_html/wp-content/plugins/wp-rocket_tat/inc/Dependencies/League/Container/Container.php on line 188

2022-09-02T15:35:14+00:00 CRITICAL Uncaught WP_Rocket\Dependencies\League\Container\Exception\NotFoundException: Alias (polygon) is not being managed by the container or delegates in /home/customer/www/ovanic.vn/public_html/wp-content/plugins/wp-rocket_tat/inc/Dependencies/League/Container/Container.php:188
Stack trace:
#0 /home/customer/www/ovanic.vn/public_html/wp-content/plugins/wp-rocket_tat/inc/Plugin.php(143): WP_Rocket\Dependencies\League\Container\Container->get('polygon')
#1 /home/customer/www/ovanic.vn/public_html/wp-content/plugins/wp-rocket_tat/inc/main.php(50): WP_Rocket\Plugin->load()
#2 /home/customer/www/ovanic.vn/public_html/wp-includes/class-wp-hook.php(307): rocket_init('')
#3 /home/customer/www/ovanic.vn/public_html/wp-includes/class-wp-hook.php(331): WP_Hook->apply_filters(NULL, Array)
#4 /home/customer/www/ovanic.vn/public_html/wp-includes/plugin.php(476): WP_Hook->do_action(Array)
#5 /home/customer/www/ovanic.vn/public_html/wp-settings.php(461): do_action('plugins_loaded')
#6 /home/customer/www/ovanic.vn/public_html/wp-c in /home/customer/www/ovanic.vn/public_html/wp-content/plugins/wp-rocket_tat/inc/Dependencies/League/Container/Container.php on line 188

2022-09-02T15:35:14+00:00 CRITICAL Uncaught WP_Rocket\Dependencies\League\Container\Exception\NotFoundException: Alias (polygon) is not being managed by the container or delegates in /home/customer/www/ovanic.vn/public_html/wp-content/plugins/wp-rocket_tat/inc/Dependencies/League/Container/Container.php:188
Stack trace:
#0 /home/customer/www/ovanic.vn/public_html/wp-content/plugins/wp-rocket_tat/inc/Plugin.php(143): WP_Rocket\Dependencies\League\Container\Container->get('polygon')
#1 /home/customer/www/ovanic.vn/public_html/wp-content/plugins/wp-rocket_tat/inc/main.php(50): WP_Rocket\Plugin->load()
#2 /home/customer/www/ovanic.vn/public_html/wp-includes/class-wp-hook.php(307): rocket_init('')
#3 /home/customer/www/ovanic.vn/public_html/wp-includes/class-wp-hook.php(331): WP_Hook->apply_filters(NULL, Array)
#4 /home/customer/www/ovanic.vn/public_html/wp-includes/plugin.php(476): WP_Hook->do_action(Array)
#5 /home/customer/www/ovanic.vn/public_html/wp-settings.php(461): do_action('plugins_loaded')
#6 /home/customer/www/ovanic.vn/public_html/wp-c in /home/customer/www/ovanic.vn/public_html/wp-content/plugins/wp-rocket_tat/inc/Dependencies/League/Container/Container.php on line 188

2022-09-02T15:36:33+00:00 CRITICAL require_once(): Failed opening required '/files.php' (include_path='.:/usr/local/php74/pear') in /home/customer/www/ovanic.vn/public_html/wp-content/plugins/wp-rocket_tat/inc/main.php on line 13

