2022-08-23T04:32:45+00:00 CRITICAL Uncaught Error: Call to undefined function is_woocommerce_activated() in /home/customer/www/ovanic.vn/public_html/wp-content/themes/flatsome/inc/init.php:60
Stack trace:
#0 /home/customer/www/ovanic.vn/public_html/wp-content/themes/flatsome/functions.php(8): require()
#1 /home/customer/www/ovanic.vn/public_html/wp-settings.php(566): include('/home/customer/...')
#2 /home/customer/www/ovanic.vn/public_html/wp-config.php(194): require_once('/home/customer/...')
#3 /home/customer/www/ovanic.vn/public_html/wp-load.php(50): require_once('/home/customer/...')
#4 /home/customer/www/ovanic.vn/public_html/wp-admin/admin-ajax.php(22): require_once('/home/customer/...')
#5 {main}
  thrown in /home/customer/www/ovanic.vn/public_html/wp-content/themes/flatsome/inc/init.php on line 60

2022-08-23T04:33:00+00:00 CRITICAL Uncaught Error: Call to undefined function is_woocommerce_activated() in /home/customer/www/ovanic.vn/public_html/wp-content/themes/flatsome/inc/init.php:60
Stack trace:
#0 /home/customer/www/ovanic.vn/public_html/wp-content/themes/flatsome/functions.php(8): require()
#1 /home/customer/www/ovanic.vn/public_html/wp-settings.php(566): include('/home/customer/...')
#2 /home/customer/www/ovanic.vn/public_html/wp-config.php(194): require_once('/home/customer/...')
#3 /home/customer/www/ovanic.vn/public_html/wp-load.php(50): require_once('/home/customer/...')
#4 /home/customer/www/ovanic.vn/public_html/wp-admin/admin-ajax.php(22): require_once('/home/customer/...')
#5 {main}
  thrown in /home/customer/www/ovanic.vn/public_html/wp-content/themes/flatsome/inc/init.php on line 60

2022-08-23T05:36:15+00:00 CRITICAL Uncaught Error: Call to a member function get_attribute() on bool in /home/customer/www/ovanic.vn/public_html/wp-content/themes/flatsome-child/wp-amp/parts/title.php:10
Stack trace:
#0 /home/customer/www/ovanic.vn/public_html/wp-content/plugins/wp-amp/includes/class-amphtml-template-abstract.php(75): include()
#1 /home/customer/www/ovanic.vn/public_html/wp-content/plugins/wp-amp/templates/single-content.php(21): AMPHTML_Template_Abstract->render('title')
#2 /home/customer/www/ovanic.vn/public_html/wp-content/plugins/wp-amp/includes/class-amphtml-template-abstract.php(75): include('/home/customer/...')
#3 /home/customer/www/ovanic.vn/public_html/wp-content/plugins/wp-amp/includes/class-amphtml-template.php(267): AMPHTML_Template_Abstract->render('single-content')
#4 /home/customer/www/ovanic.vn/public_html/wp-includes/class-wp-hook.php(307): AMPHTML_Template->the_template_content('')
#5 /home/customer/www/ovanic.vn/public_html/wp-includes/class-wp-hook.php(331): WP_Hook->apply_filters('', Array)
#6 /home/custo in /home/customer/www/ovanic.vn/public_html/wp-content/themes/flatsome-child/wp-amp/parts/title.php on line 10

2022-08-23T05:36:19+00:00 CRITICAL Uncaught Error: Call to a member function get_attribute() on bool in /home/customer/www/ovanic.vn/public_html/wp-content/themes/flatsome-child/wp-amp/parts/title.php:10
Stack trace:
#0 /home/customer/www/ovanic.vn/public_html/wp-content/plugins/wp-amp/includes/class-amphtml-template-abstract.php(75): include()
#1 /home/customer/www/ovanic.vn/public_html/wp-content/plugins/wp-amp/templates/single-content.php(21): AMPHTML_Template_Abstract->render('title')
#2 /home/customer/www/ovanic.vn/public_html/wp-content/plugins/wp-amp/includes/class-amphtml-template-abstract.php(75): include('/home/customer/...')
#3 /home/customer/www/ovanic.vn/public_html/wp-content/plugins/wp-amp/includes/class-amphtml-template.php(267): AMPHTML_Template_Abstract->render('single-content')
#4 /home/customer/www/ovanic.vn/public_html/wp-includes/class-wp-hook.php(307): AMPHTML_Template->the_template_content('')
#5 /home/customer/www/ovanic.vn/public_html/wp-includes/class-wp-hook.php(331): WP_Hook->apply_filters('', Array)
#6 /home/custo in /home/customer/www/ovanic.vn/public_html/wp-content/themes/flatsome-child/wp-amp/parts/title.php on line 10

2022-08-23T10:27:55+00:00 CRITICAL Uncaught Error: Call to a member function get_attribute() on bool in /home/customer/www/ovanic.vn/public_html/wp-content/themes/flatsome-child/wp-amp/parts/title.php:10
Stack trace:
#0 /home/customer/www/ovanic.vn/public_html/wp-content/plugins/wp-amp/includes/class-amphtml-template-abstract.php(75): include()
#1 /home/customer/www/ovanic.vn/public_html/wp-content/plugins/wp-amp/templates/single-content.php(21): AMPHTML_Template_Abstract->render('title')
#2 /home/customer/www/ovanic.vn/public_html/wp-content/plugins/wp-amp/includes/class-amphtml-template-abstract.php(75): include('/home/customer/...')
#3 /home/customer/www/ovanic.vn/public_html/wp-content/plugins/wp-amp/includes/class-amphtml-template.php(267): AMPHTML_Template_Abstract->render('single-content')
#4 /home/customer/www/ovanic.vn/public_html/wp-includes/class-wp-hook.php(307): AMPHTML_Template->the_template_content('')
#5 /home/customer/www/ovanic.vn/public_html/wp-includes/class-wp-hook.php(331): WP_Hook->apply_filters('', Array)
#6 /home/custo in /home/customer/www/ovanic.vn/public_html/wp-content/themes/flatsome-child/wp-amp/parts/title.php on line 10

2022-08-23T10:30:50+00:00 CRITICAL Uncaught Error: Call to a member function get_attribute() on bool in /home/customer/www/ovanic.vn/public_html/wp-content/themes/flatsome-child/wp-amp/parts/title.php:10
Stack trace:
#0 /home/customer/www/ovanic.vn/public_html/wp-content/plugins/wp-amp/includes/class-amphtml-template-abstract.php(75): include()
#1 /home/customer/www/ovanic.vn/public_html/wp-content/plugins/wp-amp/templates/single-content.php(21): AMPHTML_Template_Abstract->render('title')
#2 /home/customer/www/ovanic.vn/public_html/wp-content/plugins/wp-amp/includes/class-amphtml-template-abstract.php(75): include('/home/customer/...')
#3 /home/customer/www/ovanic.vn/public_html/wp-content/plugins/wp-amp/includes/class-amphtml-template.php(267): AMPHTML_Template_Abstract->render('single-content')
#4 /home/customer/www/ovanic.vn/public_html/wp-includes/class-wp-hook.php(307): AMPHTML_Template->the_template_content('')
#5 /home/customer/www/ovanic.vn/public_html/wp-includes/class-wp-hook.php(331): WP_Hook->apply_filters('', Array)
#6 /home/custo in /home/customer/www/ovanic.vn/public_html/wp-content/themes/flatsome-child/wp-amp/parts/title.php on line 10

2022-08-23T10:30:53+00:00 CRITICAL Uncaught Error: Call to a member function get_attribute() on bool in /home/customer/www/ovanic.vn/public_html/wp-content/themes/flatsome-child/wp-amp/parts/title.php:10
Stack trace:
#0 /home/customer/www/ovanic.vn/public_html/wp-content/plugins/wp-amp/includes/class-amphtml-template-abstract.php(75): include()
#1 /home/customer/www/ovanic.vn/public_html/wp-content/plugins/wp-amp/templates/single-content.php(21): AMPHTML_Template_Abstract->render('title')
#2 /home/customer/www/ovanic.vn/public_html/wp-content/plugins/wp-amp/includes/class-amphtml-template-abstract.php(75): include('/home/customer/...')
#3 /home/customer/www/ovanic.vn/public_html/wp-content/plugins/wp-amp/includes/class-amphtml-template.php(267): AMPHTML_Template_Abstract->render('single-content')
#4 /home/customer/www/ovanic.vn/public_html/wp-includes/class-wp-hook.php(307): AMPHTML_Template->the_template_content('')
#5 /home/customer/www/ovanic.vn/public_html/wp-includes/class-wp-hook.php(331): WP_Hook->apply_filters('', Array)
#6 /home/custo in /home/customer/www/ovanic.vn/public_html/wp-content/themes/flatsome-child/wp-amp/parts/title.php on line 10

2022-08-23T10:31:17+00:00 CRITICAL Uncaught Error: Call to a member function get_attribute() on bool in /home/customer/www/ovanic.vn/public_html/wp-content/themes/flatsome-child/wp-amp/parts/title.php:10
Stack trace:
#0 /home/customer/www/ovanic.vn/public_html/wp-content/plugins/wp-amp/includes/class-amphtml-template-abstract.php(75): include()
#1 /home/customer/www/ovanic.vn/public_html/wp-content/plugins/wp-amp/templates/single-content.php(21): AMPHTML_Template_Abstract->render('title')
#2 /home/customer/www/ovanic.vn/public_html/wp-content/plugins/wp-amp/includes/class-amphtml-template-abstract.php(75): include('/home/customer/...')
#3 /home/customer/www/ovanic.vn/public_html/wp-content/plugins/wp-amp/includes/class-amphtml-template.php(267): AMPHTML_Template_Abstract->render('single-content')
#4 /home/customer/www/ovanic.vn/public_html/wp-includes/class-wp-hook.php(307): AMPHTML_Template->the_template_content('')
#5 /home/customer/www/ovanic.vn/public_html/wp-includes/class-wp-hook.php(331): WP_Hook->apply_filters('', Array)
#6 /home/custo in /home/customer/www/ovanic.vn/public_html/wp-content/themes/flatsome-child/wp-amp/parts/title.php on line 10

2022-08-23T10:31:19+00:00 CRITICAL Uncaught Error: Call to a member function get_attribute() on bool in /home/customer/www/ovanic.vn/public_html/wp-content/themes/flatsome-child/wp-amp/parts/title.php:10
Stack trace:
#0 /home/customer/www/ovanic.vn/public_html/wp-content/plugins/wp-amp/includes/class-amphtml-template-abstract.php(75): include()
#1 /home/customer/www/ovanic.vn/public_html/wp-content/plugins/wp-amp/templates/single-content.php(21): AMPHTML_Template_Abstract->render('title')
#2 /home/customer/www/ovanic.vn/public_html/wp-content/plugins/wp-amp/includes/class-amphtml-template-abstract.php(75): include('/home/customer/...')
#3 /home/customer/www/ovanic.vn/public_html/wp-content/plugins/wp-amp/includes/class-amphtml-template.php(267): AMPHTML_Template_Abstract->render('single-content')
#4 /home/customer/www/ovanic.vn/public_html/wp-includes/class-wp-hook.php(307): AMPHTML_Template->the_template_content('')
#5 /home/customer/www/ovanic.vn/public_html/wp-includes/class-wp-hook.php(331): WP_Hook->apply_filters('', Array)
#6 /home/custo in /home/customer/www/ovanic.vn/public_html/wp-content/themes/flatsome-child/wp-amp/parts/title.php on line 10

