2022-08-09T12:13:35+00:00 CRITICAL Uncaught Error: Call to a member function get_attribute() on bool in D:\Ampps\www\OVANIC\wp-content\themes\flatsome-child\wp-amp\parts\title.php:10
Stack trace:
#0 D:\Ampps\www\OVANIC\wp-content\plugins\wp-amp\includes\class-amphtml-template-abstract.php(75): include()
#1 D:\Ampps\www\OVANIC\wp-content\plugins\wp-amp\templates\single-content.php(21): AMPHTML_Template_Abstract->render()
#2 D:\Ampps\www\OVANIC\wp-content\plugins\wp-amp\includes\class-amphtml-template-abstract.php(75): include('D:\\Ampps\\www\\OV...')
#3 D:\Ampps\www\OVANIC\wp-content\plugins\wp-amp\includes\class-amphtml-template.php(267): AMPHTML_Template_Abstract->render()
#4 D:\Ampps\www\OVANIC\wp-includes\class-wp-hook.php(307): AMPHTML_Template->the_template_content()
#5 D:\Ampps\www\OVANIC\wp-includes\class-wp-hook.php(331): WP_Hook->apply_filters()
#6 D:\Ampps\www\OVANIC\wp-includes\plugin.php(476): WP_Hook->do_action()
#7 D:\Ampps\www\OVANIC\wp-content\plugins\wp-amp\templates\base.php(11): do_action()
#8 D:\Ampps\www\OVANIC\wp-content\ in D:\Ampps\www\OVANIC\wp-content\themes\flatsome-child\wp-amp\parts\title.php on line 10

2022-08-09T12:15:40+00:00 CRITICAL Uncaught Error: Call to a member function get_attribute() on bool in D:\Ampps\www\OVANIC\wp-content\themes\flatsome-child\wp-amp\parts\title.php:10
Stack trace:
#0 D:\Ampps\www\OVANIC\wp-content\plugins\wp-amp\includes\class-amphtml-template-abstract.php(75): include()
#1 D:\Ampps\www\OVANIC\wp-content\plugins\wp-amp\templates\single-content.php(21): AMPHTML_Template_Abstract->render()
#2 D:\Ampps\www\OVANIC\wp-content\plugins\wp-amp\includes\class-amphtml-template-abstract.php(75): include('D:\\Ampps\\www\\OV...')
#3 D:\Ampps\www\OVANIC\wp-content\plugins\wp-amp\includes\class-amphtml-template.php(267): AMPHTML_Template_Abstract->render()
#4 D:\Ampps\www\OVANIC\wp-includes\class-wp-hook.php(307): AMPHTML_Template->the_template_content()
#5 D:\Ampps\www\OVANIC\wp-includes\class-wp-hook.php(331): WP_Hook->apply_filters()
#6 D:\Ampps\www\OVANIC\wp-includes\plugin.php(476): WP_Hook->do_action()
#7 D:\Ampps\www\OVANIC\wp-content\plugins\wp-amp\templates\base.php(11): do_action()
#8 D:\Ampps\www\OVANIC\wp-content\ in D:\Ampps\www\OVANIC\wp-content\themes\flatsome-child\wp-amp\parts\title.php on line 10

2022-08-09T12:16:04+00:00 CRITICAL Uncaught Error: Call to a member function get_attribute() on bool in D:\Ampps\www\OVANIC\wp-content\themes\flatsome-child\wp-amp\parts\title.php:10
Stack trace:
#0 D:\Ampps\www\OVANIC\wp-content\plugins\wp-amp\includes\class-amphtml-template-abstract.php(75): include()
#1 D:\Ampps\www\OVANIC\wp-content\plugins\wp-amp\templates\single-content.php(21): AMPHTML_Template_Abstract->render()
#2 D:\Ampps\www\OVANIC\wp-content\plugins\wp-amp\includes\class-amphtml-template-abstract.php(75): include('D:\\Ampps\\www\\OV...')
#3 D:\Ampps\www\OVANIC\wp-content\plugins\wp-amp\includes\class-amphtml-template.php(267): AMPHTML_Template_Abstract->render()
#4 D:\Ampps\www\OVANIC\wp-includes\class-wp-hook.php(307): AMPHTML_Template->the_template_content()
#5 D:\Ampps\www\OVANIC\wp-includes\class-wp-hook.php(331): WP_Hook->apply_filters()
#6 D:\Ampps\www\OVANIC\wp-includes\plugin.php(476): WP_Hook->do_action()
#7 D:\Ampps\www\OVANIC\wp-content\plugins\wp-amp\templates\base.php(11): do_action()
#8 D:\Ampps\www\OVANIC\wp-content\ in D:\Ampps\www\OVANIC\wp-content\themes\flatsome-child\wp-amp\parts\title.php on line 10

