2022-06-28T07:08:21+00:00 CRITICAL Uncaught ArgumentCountError: Too few arguments to function add_action(), 1 passed in D:\xampp\htdocs\OVANIC\wp-content\themes\flatsome-child\functions\woo.php on line 65 and at least 2 expected in D:\xampp\htdocs\OVANIC\wp-includes\plugin.php:400
Stack trace:
#0 D:\xampp\htdocs\OVANIC\wp-content\themes\flatsome-child\functions\woo.php(65): add_action('woocommerce_ups...')
#1 D:\xampp\htdocs\OVANIC\wp-content\themes\flatsome-child\functions.php(5): require_once('D:\\xampp\\htdocs...')
#2 D:\xampp\htdocs\OVANIC\wp-settings.php(566): include('D:\\xampp\\htdocs...')
#3 D:\xampp\htdocs\OVANIC\wp-config.php(96): require_once('D:\\xampp\\htdocs...')
#4 D:\xampp\htdocs\OVANIC\wp-load.php(50): require_once('D:\\xampp\\htdocs...')
#5 D:\xampp\htdocs\OVANIC\wp-blog-header.php(13): require_once('D:\\xampp\\htdocs...')
#6 D:\xampp\htdocs\OVANIC\index.php(17): require('D:\\xampp\\htdocs...')
#7 {main}
  thrown in D:\xampp\htdocs\OVANIC\wp-includes\plugin.php on line 400

2022-06-28T07:18:21+00:00 CRITICAL Uncaught Error: Cannot use object of type WP_Error as array in D:\xampp\htdocs\OVANIC\wp-content\themes\flatsome-child\functions\woo.php:6
Stack trace:
#0 D:\xampp\htdocs\OVANIC\wp-includes\class-wp-hook.php(307): add_brand_product_singer('')
#1 D:\xampp\htdocs\OVANIC\wp-includes\class-wp-hook.php(331): WP_Hook->apply_filters(NULL, Array)
#2 D:\xampp\htdocs\OVANIC\wp-includes\plugin.php(476): WP_Hook->do_action(Array)
#3 D:\xampp\htdocs\OVANIC\wp-content\themes\flatsome-child\woocommerce\single-product\layouts\product-no-sidebar.php(31): do_action('woocommerce_sin...')
#4 D:\xampp\htdocs\OVANIC\wp-includes\template.php(772): require('D:\\xampp\\htdocs...')
#5 D:\xampp\htdocs\OVANIC\wp-content\plugins\woocommerce\includes\wc-core-functions.php(284): load_template('D:\\xampp\\htdocs...', false)
#6 D:\xampp\htdocs\OVANIC\wp-content\themes\flatsome-child\woocommerce\content-single-product.php(42): wc_get_template_part('single-product/...', 'no-sidebar')
#7 D:\xampp\htdocs\OVANIC\wp-includes\template.php(772): req in D:\xampp\htdocs\OVANIC\wp-content\themes\flatsome-child\functions\woo.php on line 6

2022-06-28T07:18:32+00:00 CRITICAL Uncaught Error: Cannot use object of type WP_Error as array in D:\xampp\htdocs\OVANIC\wp-content\themes\flatsome-child\functions\woo.php:6
Stack trace:
#0 D:\xampp\htdocs\OVANIC\wp-includes\class-wp-hook.php(307): add_brand_product_singer('')
#1 D:\xampp\htdocs\OVANIC\wp-includes\class-wp-hook.php(331): WP_Hook->apply_filters(NULL, Array)
#2 D:\xampp\htdocs\OVANIC\wp-includes\plugin.php(476): WP_Hook->do_action(Array)
#3 D:\xampp\htdocs\OVANIC\wp-content\themes\flatsome-child\woocommerce\single-product\layouts\product-no-sidebar.php(31): do_action('woocommerce_sin...')
#4 D:\xampp\htdocs\OVANIC\wp-includes\template.php(772): require('D:\\xampp\\htdocs...')
#5 D:\xampp\htdocs\OVANIC\wp-content\plugins\woocommerce\includes\wc-core-functions.php(284): load_template('D:\\xampp\\htdocs...', false)
#6 D:\xampp\htdocs\OVANIC\wp-content\themes\flatsome-child\woocommerce\content-single-product.php(42): wc_get_template_part('single-product/...', 'no-sidebar')
#7 D:\xampp\htdocs\OVANIC\wp-includes\template.php(772): req in D:\xampp\htdocs\OVANIC\wp-content\themes\flatsome-child\functions\woo.php on line 6

2022-06-28T07:18:48+00:00 CRITICAL Uncaught Error: Cannot use object of type WP_Error as array in D:\xampp\htdocs\OVANIC\wp-content\themes\flatsome-child\functions\woo.php:6
Stack trace:
#0 D:\xampp\htdocs\OVANIC\wp-includes\class-wp-hook.php(307): add_brand_product_singer('')
#1 D:\xampp\htdocs\OVANIC\wp-includes\class-wp-hook.php(331): WP_Hook->apply_filters(NULL, Array)
#2 D:\xampp\htdocs\OVANIC\wp-includes\plugin.php(476): WP_Hook->do_action(Array)
#3 D:\xampp\htdocs\OVANIC\wp-content\themes\flatsome-child\woocommerce\single-product\layouts\product-no-sidebar.php(31): do_action('woocommerce_sin...')
#4 D:\xampp\htdocs\OVANIC\wp-includes\template.php(772): require('D:\\xampp\\htdocs...')
#5 D:\xampp\htdocs\OVANIC\wp-content\plugins\woocommerce\includes\wc-core-functions.php(284): load_template('D:\\xampp\\htdocs...', false)
#6 D:\xampp\htdocs\OVANIC\wp-content\themes\flatsome-child\woocommerce\content-single-product.php(42): wc_get_template_part('single-product/...', 'no-sidebar')
#7 D:\xampp\htdocs\OVANIC\wp-includes\template.php(772): req in D:\xampp\htdocs\OVANIC\wp-content\themes\flatsome-child\functions\woo.php on line 6

2022-06-28T07:41:22+00:00 CRITICAL Uncaught Error: Call to a member function get_sku() on null in D:\xampp\htdocs\OVANIC\wp-content\themes\flatsome-child\functions\woo.php:9
Stack trace:
#0 D:\xampp\htdocs\OVANIC\wp-includes\class-wp-hook.php(307): add_brand_product_singer('')
#1 D:\xampp\htdocs\OVANIC\wp-includes\class-wp-hook.php(331): WP_Hook->apply_filters(NULL, Array)
#2 D:\xampp\htdocs\OVANIC\wp-includes\plugin.php(476): WP_Hook->do_action(Array)
#3 D:\xampp\htdocs\OVANIC\wp-content\themes\flatsome-child\woocommerce\single-product\layouts\product-no-sidebar.php(31): do_action('woocommerce_sin...')
#4 D:\xampp\htdocs\OVANIC\wp-includes\template.php(772): require('D:\\xampp\\htdocs...')
#5 D:\xampp\htdocs\OVANIC\wp-content\plugins\woocommerce\includes\wc-core-functions.php(284): load_template('D:\\xampp\\htdocs...', false)
#6 D:\xampp\htdocs\OVANIC\wp-content\themes\flatsome-child\woocommerce\content-single-product.php(41): wc_get_template_part('single-product/...', 'no-sidebar')
#7 D:\xampp\htdocs\OVANIC\wp-includes\template.php(772): req in D:\xampp\htdocs\OVANIC\wp-content\themes\flatsome-child\functions\woo.php on line 9

2022-06-28T07:41:30+00:00 CRITICAL Uncaught Error: Call to a member function get_sku() on null in D:\xampp\htdocs\OVANIC\wp-content\themes\flatsome-child\functions\woo.php:9
Stack trace:
#0 D:\xampp\htdocs\OVANIC\wp-includes\class-wp-hook.php(307): add_brand_product_singer('')
#1 D:\xampp\htdocs\OVANIC\wp-includes\class-wp-hook.php(331): WP_Hook->apply_filters(NULL, Array)
#2 D:\xampp\htdocs\OVANIC\wp-includes\plugin.php(476): WP_Hook->do_action(Array)
#3 D:\xampp\htdocs\OVANIC\wp-content\themes\flatsome-child\woocommerce\single-product\layouts\product-no-sidebar.php(31): do_action('woocommerce_sin...')
#4 D:\xampp\htdocs\OVANIC\wp-includes\template.php(772): require('D:\\xampp\\htdocs...')
#5 D:\xampp\htdocs\OVANIC\wp-content\plugins\woocommerce\includes\wc-core-functions.php(284): load_template('D:\\xampp\\htdocs...', false)
#6 D:\xampp\htdocs\OVANIC\wp-content\themes\flatsome-child\woocommerce\content-single-product.php(41): wc_get_template_part('single-product/...', 'no-sidebar')
#7 D:\xampp\htdocs\OVANIC\wp-includes\template.php(772): req in D:\xampp\htdocs\OVANIC\wp-content\themes\flatsome-child\functions\woo.php on line 9

2022-06-28T07:42:04+00:00 CRITICAL Uncaught Error: Call to a member function get_sku() on null in D:\xampp\htdocs\OVANIC\wp-content\themes\flatsome-child\functions\woo.php:9
Stack trace:
#0 D:\xampp\htdocs\OVANIC\wp-includes\class-wp-hook.php(307): add_brand_product_singer('')
#1 D:\xampp\htdocs\OVANIC\wp-includes\class-wp-hook.php(331): WP_Hook->apply_filters(NULL, Array)
#2 D:\xampp\htdocs\OVANIC\wp-includes\plugin.php(476): WP_Hook->do_action(Array)
#3 D:\xampp\htdocs\OVANIC\wp-content\themes\flatsome-child\woocommerce\single-product\layouts\product-no-sidebar.php(31): do_action('woocommerce_sin...')
#4 D:\xampp\htdocs\OVANIC\wp-includes\template.php(772): require('D:\\xampp\\htdocs...')
#5 D:\xampp\htdocs\OVANIC\wp-content\plugins\woocommerce\includes\wc-core-functions.php(284): load_template('D:\\xampp\\htdocs...', false)
#6 D:\xampp\htdocs\OVANIC\wp-content\themes\flatsome-child\woocommerce\content-single-product.php(41): wc_get_template_part('single-product/...', 'no-sidebar')
#7 D:\xampp\htdocs\OVANIC\wp-includes\template.php(772): req in D:\xampp\htdocs\OVANIC\wp-content\themes\flatsome-child\functions\woo.php on line 9

2022-06-28T07:42:24+00:00 CRITICAL Uncaught Error: Call to a member function get_sku() on null in D:\xampp\htdocs\OVANIC\wp-content\themes\flatsome-child\functions\woo.php:9
Stack trace:
#0 D:\xampp\htdocs\OVANIC\wp-includes\class-wp-hook.php(307): add_brand_product_singer('')
#1 D:\xampp\htdocs\OVANIC\wp-includes\class-wp-hook.php(331): WP_Hook->apply_filters(NULL, Array)
#2 D:\xampp\htdocs\OVANIC\wp-includes\plugin.php(476): WP_Hook->do_action(Array)
#3 D:\xampp\htdocs\OVANIC\wp-content\themes\flatsome-child\woocommerce\single-product\layouts\product-no-sidebar.php(31): do_action('woocommerce_sin...')
#4 D:\xampp\htdocs\OVANIC\wp-includes\template.php(772): require('D:\\xampp\\htdocs...')
#5 D:\xampp\htdocs\OVANIC\wp-content\plugins\woocommerce\includes\wc-core-functions.php(284): load_template('D:\\xampp\\htdocs...', false)
#6 D:\xampp\htdocs\OVANIC\wp-content\themes\flatsome-child\woocommerce\content-single-product.php(41): wc_get_template_part('single-product/...', 'no-sidebar')
#7 D:\xampp\htdocs\OVANIC\wp-includes\template.php(772): req in D:\xampp\htdocs\OVANIC\wp-content\themes\flatsome-child\functions\woo.php on line 9

2022-06-28T07:43:15+00:00 CRITICAL Uncaught Error: Call to a member function get_sku() on null in D:\xampp\htdocs\OVANIC\wp-content\themes\flatsome-child\functions\woo.php:7
Stack trace:
#0 D:\xampp\htdocs\OVANIC\wp-includes\class-wp-hook.php(307): add_brand_product_singer('')
#1 D:\xampp\htdocs\OVANIC\wp-includes\class-wp-hook.php(331): WP_Hook->apply_filters(NULL, Array)
#2 D:\xampp\htdocs\OVANIC\wp-includes\plugin.php(476): WP_Hook->do_action(Array)
#3 D:\xampp\htdocs\OVANIC\wp-content\themes\flatsome-child\woocommerce\single-product\layouts\product-no-sidebar.php(31): do_action('woocommerce_sin...')
#4 D:\xampp\htdocs\OVANIC\wp-includes\template.php(772): require('D:\\xampp\\htdocs...')
#5 D:\xampp\htdocs\OVANIC\wp-content\plugins\woocommerce\includes\wc-core-functions.php(284): load_template('D:\\xampp\\htdocs...', false)
#6 D:\xampp\htdocs\OVANIC\wp-content\themes\flatsome-child\woocommerce\content-single-product.php(41): wc_get_template_part('single-product/...', 'no-sidebar')
#7 D:\xampp\htdocs\OVANIC\wp-includes\template.php(772): req in D:\xampp\htdocs\OVANIC\wp-content\themes\flatsome-child\functions\woo.php on line 7

