2022-07-31T00:34:20+00:00 CRITICAL Uncaught Error: Call to a member function get_attribute() on bool in /home/customer/www/ovanic.vn/public_html/wp-content/themes/flatsome-child/wp-amp/parts/title.php:10
Stack trace:
#0 /home/customer/www/ovanic.vn/public_html/wp-content/plugins/wp-amp/includes/class-amphtml-template-abstract.php(75): include()
#1 /home/customer/www/ovanic.vn/public_html/wp-content/plugins/wp-amp/templates/single-content.php(21): AMPHTML_Template_Abstract->render('title')
#2 /home/customer/www/ovanic.vn/public_html/wp-content/plugins/wp-amp/includes/class-amphtml-template-abstract.php(75): include('/home/customer/...')
#3 /home/customer/www/ovanic.vn/public_html/wp-content/plugins/wp-amp/includes/class-amphtml-template.php(267): AMPHTML_Template_Abstract->render('single-content')
#4 /home/customer/www/ovanic.vn/public_html/wp-includes/class-wp-hook.php(307): AMPHTML_Template->the_template_content('')
#5 /home/customer/www/ovanic.vn/public_html/wp-includes/class-wp-hook.php(331): WP_Hook->apply_filters('', Array)
#6 /home/custo in /home/customer/www/ovanic.vn/public_html/wp-content/themes/flatsome-child/wp-amp/parts/title.php on line 10

2022-07-31T00:59:41+00:00 CRITICAL Uncaught Error: Call to a member function get_attribute() on bool in /home/customer/www/ovanic.vn/public_html/wp-content/themes/flatsome-child/wp-amp/parts/title.php:10
Stack trace:
#0 /home/customer/www/ovanic.vn/public_html/wp-content/plugins/wp-amp/includes/class-amphtml-template-abstract.php(75): include()
#1 /home/customer/www/ovanic.vn/public_html/wp-content/plugins/wp-amp/templates/single-content.php(21): AMPHTML_Template_Abstract->render('title')
#2 /home/customer/www/ovanic.vn/public_html/wp-content/plugins/wp-amp/includes/class-amphtml-template-abstract.php(75): include('/home/customer/...')
#3 /home/customer/www/ovanic.vn/public_html/wp-content/plugins/wp-amp/includes/class-amphtml-template.php(267): AMPHTML_Template_Abstract->render('single-content')
#4 /home/customer/www/ovanic.vn/public_html/wp-includes/class-wp-hook.php(307): AMPHTML_Template->the_template_content('')
#5 /home/customer/www/ovanic.vn/public_html/wp-includes/class-wp-hook.php(331): WP_Hook->apply_filters('', Array)
#6 /home/custo in /home/customer/www/ovanic.vn/public_html/wp-content/themes/flatsome-child/wp-amp/parts/title.php on line 10

2022-07-31T00:59:41+00:00 CRITICAL Uncaught Error: Call to a member function get_attribute() on bool in /home/customer/www/ovanic.vn/public_html/wp-content/themes/flatsome-child/wp-amp/parts/title.php:10
Stack trace:
#0 /home/customer/www/ovanic.vn/public_html/wp-content/plugins/wp-amp/includes/class-amphtml-template-abstract.php(75): include()
#1 /home/customer/www/ovanic.vn/public_html/wp-content/plugins/wp-amp/templates/single-content.php(21): AMPHTML_Template_Abstract->render('title')
#2 /home/customer/www/ovanic.vn/public_html/wp-content/plugins/wp-amp/includes/class-amphtml-template-abstract.php(75): include('/home/customer/...')
#3 /home/customer/www/ovanic.vn/public_html/wp-content/plugins/wp-amp/includes/class-amphtml-template.php(267): AMPHTML_Template_Abstract->render('single-content')
#4 /home/customer/www/ovanic.vn/public_html/wp-includes/class-wp-hook.php(307): AMPHTML_Template->the_template_content('')
#5 /home/customer/www/ovanic.vn/public_html/wp-includes/class-wp-hook.php(331): WP_Hook->apply_filters('', Array)
#6 /home/custo in /home/customer/www/ovanic.vn/public_html/wp-content/themes/flatsome-child/wp-amp/parts/title.php on line 10

2022-07-31T00:59:42+00:00 CRITICAL Uncaught Error: Call to a member function get_attribute() on bool in /home/customer/www/ovanic.vn/public_html/wp-content/themes/flatsome-child/wp-amp/parts/title.php:10
Stack trace:
#0 /home/customer/www/ovanic.vn/public_html/wp-content/plugins/wp-amp/includes/class-amphtml-template-abstract.php(75): include()
#1 /home/customer/www/ovanic.vn/public_html/wp-content/plugins/wp-amp/templates/single-content.php(21): AMPHTML_Template_Abstract->render('title')
#2 /home/customer/www/ovanic.vn/public_html/wp-content/plugins/wp-amp/includes/class-amphtml-template-abstract.php(75): include('/home/customer/...')
#3 /home/customer/www/ovanic.vn/public_html/wp-content/plugins/wp-amp/includes/class-amphtml-template.php(267): AMPHTML_Template_Abstract->render('single-content')
#4 /home/customer/www/ovanic.vn/public_html/wp-includes/class-wp-hook.php(307): AMPHTML_Template->the_template_content('')
#5 /home/customer/www/ovanic.vn/public_html/wp-includes/class-wp-hook.php(331): WP_Hook->apply_filters('', Array)
#6 /home/custo in /home/customer/www/ovanic.vn/public_html/wp-content/themes/flatsome-child/wp-amp/parts/title.php on line 10

2022-07-31T01:26:35+00:00 CRITICAL Uncaught Error: Call to a member function get_attribute() on bool in /home/customer/www/ovanic.vn/public_html/wp-content/themes/flatsome-child/wp-amp/parts/title.php:10
Stack trace:
#0 /home/customer/www/ovanic.vn/public_html/wp-content/plugins/wp-amp/includes/class-amphtml-template-abstract.php(75): include()
#1 /home/customer/www/ovanic.vn/public_html/wp-content/plugins/wp-amp/templates/single-content.php(21): AMPHTML_Template_Abstract->render('title')
#2 /home/customer/www/ovanic.vn/public_html/wp-content/plugins/wp-amp/includes/class-amphtml-template-abstract.php(75): include('/home/customer/...')
#3 /home/customer/www/ovanic.vn/public_html/wp-content/plugins/wp-amp/includes/class-amphtml-template.php(267): AMPHTML_Template_Abstract->render('single-content')
#4 /home/customer/www/ovanic.vn/public_html/wp-includes/class-wp-hook.php(307): AMPHTML_Template->the_template_content('')
#5 /home/customer/www/ovanic.vn/public_html/wp-includes/class-wp-hook.php(331): WP_Hook->apply_filters('', Array)
#6 /home/custo in /home/customer/www/ovanic.vn/public_html/wp-content/themes/flatsome-child/wp-amp/parts/title.php on line 10

2022-07-31T02:42:21+00:00 CRITICAL Uncaught Error: Call to a member function get_attribute() on bool in /home/customer/www/ovanic.vn/public_html/wp-content/themes/flatsome-child/wp-amp/parts/title.php:10
Stack trace:
#0 /home/customer/www/ovanic.vn/public_html/wp-content/plugins/wp-amp/includes/class-amphtml-template-abstract.php(75): include()
#1 /home/customer/www/ovanic.vn/public_html/wp-content/plugins/wp-amp/templates/single-content.php(21): AMPHTML_Template_Abstract->render('title')
#2 /home/customer/www/ovanic.vn/public_html/wp-content/plugins/wp-amp/includes/class-amphtml-template-abstract.php(75): include('/home/customer/...')
#3 /home/customer/www/ovanic.vn/public_html/wp-content/plugins/wp-amp/includes/class-amphtml-template.php(267): AMPHTML_Template_Abstract->render('single-content')
#4 /home/customer/www/ovanic.vn/public_html/wp-includes/class-wp-hook.php(307): AMPHTML_Template->the_template_content('')
#5 /home/customer/www/ovanic.vn/public_html/wp-includes/class-wp-hook.php(331): WP_Hook->apply_filters('', Array)
#6 /home/custo in /home/customer/www/ovanic.vn/public_html/wp-content/themes/flatsome-child/wp-amp/parts/title.php on line 10

2022-07-31T02:42:28+00:00 CRITICAL Uncaught Error: Call to a member function get_attribute() on bool in /home/customer/www/ovanic.vn/public_html/wp-content/themes/flatsome-child/wp-amp/parts/title.php:10
Stack trace:
#0 /home/customer/www/ovanic.vn/public_html/wp-content/plugins/wp-amp/includes/class-amphtml-template-abstract.php(75): include()
#1 /home/customer/www/ovanic.vn/public_html/wp-content/plugins/wp-amp/templates/single-content.php(21): AMPHTML_Template_Abstract->render('title')
#2 /home/customer/www/ovanic.vn/public_html/wp-content/plugins/wp-amp/includes/class-amphtml-template-abstract.php(75): include('/home/customer/...')
#3 /home/customer/www/ovanic.vn/public_html/wp-content/plugins/wp-amp/includes/class-amphtml-template.php(267): AMPHTML_Template_Abstract->render('single-content')
#4 /home/customer/www/ovanic.vn/public_html/wp-includes/class-wp-hook.php(307): AMPHTML_Template->the_template_content('')
#5 /home/customer/www/ovanic.vn/public_html/wp-includes/class-wp-hook.php(331): WP_Hook->apply_filters('', Array)
#6 /home/custo in /home/customer/www/ovanic.vn/public_html/wp-content/themes/flatsome-child/wp-amp/parts/title.php on line 10

2022-07-31T03:00:59+00:00 CRITICAL Uncaught Error: Call to a member function get_attribute() on bool in /home/customer/www/ovanic.vn/public_html/wp-content/themes/flatsome-child/wp-amp/parts/title.php:10
Stack trace:
#0 /home/customer/www/ovanic.vn/public_html/wp-content/plugins/wp-amp/includes/class-amphtml-template-abstract.php(75): include()
#1 /home/customer/www/ovanic.vn/public_html/wp-content/plugins/wp-amp/templates/single-content.php(21): AMPHTML_Template_Abstract->render('title')
#2 /home/customer/www/ovanic.vn/public_html/wp-content/plugins/wp-amp/includes/class-amphtml-template-abstract.php(75): include('/home/customer/...')
#3 /home/customer/www/ovanic.vn/public_html/wp-content/plugins/wp-amp/includes/class-amphtml-template.php(267): AMPHTML_Template_Abstract->render('single-content')
#4 /home/customer/www/ovanic.vn/public_html/wp-includes/class-wp-hook.php(307): AMPHTML_Template->the_template_content('')
#5 /home/customer/www/ovanic.vn/public_html/wp-includes/class-wp-hook.php(331): WP_Hook->apply_filters('', Array)
#6 /home/custo in /home/customer/www/ovanic.vn/public_html/wp-content/themes/flatsome-child/wp-amp/parts/title.php on line 10

2022-07-31T03:12:05+00:00 CRITICAL Uncaught Error: Call to a member function get_attribute() on bool in /home/customer/www/ovanic.vn/public_html/wp-content/themes/flatsome-child/wp-amp/parts/title.php:10
Stack trace:
#0 /home/customer/www/ovanic.vn/public_html/wp-content/plugins/wp-amp/includes/class-amphtml-template-abstract.php(75): include()
#1 /home/customer/www/ovanic.vn/public_html/wp-content/plugins/wp-amp/templates/single-content.php(21): AMPHTML_Template_Abstract->render('title')
#2 /home/customer/www/ovanic.vn/public_html/wp-content/plugins/wp-amp/includes/class-amphtml-template-abstract.php(75): include('/home/customer/...')
#3 /home/customer/www/ovanic.vn/public_html/wp-content/plugins/wp-amp/includes/class-amphtml-template.php(267): AMPHTML_Template_Abstract->render('single-content')
#4 /home/customer/www/ovanic.vn/public_html/wp-includes/class-wp-hook.php(307): AMPHTML_Template->the_template_content('')
#5 /home/customer/www/ovanic.vn/public_html/wp-includes/class-wp-hook.php(331): WP_Hook->apply_filters('', Array)
#6 /home/custo in /home/customer/www/ovanic.vn/public_html/wp-content/themes/flatsome-child/wp-amp/parts/title.php on line 10

2022-07-31T04:13:23+00:00 CRITICAL Uncaught Error: Call to a member function get_attribute() on bool in /home/customer/www/ovanic.vn/public_html/wp-content/themes/flatsome-child/wp-amp/parts/title.php:10
Stack trace:
#0 /home/customer/www/ovanic.vn/public_html/wp-content/plugins/wp-amp/includes/class-amphtml-template-abstract.php(75): include()
#1 /home/customer/www/ovanic.vn/public_html/wp-content/plugins/wp-amp/templates/single-content.php(21): AMPHTML_Template_Abstract->render('title')
#2 /home/customer/www/ovanic.vn/public_html/wp-content/plugins/wp-amp/includes/class-amphtml-template-abstract.php(75): include('/home/customer/...')
#3 /home/customer/www/ovanic.vn/public_html/wp-content/plugins/wp-amp/includes/class-amphtml-template.php(267): AMPHTML_Template_Abstract->render('single-content')
#4 /home/customer/www/ovanic.vn/public_html/wp-includes/class-wp-hook.php(307): AMPHTML_Template->the_template_content('')
#5 /home/customer/www/ovanic.vn/public_html/wp-includes/class-wp-hook.php(331): WP_Hook->apply_filters('', Array)
#6 /home/custo in /home/customer/www/ovanic.vn/public_html/wp-content/themes/flatsome-child/wp-amp/parts/title.php on line 10

