2022-06-30T01:17:07+00:00 CRITICAL Uncaught ArgumentCountError: Too few arguments to function add_action(), 1 passed in D:\xampp\htdocs\OVANIC\wp-content\themes\flatsome-child\functions\woo.php on line 21 and at least 2 expected in D:\xampp\htdocs\OVANIC\wp-includes\plugin.php:400
Stack trace:
#0 D:\xampp\htdocs\OVANIC\wp-content\themes\flatsome-child\functions\woo.php(21): add_action('add_brand_produ...')
#1 D:\xampp\htdocs\OVANIC\wp-content\themes\flatsome-child\functions.php(5): require_once('D:\\xampp\\htdocs...')
#2 D:\xampp\htdocs\OVANIC\wp-settings.php(566): include('D:\\xampp\\htdocs...')
#3 D:\xampp\htdocs\OVANIC\wp-config.php(96): require_once('D:\\xampp\\htdocs...')
#4 D:\xampp\htdocs\OVANIC\wp-load.php(50): require_once('D:\\xampp\\htdocs...')
#5 D:\xampp\htdocs\OVANIC\wp-blog-header.php(13): require_once('D:\\xampp\\htdocs...')
#6 D:\xampp\htdocs\OVANIC\index.php(17): require('D:\\xampp\\htdocs...')
#7 {main}
  thrown in D:\xampp\htdocs\OVANIC\wp-includes\plugin.php on line 400

2022-06-30T01:17:08+00:00 CRITICAL Uncaught ArgumentCountError: Too few arguments to function add_action(), 1 passed in D:\xampp\htdocs\OVANIC\wp-content\themes\flatsome-child\functions\woo.php on line 21 and at least 2 expected in D:\xampp\htdocs\OVANIC\wp-includes\plugin.php:400
Stack trace:
#0 D:\xampp\htdocs\OVANIC\wp-content\themes\flatsome-child\functions\woo.php(21): add_action('add_brand_produ...')
#1 D:\xampp\htdocs\OVANIC\wp-content\themes\flatsome-child\functions.php(5): require_once('D:\\xampp\\htdocs...')
#2 D:\xampp\htdocs\OVANIC\wp-settings.php(566): include('D:\\xampp\\htdocs...')
#3 D:\xampp\htdocs\OVANIC\wp-config.php(96): require_once('D:\\xampp\\htdocs...')
#4 D:\xampp\htdocs\OVANIC\wp-load.php(50): require_once('D:\\xampp\\htdocs...')
#5 D:\xampp\htdocs\OVANIC\wp-blog-header.php(13): require_once('D:\\xampp\\htdocs...')
#6 D:\xampp\htdocs\OVANIC\index.php(17): require('D:\\xampp\\htdocs...')
#7 {main}
  thrown in D:\xampp\htdocs\OVANIC\wp-includes\plugin.php on line 400

2022-06-30T15:21:42+00:00 CRITICAL Uncaught Error: Cannot use object of type WP_Error as array in D:\Ampps\www\OVANIC\wp-content\themes\flatsome-child\woocommerce\single-product\layouts\product-no-sidebar.php:78
Stack trace:
#0 D:\Ampps\www\OVANIC\wp-includes\template.php(772): require()
#1 D:\Ampps\www\OVANIC\wp-content\plugins\woocommerce\includes\wc-core-functions.php(284): load_template()
#2 D:\Ampps\www\OVANIC\wp-content\themes\flatsome-child\woocommerce\content-single-product.php(41): wc_get_template_part()
#3 D:\Ampps\www\OVANIC\wp-includes\template.php(772): require('D:\\Ampps\\www\\OV...')
#4 D:\Ampps\www\OVANIC\wp-content\plugins\woocommerce\includes\wc-core-functions.php(284): load_template()
#5 D:\Ampps\www\OVANIC\wp-content\themes\flatsome\woocommerce\single-product.php(38): wc_get_template_part()
#6 D:\Ampps\www\OVANIC\wp-includes\template-loader.php(106): include('D:\\Ampps\\www\\OV...')
#7 D:\Ampps\www\OVANIC\wp-blog-header.php(19): require_once('D:\\Ampps\\www\\OV...')
#8 D:\Ampps\www\OVANIC\index.php(17): require('D:\\Ampps\\ in D:\Ampps\www\OVANIC\wp-content\themes\flatsome-child\woocommerce\single-product\layouts\product-no-sidebar.php on line 78

2022-06-30T15:22:22+00:00 CRITICAL Uncaught Error: Cannot use object of type WP_Error as array in D:\Ampps\www\OVANIC\wp-content\themes\flatsome-child\woocommerce\single-product\layouts\product-no-sidebar.php:79
Stack trace:
#0 D:\Ampps\www\OVANIC\wp-includes\template.php(772): require()
#1 D:\Ampps\www\OVANIC\wp-content\plugins\woocommerce\includes\wc-core-functions.php(284): load_template()
#2 D:\Ampps\www\OVANIC\wp-content\themes\flatsome-child\woocommerce\content-single-product.php(41): wc_get_template_part()
#3 D:\Ampps\www\OVANIC\wp-includes\template.php(772): require('D:\\Ampps\\www\\OV...')
#4 D:\Ampps\www\OVANIC\wp-content\plugins\woocommerce\includes\wc-core-functions.php(284): load_template()
#5 D:\Ampps\www\OVANIC\wp-content\themes\flatsome\woocommerce\single-product.php(38): wc_get_template_part()
#6 D:\Ampps\www\OVANIC\wp-includes\template-loader.php(106): include('D:\\Ampps\\www\\OV...')
#7 D:\Ampps\www\OVANIC\wp-blog-header.php(19): require_once('D:\\Ampps\\www\\OV...')
#8 D:\Ampps\www\OVANIC\index.php(17): require('D:\\Ampps\\ in D:\Ampps\www\OVANIC\wp-content\themes\flatsome-child\woocommerce\single-product\layouts\product-no-sidebar.php on line 79

2022-06-30T15:23:39+00:00 CRITICAL Uncaught ArgumentCountError: Too few arguments to function get_the_terms(), 1 passed in D:\Ampps\www\OVANIC\wp-content\themes\flatsome-child\woocommerce\single-product\layouts\product-no-sidebar.php on line 74 and exactly 2 expected in D:\Ampps\www\OVANIC\wp-includes\category-template.php:1278
Stack trace:
#0 D:\Ampps\www\OVANIC\wp-content\themes\flatsome-child\woocommerce\single-product\layouts\product-no-sidebar.php(74): get_the_terms()
#1 D:\Ampps\www\OVANIC\wp-includes\template.php(772): require('D:\\Ampps\\www\\OV...')
#2 D:\Ampps\www\OVANIC\wp-content\plugins\woocommerce\includes\wc-core-functions.php(284): load_template()
#3 D:\Ampps\www\OVANIC\wp-content\themes\flatsome-child\woocommerce\content-single-product.php(41): wc_get_template_part()
#4 D:\Ampps\www\OVANIC\wp-includes\template.php(772): require('D:\\Ampps\\www\\OV...')
#5 D:\Ampps\www\OVANIC\wp-content\plugins\woocommerce\includes\wc-core-functions.php(284): load_template()
#6 D:\Ampps\www\OVANIC\wp-content\themes\flatsome\woocommerce\single-p in D:\Ampps\www\OVANIC\wp-includes\category-template.php on line 1278

2022-06-30T15:28:28+00:00 CRITICAL Uncaught Error: Cannot use object of type WP_Error as array in D:\Ampps\www\OVANIC\wp-content\themes\flatsome-child\woocommerce\single-product\layouts\product-no-sidebar.php:80
Stack trace:
#0 D:\Ampps\www\OVANIC\wp-includes\template.php(772): require()
#1 D:\Ampps\www\OVANIC\wp-content\plugins\woocommerce\includes\wc-core-functions.php(284): load_template()
#2 D:\Ampps\www\OVANIC\wp-content\themes\flatsome-child\woocommerce\content-single-product.php(41): wc_get_template_part()
#3 D:\Ampps\www\OVANIC\wp-includes\template.php(772): require('D:\\Ampps\\www\\OV...')
#4 D:\Ampps\www\OVANIC\wp-content\plugins\woocommerce\includes\wc-core-functions.php(284): load_template()
#5 D:\Ampps\www\OVANIC\wp-content\themes\flatsome\woocommerce\single-product.php(38): wc_get_template_part()
#6 D:\Ampps\www\OVANIC\wp-includes\template-loader.php(106): include('D:\\Ampps\\www\\OV...')
#7 D:\Ampps\www\OVANIC\wp-blog-header.php(19): require_once('D:\\Ampps\\www\\OV...')
#8 D:\Ampps\www\OVANIC\index.php(17): require('D:\\Ampps\\ in D:\Ampps\www\OVANIC\wp-content\themes\flatsome-child\woocommerce\single-product\layouts\product-no-sidebar.php on line 80

2022-06-30T15:29:15+00:00 CRITICAL Uncaught ArgumentCountError: Too few arguments to function get_the_terms(), 1 passed in D:\Ampps\www\OVANIC\wp-content\themes\flatsome-child\woocommerce\single-product\layouts\product-no-sidebar.php on line 75 and exactly 2 expected in D:\Ampps\www\OVANIC\wp-includes\category-template.php:1278
Stack trace:
#0 D:\Ampps\www\OVANIC\wp-content\themes\flatsome-child\woocommerce\single-product\layouts\product-no-sidebar.php(75): get_the_terms()
#1 D:\Ampps\www\OVANIC\wp-includes\template.php(772): require('D:\\Ampps\\www\\OV...')
#2 D:\Ampps\www\OVANIC\wp-content\plugins\woocommerce\includes\wc-core-functions.php(284): load_template()
#3 D:\Ampps\www\OVANIC\wp-content\themes\flatsome-child\woocommerce\content-single-product.php(41): wc_get_template_part()
#4 D:\Ampps\www\OVANIC\wp-includes\template.php(772): require('D:\\Ampps\\www\\OV...')
#5 D:\Ampps\www\OVANIC\wp-content\plugins\woocommerce\includes\wc-core-functions.php(284): load_template()
#6 D:\Ampps\www\OVANIC\wp-content\themes\flatsome\woocommerce\single-p in D:\Ampps\www\OVANIC\wp-includes\category-template.php on line 1278

2022-06-30T15:30:10+00:00 CRITICAL Uncaught Error: Cannot use object of type WP_Error as array in D:\Ampps\www\OVANIC\wp-content\themes\flatsome-child\woocommerce\single-product\layouts\product-no-sidebar.php:80
Stack trace:
#0 D:\Ampps\www\OVANIC\wp-includes\template.php(772): require()
#1 D:\Ampps\www\OVANIC\wp-content\plugins\woocommerce\includes\wc-core-functions.php(284): load_template()
#2 D:\Ampps\www\OVANIC\wp-content\themes\flatsome-child\woocommerce\content-single-product.php(41): wc_get_template_part()
#3 D:\Ampps\www\OVANIC\wp-includes\template.php(772): require('D:\\Ampps\\www\\OV...')
#4 D:\Ampps\www\OVANIC\wp-content\plugins\woocommerce\includes\wc-core-functions.php(284): load_template()
#5 D:\Ampps\www\OVANIC\wp-content\themes\flatsome\woocommerce\single-product.php(38): wc_get_template_part()
#6 D:\Ampps\www\OVANIC\wp-includes\template-loader.php(106): include('D:\\Ampps\\www\\OV...')
#7 D:\Ampps\www\OVANIC\wp-blog-header.php(19): require_once('D:\\Ampps\\www\\OV...')
#8 D:\Ampps\www\OVANIC\index.php(17): require('D:\\Ampps\\ in D:\Ampps\www\OVANIC\wp-content\themes\flatsome-child\woocommerce\single-product\layouts\product-no-sidebar.php on line 80

2022-06-30T15:36:40+00:00 CRITICAL Uncaught Error: Cannot use object of type WP_Error as array in D:\Ampps\www\OVANIC\wp-content\themes\flatsome-child\functions\woo.php:28
Stack trace:
#0 D:\Ampps\www\OVANIC\wp-includes\class-wp-hook.php(307): show_brand_name()
#1 D:\Ampps\www\OVANIC\wp-includes\class-wp-hook.php(331): WP_Hook->apply_filters()
#2 D:\Ampps\www\OVANIC\wp-includes\plugin.php(476): WP_Hook->do_action()
#3 D:\Ampps\www\OVANIC\wp-content\themes\flatsome-child\woocommerce\single-product\layouts\product-no-sidebar.php(75): do_action()
#4 D:\Ampps\www\OVANIC\wp-includes\template.php(772): require('D:\\Ampps\\www\\OV...')
#5 D:\Ampps\www\OVANIC\wp-content\plugins\woocommerce\includes\wc-core-functions.php(284): load_template()
#6 D:\Ampps\www\OVANIC\wp-content\themes\flatsome-child\woocommerce\content-single-product.php(41): wc_get_template_part()
#7 D:\Ampps\www\OVANIC\wp-includes\template.php(772): require('D:\\Ampps\\www\\OV...')
#8 D:\Ampps\www\OVANIC\wp-content\plugins\woocommerce\includes\wc-core-functions.php(284): load_template( in D:\Ampps\www\OVANIC\wp-content\themes\flatsome-child\functions\woo.php on line 28

2022-06-30T15:37:10+00:00 CRITICAL Uncaught Error: Cannot use object of type WP_Error as array in D:\Ampps\www\OVANIC\wp-content\themes\flatsome-child\functions\woo.php:29
Stack trace:
#0 D:\Ampps\www\OVANIC\wp-includes\class-wp-hook.php(307): show_brand_name()
#1 D:\Ampps\www\OVANIC\wp-includes\class-wp-hook.php(331): WP_Hook->apply_filters()
#2 D:\Ampps\www\OVANIC\wp-includes\plugin.php(476): WP_Hook->do_action()
#3 D:\Ampps\www\OVANIC\wp-content\themes\flatsome-child\woocommerce\single-product\layouts\product-no-sidebar.php(75): do_action()
#4 D:\Ampps\www\OVANIC\wp-includes\template.php(772): require('D:\\Ampps\\www\\OV...')
#5 D:\Ampps\www\OVANIC\wp-content\plugins\woocommerce\includes\wc-core-functions.php(284): load_template()
#6 D:\Ampps\www\OVANIC\wp-content\themes\flatsome-child\woocommerce\content-single-product.php(41): wc_get_template_part()
#7 D:\Ampps\www\OVANIC\wp-includes\template.php(772): require('D:\\Ampps\\www\\OV...')
#8 D:\Ampps\www\OVANIC\wp-content\plugins\woocommerce\includes\wc-core-functions.php(284): load_template( in D:\Ampps\www\OVANIC\wp-content\themes\flatsome-child\functions\woo.php on line 29

2022-06-30T15:39:04+00:00 CRITICAL Uncaught Error: Cannot use object of type WP_Error as array in D:\Ampps\www\OVANIC\wp-content\themes\flatsome-child\functions\woo.php:30
Stack trace:
#0 D:\Ampps\www\OVANIC\wp-includes\class-wp-hook.php(307): show_brand_name()
#1 D:\Ampps\www\OVANIC\wp-includes\class-wp-hook.php(331): WP_Hook->apply_filters()
#2 D:\Ampps\www\OVANIC\wp-includes\plugin.php(476): WP_Hook->do_action()
#3 D:\Ampps\www\OVANIC\wp-content\themes\flatsome-child\woocommerce\single-product\layouts\product-no-sidebar.php(75): do_action()
#4 D:\Ampps\www\OVANIC\wp-includes\template.php(772): require('D:\\Ampps\\www\\OV...')
#5 D:\Ampps\www\OVANIC\wp-content\plugins\woocommerce\includes\wc-core-functions.php(284): load_template()
#6 D:\Ampps\www\OVANIC\wp-content\themes\flatsome-child\woocommerce\content-single-product.php(41): wc_get_template_part()
#7 D:\Ampps\www\OVANIC\wp-includes\template.php(772): require('D:\\Ampps\\www\\OV...')
#8 D:\Ampps\www\OVANIC\wp-content\plugins\woocommerce\includes\wc-core-functions.php(284): load_template( in D:\Ampps\www\OVANIC\wp-content\themes\flatsome-child\functions\woo.php on line 30

2022-06-30T15:39:58+00:00 CRITICAL Uncaught Error: Cannot use object of type WP_Error as array in D:\Ampps\www\OVANIC\wp-content\themes\flatsome-child\functions\woo.php:30
Stack trace:
#0 D:\Ampps\www\OVANIC\wp-includes\class-wp-hook.php(307): show_info()
#1 D:\Ampps\www\OVANIC\wp-includes\class-wp-hook.php(331): WP_Hook->apply_filters()
#2 D:\Ampps\www\OVANIC\wp-includes\plugin.php(476): WP_Hook->do_action()
#3 D:\Ampps\www\OVANIC\wp-content\themes\flatsome-child\woocommerce\single-product\layouts\product-no-sidebar.php(75): do_action()
#4 D:\Ampps\www\OVANIC\wp-includes\template.php(772): require('D:\\Ampps\\www\\OV...')
#5 D:\Ampps\www\OVANIC\wp-content\plugins\woocommerce\includes\wc-core-functions.php(284): load_template()
#6 D:\Ampps\www\OVANIC\wp-content\themes\flatsome-child\woocommerce\content-single-product.php(41): wc_get_template_part()
#7 D:\Ampps\www\OVANIC\wp-includes\template.php(772): require('D:\\Ampps\\www\\OV...')
#8 D:\Ampps\www\OVANIC\wp-content\plugins\woocommerce\includes\wc-core-functions.php(284): load_template()
#9 D in D:\Ampps\www\OVANIC\wp-content\themes\flatsome-child\functions\woo.php on line 30

2022-06-30T15:41:36+00:00 CRITICAL Uncaught Error: Cannot use object of type WP_Error as array in D:\Ampps\www\OVANIC\wp-content\themes\flatsome-child\functions\woo.php:31
Stack trace:
#0 D:\Ampps\www\OVANIC\wp-includes\class-wp-hook.php(307): show_info()
#1 D:\Ampps\www\OVANIC\wp-includes\class-wp-hook.php(331): WP_Hook->apply_filters()
#2 D:\Ampps\www\OVANIC\wp-includes\plugin.php(476): WP_Hook->do_action()
#3 D:\Ampps\www\OVANIC\wp-content\themes\flatsome-child\woocommerce\single-product\layouts\product-no-sidebar.php(75): do_action()
#4 D:\Ampps\www\OVANIC\wp-includes\template.php(772): require('D:\\Ampps\\www\\OV...')
#5 D:\Ampps\www\OVANIC\wp-content\plugins\woocommerce\includes\wc-core-functions.php(284): load_template()
#6 D:\Ampps\www\OVANIC\wp-content\themes\flatsome-child\woocommerce\content-single-product.php(41): wc_get_template_part()
#7 D:\Ampps\www\OVANIC\wp-includes\template.php(772): require('D:\\Ampps\\www\\OV...')
#8 D:\Ampps\www\OVANIC\wp-content\plugins\woocommerce\includes\wc-core-functions.php(284): load_template()
#9 D in D:\Ampps\www\OVANIC\wp-content\themes\flatsome-child\functions\woo.php on line 31

2022-06-30T17:20:31+00:00 CRITICAL syntax error, unexpected 'echo' (T_ECHO) in D:\Ampps\www\OVANIC\wp-content\themes\flatsome-child\functions\woo.php on line 38

2022-06-30T17:20:33+00:00 CRITICAL syntax error, unexpected 'echo' (T_ECHO) in D:\Ampps\www\OVANIC\wp-content\themes\flatsome-child\functions\woo.php on line 38

