2022-06-29T07:26:57+00:00 CRITICAL Cannot redeclare upsell_display() (previously declared in D:\xampp\htdocs\OVANIC\wp-content\themes\flatsome-child\functions\woo.php:76) in D:\xampp\htdocs\OVANIC\wp-content\themes\flatsome-child\functions\woo.php on line 85

2022-06-29T07:26:58+00:00 CRITICAL Cannot redeclare upsell_display() (previously declared in D:\xampp\htdocs\OVANIC\wp-content\themes\flatsome-child\functions\woo.php:76) in D:\xampp\htdocs\OVANIC\wp-content\themes\flatsome-child\functions\woo.php on line 85

2022-06-29T08:21:16+00:00 CRITICAL Uncaught Error: Call to undefined method WC_Product_Simple::price() in D:\xampp\htdocs\OVANIC\wp-content\themes\flatsome-child\woocommerce\single-product\price.php:30
Stack trace:
#0 D:\xampp\htdocs\OVANIC\wp-content\plugins\woocommerce\includes\wc-core-functions.php(345): include()
#1 D:\xampp\htdocs\OVANIC\wp-content\plugins\woocommerce\includes\wc-template-functions.php(1628): wc_get_template('single-product/...')
#2 D:\xampp\htdocs\OVANIC\wp-includes\class-wp-hook.php(307): woocommerce_template_single_price('')
#3 D:\xampp\htdocs\OVANIC\wp-includes\class-wp-hook.php(331): WP_Hook->apply_filters(NULL, Array)
#4 D:\xampp\htdocs\OVANIC\wp-includes\plugin.php(476): WP_Hook->do_action(Array)
#5 D:\xampp\htdocs\OVANIC\wp-content\themes\flatsome-child\woocommerce\single-product\layouts\product-no-sidebar.php(31): do_action('woocommerce_sin...')
#6 D:\xampp\htdocs\OVANIC\wp-includes\template.php(772): require('D:\\xampp\\htdocs...')
#7 D:\xampp\htdocs\OVANIC\wp-content\plugins\woocommerce\includes\wc-core-functio in D:\xampp\htdocs\OVANIC\wp-content\themes\flatsome-child\woocommerce\single-product\price.php on line 30

2022-06-29T08:22:17+00:00 CRITICAL Uncaught Error: Call to undefined method WC_Product_Simple::the_price() in D:\xampp\htdocs\OVANIC\wp-content\themes\flatsome-child\woocommerce\single-product\price.php:30
Stack trace:
#0 D:\xampp\htdocs\OVANIC\wp-content\plugins\woocommerce\includes\wc-core-functions.php(345): include()
#1 D:\xampp\htdocs\OVANIC\wp-content\plugins\woocommerce\includes\wc-template-functions.php(1628): wc_get_template('single-product/...')
#2 D:\xampp\htdocs\OVANIC\wp-includes\class-wp-hook.php(307): woocommerce_template_single_price('')
#3 D:\xampp\htdocs\OVANIC\wp-includes\class-wp-hook.php(331): WP_Hook->apply_filters(NULL, Array)
#4 D:\xampp\htdocs\OVANIC\wp-includes\plugin.php(476): WP_Hook->do_action(Array)
#5 D:\xampp\htdocs\OVANIC\wp-content\themes\flatsome-child\woocommerce\single-product\layouts\product-no-sidebar.php(31): do_action('woocommerce_sin...')
#6 D:\xampp\htdocs\OVANIC\wp-includes\template.php(772): require('D:\\xampp\\htdocs...')
#7 D:\xampp\htdocs\OVANIC\wp-content\plugins\woocommerce\includes\wc-core-fun in D:\xampp\htdocs\OVANIC\wp-content\themes\flatsome-child\woocommerce\single-product\price.php on line 30

2022-06-29T08:27:39+00:00 CRITICAL Uncaught Error: Call to undefined method WC_Product_Simple::the_dramatist_price_show() in D:\xampp\htdocs\OVANIC\wp-content\themes\flatsome-child\woocommerce\single-product\price.php:32
Stack trace:
#0 D:\xampp\htdocs\OVANIC\wp-content\plugins\woocommerce\includes\wc-core-functions.php(345): include()
#1 D:\xampp\htdocs\OVANIC\wp-content\plugins\woocommerce\includes\wc-template-functions.php(1628): wc_get_template('single-product/...')
#2 D:\xampp\htdocs\OVANIC\wp-includes\class-wp-hook.php(307): woocommerce_template_single_price('')
#3 D:\xampp\htdocs\OVANIC\wp-includes\class-wp-hook.php(331): WP_Hook->apply_filters(NULL, Array)
#4 D:\xampp\htdocs\OVANIC\wp-includes\plugin.php(476): WP_Hook->do_action(Array)
#5 D:\xampp\htdocs\OVANIC\wp-content\themes\flatsome-child\woocommerce\single-product\layouts\product-no-sidebar.php(31): do_action('woocommerce_sin...')
#6 D:\xampp\htdocs\OVANIC\wp-includes\template.php(772): require('D:\\xampp\\htdocs...')
#7 D:\xampp\htdocs\OVANIC\wp-content\plugins\woocommerce\inclu in D:\xampp\htdocs\OVANIC\wp-content\themes\flatsome-child\woocommerce\single-product\price.php on line 32

