2022-10-02T14:09:52+00:00 CRITICAL Uncaught ArgumentCountError: Too few arguments to function remove_submenu_page(), 1 passed in D:\Ampps\www\OVANIC\wp-content\themes\flatsome-child\functions\init.php on line 33 and exactly 2 expected in D:\Ampps\www\OVANIC\wp-admin\includes\plugin.php:1806
Stack trace:
#0 D:\Ampps\www\OVANIC\wp-content\themes\flatsome-child\functions\init.php(33): remove_submenu_page()
#1 D:\Ampps\www\OVANIC\wp-includes\class-wp-hook.php(307): hide_menu()
#2 D:\Ampps\www\OVANIC\wp-includes\class-wp-hook.php(331): WP_Hook->apply_filters()
#3 D:\Ampps\www\OVANIC\wp-includes\plugin.php(476): WP_Hook->do_action()
#4 D:\Ampps\www\OVANIC\wp-admin\admin-header.php(163): do_action()
#5 D:\Ampps\www\OVANIC\wp-admin\edit.php(397): require_once('D:\\Ampps\\www\\OV...')
#6 {main}
  thrown in D:\Ampps\www\OVANIC\wp-admin\includes\plugin.php on line 1806

2022-10-02T14:09:58+00:00 CRITICAL Uncaught ArgumentCountError: Too few arguments to function remove_submenu_page(), 1 passed in D:\Ampps\www\OVANIC\wp-content\themes\flatsome-child\functions\init.php on line 33 and exactly 2 expected in D:\Ampps\www\OVANIC\wp-admin\includes\plugin.php:1806
Stack trace:
#0 D:\Ampps\www\OVANIC\wp-content\themes\flatsome-child\functions\init.php(33): remove_submenu_page()
#1 D:\Ampps\www\OVANIC\wp-includes\class-wp-hook.php(307): hide_menu()
#2 D:\Ampps\www\OVANIC\wp-includes\class-wp-hook.php(331): WP_Hook->apply_filters()
#3 D:\Ampps\www\OVANIC\wp-includes\plugin.php(476): WP_Hook->do_action()
#4 D:\Ampps\www\OVANIC\wp-admin\admin-header.php(163): do_action()
#5 D:\Ampps\www\OVANIC\wp-admin\edit.php(397): require_once('D:\\Ampps\\www\\OV...')
#6 {main}
  thrown in D:\Ampps\www\OVANIC\wp-admin\includes\plugin.php on line 1806

2022-10-02T14:10:03+00:00 CRITICAL Uncaught ArgumentCountError: Too few arguments to function remove_submenu_page(), 1 passed in D:\Ampps\www\OVANIC\wp-content\themes\flatsome-child\functions\init.php on line 33 and exactly 2 expected in D:\Ampps\www\OVANIC\wp-admin\includes\plugin.php:1806
Stack trace:
#0 D:\Ampps\www\OVANIC\wp-content\themes\flatsome-child\functions\init.php(33): remove_submenu_page()
#1 D:\Ampps\www\OVANIC\wp-includes\class-wp-hook.php(307): hide_menu()
#2 D:\Ampps\www\OVANIC\wp-includes\class-wp-hook.php(331): WP_Hook->apply_filters()
#3 D:\Ampps\www\OVANIC\wp-includes\plugin.php(476): WP_Hook->do_action()
#4 D:\Ampps\www\OVANIC\wp-admin\admin-header.php(163): do_action()
#5 D:\Ampps\www\OVANIC\wp-admin\edit.php(397): require_once('D:\\Ampps\\www\\OV...')
#6 {main}
  thrown in D:\Ampps\www\OVANIC\wp-admin\includes\plugin.php on line 1806

2022-10-02T14:10:08+00:00 CRITICAL Uncaught ArgumentCountError: Too few arguments to function remove_submenu_page(), 1 passed in D:\Ampps\www\OVANIC\wp-content\themes\flatsome-child\functions\init.php on line 33 and exactly 2 expected in D:\Ampps\www\OVANIC\wp-admin\includes\plugin.php:1806
Stack trace:
#0 D:\Ampps\www\OVANIC\wp-content\themes\flatsome-child\functions\init.php(33): remove_submenu_page()
#1 D:\Ampps\www\OVANIC\wp-includes\class-wp-hook.php(307): hide_menu()
#2 D:\Ampps\www\OVANIC\wp-includes\class-wp-hook.php(331): WP_Hook->apply_filters()
#3 D:\Ampps\www\OVANIC\wp-includes\plugin.php(476): WP_Hook->do_action()
#4 D:\Ampps\www\OVANIC\wp-admin\admin-header.php(163): do_action()
#5 D:\Ampps\www\OVANIC\wp-admin\admin.php(239): require_once('D:\\Ampps\\www\\OV...')
#6 {main}
  thrown in D:\Ampps\www\OVANIC\wp-admin\includes\plugin.php on line 1806

2022-10-02T14:10:57+00:00 CRITICAL Uncaught ArgumentCountError: Too few arguments to function remove_submenu_page(), 1 passed in D:\Ampps\www\OVANIC\wp-content\themes\flatsome-child\functions\init.php on line 30 and exactly 2 expected in D:\Ampps\www\OVANIC\wp-admin\includes\plugin.php:1806
Stack trace:
#0 D:\Ampps\www\OVANIC\wp-content\themes\flatsome-child\functions\init.php(30): remove_submenu_page()
#1 D:\Ampps\www\OVANIC\wp-includes\class-wp-hook.php(307): hide_menu()
#2 D:\Ampps\www\OVANIC\wp-includes\class-wp-hook.php(331): WP_Hook->apply_filters()
#3 D:\Ampps\www\OVANIC\wp-includes\plugin.php(476): WP_Hook->do_action()
#4 D:\Ampps\www\OVANIC\wp-admin\admin-header.php(163): do_action()
#5 D:\Ampps\www\OVANIC\wp-admin\admin.php(239): require_once('D:\\Ampps\\www\\OV...')
#6 {main}
  thrown in D:\Ampps\www\OVANIC\wp-admin\includes\plugin.php on line 1806

2022-10-02T14:11:00+00:00 CRITICAL Uncaught ArgumentCountError: Too few arguments to function remove_submenu_page(), 1 passed in D:\Ampps\www\OVANIC\wp-content\themes\flatsome-child\functions\init.php on line 30 and exactly 2 expected in D:\Ampps\www\OVANIC\wp-admin\includes\plugin.php:1806
Stack trace:
#0 D:\Ampps\www\OVANIC\wp-content\themes\flatsome-child\functions\init.php(30): remove_submenu_page()
#1 D:\Ampps\www\OVANIC\wp-includes\class-wp-hook.php(307): hide_menu()
#2 D:\Ampps\www\OVANIC\wp-includes\class-wp-hook.php(331): WP_Hook->apply_filters()
#3 D:\Ampps\www\OVANIC\wp-includes\plugin.php(476): WP_Hook->do_action()
#4 D:\Ampps\www\OVANIC\wp-admin\admin-header.php(163): do_action()
#5 D:\Ampps\www\OVANIC\wp-admin\admin.php(239): require_once('D:\\Ampps\\www\\OV...')
#6 {main}
  thrown in D:\Ampps\www\OVANIC\wp-admin\includes\plugin.php on line 1806

2022-10-02T14:11:11+00:00 CRITICAL Uncaught ArgumentCountError: Too few arguments to function remove_submenu_page(), 1 passed in D:\Ampps\www\OVANIC\wp-content\themes\flatsome-child\functions\init.php on line 30 and exactly 2 expected in D:\Ampps\www\OVANIC\wp-admin\includes\plugin.php:1806
Stack trace:
#0 D:\Ampps\www\OVANIC\wp-content\themes\flatsome-child\functions\init.php(30): remove_submenu_page()
#1 D:\Ampps\www\OVANIC\wp-includes\class-wp-hook.php(307): hide_menu()
#2 D:\Ampps\www\OVANIC\wp-includes\class-wp-hook.php(331): WP_Hook->apply_filters()
#3 D:\Ampps\www\OVANIC\wp-includes\plugin.php(476): WP_Hook->do_action()
#4 D:\Ampps\www\OVANIC\wp-admin\admin-header.php(163): do_action()
#5 D:\Ampps\www\OVANIC\wp-admin\edit.php(397): require_once('D:\\Ampps\\www\\OV...')
#6 {main}
  thrown in D:\Ampps\www\OVANIC\wp-admin\includes\plugin.php on line 1806

2022-10-02T14:11:26+00:00 CRITICAL Uncaught ArgumentCountError: Too few arguments to function remove_submenu_page(), 1 passed in D:\Ampps\www\OVANIC\wp-content\themes\flatsome-child\functions\init.php on line 30 and exactly 2 expected in D:\Ampps\www\OVANIC\wp-admin\includes\plugin.php:1806
Stack trace:
#0 D:\Ampps\www\OVANIC\wp-content\themes\flatsome-child\functions\init.php(30): remove_submenu_page()
#1 D:\Ampps\www\OVANIC\wp-includes\class-wp-hook.php(307): hide_menu()
#2 D:\Ampps\www\OVANIC\wp-includes\class-wp-hook.php(331): WP_Hook->apply_filters()
#3 D:\Ampps\www\OVANIC\wp-includes\plugin.php(476): WP_Hook->do_action()
#4 D:\Ampps\www\OVANIC\wp-admin\admin-header.php(163): do_action()
#5 D:\Ampps\www\OVANIC\wp-admin\edit.php(397): require_once('D:\\Ampps\\www\\OV...')
#6 {main}
  thrown in D:\Ampps\www\OVANIC\wp-admin\includes\plugin.php on line 1806

2022-10-02T14:11:30+00:00 CRITICAL Uncaught ArgumentCountError: Too few arguments to function remove_submenu_page(), 1 passed in D:\Ampps\www\OVANIC\wp-content\themes\flatsome-child\functions\init.php on line 30 and exactly 2 expected in D:\Ampps\www\OVANIC\wp-admin\includes\plugin.php:1806
Stack trace:
#0 D:\Ampps\www\OVANIC\wp-content\themes\flatsome-child\functions\init.php(30): remove_submenu_page()
#1 D:\Ampps\www\OVANIC\wp-includes\class-wp-hook.php(307): hide_menu()
#2 D:\Ampps\www\OVANIC\wp-includes\class-wp-hook.php(331): WP_Hook->apply_filters()
#3 D:\Ampps\www\OVANIC\wp-includes\plugin.php(476): WP_Hook->do_action()
#4 D:\Ampps\www\OVANIC\wp-admin\admin-header.php(163): do_action()
#5 D:\Ampps\www\OVANIC\wp-admin\index.php(137): require_once('D:\\Ampps\\www\\OV...')
#6 {main}
  thrown in D:\Ampps\www\OVANIC\wp-admin\includes\plugin.php on line 1806

2022-10-02T14:11:47+00:00 CRITICAL Uncaught ArgumentCountError: Too few arguments to function remove_submenu_page(), 1 passed in D:\Ampps\www\OVANIC\wp-content\themes\flatsome-child\functions\init.php on line 30 and exactly 2 expected in D:\Ampps\www\OVANIC\wp-admin\includes\plugin.php:1806
Stack trace:
#0 D:\Ampps\www\OVANIC\wp-content\themes\flatsome-child\functions\init.php(30): remove_submenu_page()
#1 D:\Ampps\www\OVANIC\wp-includes\class-wp-hook.php(307): hide_menu()
#2 D:\Ampps\www\OVANIC\wp-includes\class-wp-hook.php(331): WP_Hook->apply_filters()
#3 D:\Ampps\www\OVANIC\wp-includes\plugin.php(476): WP_Hook->do_action()
#4 D:\Ampps\www\OVANIC\wp-admin\admin-header.php(163): do_action()
#5 D:\Ampps\www\OVANIC\wp-admin\index.php(137): require_once('D:\\Ampps\\www\\OV...')
#6 {main}
  thrown in D:\Ampps\www\OVANIC\wp-admin\includes\plugin.php on line 1806

2022-10-02T14:12:01+00:00 CRITICAL Uncaught ArgumentCountError: Too few arguments to function remove_submenu_page(), 1 passed in D:\Ampps\www\OVANIC\wp-content\themes\flatsome-child\functions\init.php on line 31 and exactly 2 expected in D:\Ampps\www\OVANIC\wp-admin\includes\plugin.php:1806
Stack trace:
#0 D:\Ampps\www\OVANIC\wp-content\themes\flatsome-child\functions\init.php(31): remove_submenu_page()
#1 D:\Ampps\www\OVANIC\wp-includes\class-wp-hook.php(307): hide_menu()
#2 D:\Ampps\www\OVANIC\wp-includes\class-wp-hook.php(331): WP_Hook->apply_filters()
#3 D:\Ampps\www\OVANIC\wp-includes\plugin.php(476): WP_Hook->do_action()
#4 D:\Ampps\www\OVANIC\wp-admin\admin-header.php(163): do_action()
#5 D:\Ampps\www\OVANIC\wp-admin\index.php(137): require_once('D:\\Ampps\\www\\OV...')
#6 {main}
  thrown in D:\Ampps\www\OVANIC\wp-admin\includes\plugin.php on line 1806

2022-10-02T14:12:12+00:00 CRITICAL Uncaught ArgumentCountError: Too few arguments to function remove_submenu_page(), 1 passed in D:\Ampps\www\OVANIC\wp-content\themes\flatsome-child\functions\init.php on line 33 and exactly 2 expected in D:\Ampps\www\OVANIC\wp-admin\includes\plugin.php:1806
Stack trace:
#0 D:\Ampps\www\OVANIC\wp-content\themes\flatsome-child\functions\init.php(33): remove_submenu_page()
#1 D:\Ampps\www\OVANIC\wp-includes\class-wp-hook.php(307): hide_menu()
#2 D:\Ampps\www\OVANIC\wp-includes\class-wp-hook.php(331): WP_Hook->apply_filters()
#3 D:\Ampps\www\OVANIC\wp-includes\plugin.php(476): WP_Hook->do_action()
#4 D:\Ampps\www\OVANIC\wp-admin\admin-header.php(163): do_action()
#5 D:\Ampps\www\OVANIC\wp-admin\index.php(137): require_once('D:\\Ampps\\www\\OV...')
#6 {main}
  thrown in D:\Ampps\www\OVANIC\wp-admin\includes\plugin.php on line 1806

