<<<<<<< HEAD
<<<<<<< HEAD
=======
>>>>>>> 1903d86aa9caacfce15dd76591514f1073f19900
2022-09-08T04:54:51+00:00 CRITICAL Uncaught Error: Call to undefined function dev_category_rewrite_rules() in /home/customer/www/ovanic.vn/public_html/wp-content/themes/flatsome-child/functions/url.php:86
Stack trace:
#0 /home/customer/www/ovanic.vn/public_html/wp-includes/class-wp-hook.php(309): new_thuong_hieu_cat_edit_success(386, 386)
#1 /home/customer/www/ovanic.vn/public_html/wp-includes/class-wp-hook.php(331): WP_Hook->apply_filters(NULL, Array)
#2 /home/customer/www/ovanic.vn/public_html/wp-includes/plugin.php(476): WP_Hook->do_action(Array)
#3 /home/customer/www/ovanic.vn/public_html/wp-includes/taxonomy.php(2582): do_action('create_term', 386, 386, 'thuong-hieu')
#4 /home/customer/www/ovanic.vn/public_html/wp-admin/includes/ajax-actions.php(1068): wp_insert_term('Siberian wellne...', 'thuong-hieu', Array)
#5 /home/customer/www/ovanic.vn/public_html/wp-includes/class-wp-hook.php(307): wp_ajax_add_tag('')
#6 /home/customer/www/ovanic.vn/public_html/wp-includes/class-wp-hook.php(331): WP_Hook->apply_filters('', Array)
#7 /home/customer/ in /home/customer/www/ovanic.vn/public_html/wp-content/themes/flatsome-child/functions/url.php on line 86

2022-09-08T08:43:41+00:00 CRITICAL Allowed memory size of 805306368 bytes exhausted (tried to allocate 4820352 bytes) in /home/customer/www/ovanic.vn/public_html/wp-content/plugins/woo-vietnam-checkout/devvn-woo-address-selectbox.php on line 509

2022-09-08T15:12:10+00:00 CRITICAL Allowed memory size of 805306368 bytes exhausted (tried to allocate 4820352 bytes) in /home/customer/www/ovanic.vn/public_html/wp-content/plugins/woo-vietnam-checkout/devvn-woo-address-selectbox.php on line 509

2022-09-08T15:17:32+00:00 CRITICAL Uncaught Error: Call to undefined function dev_category_rewrite_rules() in /home/customer/www/ovanic.vn/public_html/wp-content/themes/flatsome-child/functions/url.php:86
Stack trace:
#0 /home/customer/www/ovanic.vn/public_html/wp-includes/class-wp-hook.php(309): new_thuong_hieu_cat_edit_success(387, 387)
#1 /home/customer/www/ovanic.vn/public_html/wp-includes/class-wp-hook.php(331): WP_Hook->apply_filters(387, Array)
#2 /home/customer/www/ovanic.vn/public_html/wp-includes/plugin.php(476): WP_Hook->do_action(Array)
#3 /home/customer/www/ovanic.vn/public_html/wp-includes/taxonomy.php(2582): do_action('create_term', 387, 387, 'pa_ho-tro-dieu-...')
#4 /home/customer/www/ovanic.vn/public_html/wp-content/plugins/woocommerce/includes/class-wc-ajax.php(597): wp_insert_term('T\xC4\x83ng C\xC6\xB0\xE1\xBB\x9Dng ...', 'pa_ho-tro-dieu-...')
#5 /home/customer/www/ovanic.vn/public_html/wp-includes/class-wp-hook.php(307): WC_AJAX::add_new_attribute('')
#6 /home/customer/www/ovanic.vn/public_html/wp-includes/class-wp-hook.ph in /home/customer/www/ovanic.vn/public_html/wp-content/themes/flatsome-child/functions/url.php on line 86

2022-09-08T15:20:11+00:00 CRITICAL Uncaught Error: Call to undefined function dev_category_rewrite_rules() in /home/customer/www/ovanic.vn/public_html/wp-content/themes/flatsome-child/functions/url.php:86
Stack trace:
#0 /home/customer/www/ovanic.vn/public_html/wp-includes/class-wp-hook.php(309): new_thuong_hieu_cat_edit_success(388, 388)
#1 /home/customer/www/ovanic.vn/public_html/wp-includes/class-wp-hook.php(331): WP_Hook->apply_filters(388, Array)
#2 /home/customer/www/ovanic.vn/public_html/wp-includes/plugin.php(476): WP_Hook->do_action(Array)
#3 /home/customer/www/ovanic.vn/public_html/wp-includes/taxonomy.php(2582): do_action('create_term', 388, 388, 'pa_doi-tuong')
#4 /home/customer/www/ovanic.vn/public_html/wp-content/plugins/woocommerce/includes/class-wc-ajax.php(597): wp_insert_term('Tr\xE1\xBA\xBB em tr\xC3\xAAn ...', 'pa_doi-tuong')
#5 /home/customer/www/ovanic.vn/public_html/wp-includes/class-wp-hook.php(307): WC_AJAX::add_new_attribute('')
#6 /home/customer/www/ovanic.vn/public_html/wp-includes/class-wp-hook.php(331): WP_Hook->a in /home/customer/www/ovanic.vn/public_html/wp-content/themes/flatsome-child/functions/url.php on line 86

2022-09-08T15:21:20+00:00 CRITICAL Uncaught Error: Call to undefined function dev_category_rewrite_rules() in /home/customer/www/ovanic.vn/public_html/wp-content/themes/flatsome-child/functions/url.php:86
Stack trace:
#0 /home/customer/www/ovanic.vn/public_html/wp-includes/class-wp-hook.php(309): new_thuong_hieu_cat_edit_success(389, 389)
#1 /home/customer/www/ovanic.vn/public_html/wp-includes/class-wp-hook.php(331): WP_Hook->apply_filters(389, Array)
#2 /home/customer/www/ovanic.vn/public_html/wp-includes/plugin.php(476): WP_Hook->do_action(Array)
#3 /home/customer/www/ovanic.vn/public_html/wp-includes/taxonomy.php(2582): do_action('create_term', 389, 389, 'pa_doi-tuong')
#4 /home/customer/www/ovanic.vn/public_html/wp-content/plugins/woocommerce/includes/class-wc-ajax.php(597): wp_insert_term('Ng\xC6\xB0\xE1\xBB\x9Di l\xE1\xBB\x9Bn ...', 'pa_doi-tuong')
#5 /home/customer/www/ovanic.vn/public_html/wp-includes/class-wp-hook.php(307): WC_AJAX::add_new_attribute('')
#6 /home/customer/www/ovanic.vn/public_html/wp-includes/class-wp-hook.php(331): W in /home/customer/www/ovanic.vn/public_html/wp-content/themes/flatsome-child/functions/url.php on line 86

2022-09-08T15:22:31+00:00 CRITICAL Uncaught Error: Call to undefined function dev_category_rewrite_rules() in /home/customer/www/ovanic.vn/public_html/wp-content/themes/flatsome-child/functions/url.php:86
Stack trace:
#0 /home/customer/www/ovanic.vn/public_html/wp-includes/class-wp-hook.php(309): new_thuong_hieu_cat_edit_success(390, 390)
#1 /home/customer/www/ovanic.vn/public_html/wp-includes/class-wp-hook.php(331): WP_Hook->apply_filters(390, Array)
#2 /home/customer/www/ovanic.vn/public_html/wp-includes/plugin.php(476): WP_Hook->do_action(Array)
#3 /home/customer/www/ovanic.vn/public_html/wp-includes/taxonomy.php(2582): do_action('create_term', 390, 390, 'pa_doi-tuong')
#4 /home/customer/www/ovanic.vn/public_html/wp-content/plugins/woocommerce/includes/class-wc-ajax.php(597): wp_insert_term('Ng\xC6\xB0\xE1\xBB\x9Di l\xE1\xBB\x9Bn', 'pa_doi-tuong')
#5 /home/customer/www/ovanic.vn/public_html/wp-includes/class-wp-hook.php(307): WC_AJAX::add_new_attribute('')
#6 /home/customer/www/ovanic.vn/public_html/wp-includes/class-wp-hook.php(331): WP_Ho in /home/customer/www/ovanic.vn/public_html/wp-content/themes/flatsome-child/functions/url.php on line 86

2022-09-08T16:24:13+00:00 CRITICAL Uncaught Error: Call to undefined function dev_category_rewrite_rules() in /home/customer/www/ovanic.vn/public_html/wp-content/themes/flatsome-child/functions/url.php:86
Stack trace:
#0 /home/customer/www/ovanic.vn/public_html/wp-includes/class-wp-hook.php(309): new_thuong_hieu_cat_edit_success(391, 391)
#1 /home/customer/www/ovanic.vn/public_html/wp-includes/class-wp-hook.php(331): WP_Hook->apply_filters(391, Array)
#2 /home/customer/www/ovanic.vn/public_html/wp-includes/plugin.php(476): WP_Hook->do_action(Array)
#3 /home/customer/www/ovanic.vn/public_html/wp-includes/taxonomy.php(2582): do_action('create_term', 391, 391, 'pa_ho-tro-dieu-...')
#4 /home/customer/www/ovanic.vn/public_html/wp-content/plugins/woocommerce/includes/class-wc-ajax.php(597): wp_insert_term('B\xE1\xBB\x95 sung d\xC6\xB0\xE1\xBB...', 'pa_ho-tro-dieu-...')
#5 /home/customer/www/ovanic.vn/public_html/wp-includes/class-wp-hook.php(307): WC_AJAX::add_new_attribute('')
#6 /home/customer/www/ovanic.vn/public_html/wp-includes/class-wp-hook.ph in /home/customer/www/ovanic.vn/public_html/wp-content/themes/flatsome-child/functions/url.php on line 86

2022-09-08T16:50:21+00:00 CRITICAL syntax error, unexpected end of file, expecting ')' in /home/customer/www/ovanic.vn/public_html/wp-content/themes/flatsome-child/functions/acf.php on line 517
<<<<<<< HEAD
=======
2022-09-08T16:42:13+00:00 CRITICAL Uncaught Error: Call to undefined function dev_category_rewrite_rules() in D:\Ampps\www\OVANIC\wp-content\themes\flatsome-child\functions\url.php:86
Stack trace:
#0 D:\Ampps\www\OVANIC\wp-includes\class-wp-hook.php(309): new_thuong_hieu_cat_edit_success()
#1 D:\Ampps\www\OVANIC\wp-includes\class-wp-hook.php(331): WP_Hook->apply_filters()
#2 D:\Ampps\www\OVANIC\wp-includes\plugin.php(476): WP_Hook->do_action()
#3 D:\Ampps\www\OVANIC\wp-includes\taxonomy.php(2582): do_action()
#4 D:\Ampps\www\OVANIC\wp-content\plugins\woocommerce\includes\class-wc-ajax.php(597): wp_insert_term()
#5 D:\Ampps\www\OVANIC\wp-includes\class-wp-hook.php(307): WC_AJAX::add_new_attribute()
#6 D:\Ampps\www\OVANIC\wp-includes\class-wp-hook.php(331): WP_Hook->apply_filters()
#7 D:\Ampps\www\OVANIC\wp-includes\plugin.php(476): WP_Hook->do_action()
#8 D:\Ampps\www\OVANIC\wp-admin\admin-ajax.php(187): do_action()
#9 {main}
  thrown in D:\Ampps\www\OVANIC\wp-content\themes\flatsome-child\functions\url.php on line 86
>>>>>>> c2f31ea8886f0d46a757daf6caeef5f624e93fea
=======
>>>>>>> 1903d86aa9caacfce15dd76591514f1073f19900

