2022-08-30T17:13:17+00:00 CRITICAL Uncaught WP_Rocket\Dependencies\League\Container\Exception\NotFoundException: Alias (polygon) is not being managed by the container or delegates in /home/customer/www/ovanic.vn/public_html/wp-content/plugins/wp-rocket/inc/Dependencies/League/Container/Container.php:188
Stack trace:
#0 /home/customer/www/ovanic.vn/public_html/wp-content/plugins/wp-rocket/inc/Plugin.php(143): WP_Rocket\Dependencies\League\Container\Container->get('polygon')
#1 /home/customer/www/ovanic.vn/public_html/wp-content/plugins/wp-rocket/inc/main.php(50): WP_Rocket\Plugin->load()
#2 /home/customer/www/ovanic.vn/public_html/wp-includes/class-wp-hook.php(307): rocket_init('')
#3 /home/customer/www/ovanic.vn/public_html/wp-includes/class-wp-hook.php(331): WP_Hook->apply_filters(NULL, Array)
#4 /home/customer/www/ovanic.vn/public_html/wp-includes/plugin.php(476): WP_Hook->do_action(Array)
#5 /home/customer/www/ovanic.vn/public_html/wp-settings.php(461): do_action('plugins_loaded')
#6 /home/customer/www/ovanic.vn/public_html/wp-config.php(19 in /home/customer/www/ovanic.vn/public_html/wp-content/plugins/wp-rocket/inc/Dependencies/League/Container/Container.php on line 188

2022-08-30T17:13:24+00:00 CRITICAL Uncaught WP_Rocket\Dependencies\League\Container\Exception\NotFoundException: Alias (polygon) is not being managed by the container or delegates in /home/customer/www/ovanic.vn/public_html/wp-content/plugins/wp-rocket/inc/Dependencies/League/Container/Container.php:188
Stack trace:
#0 /home/customer/www/ovanic.vn/public_html/wp-content/plugins/wp-rocket/inc/Plugin.php(143): WP_Rocket\Dependencies\League\Container\Container->get('polygon')
#1 /home/customer/www/ovanic.vn/public_html/wp-content/plugins/wp-rocket/inc/main.php(50): WP_Rocket\Plugin->load()
#2 /home/customer/www/ovanic.vn/public_html/wp-includes/class-wp-hook.php(307): rocket_init('')
#3 /home/customer/www/ovanic.vn/public_html/wp-includes/class-wp-hook.php(331): WP_Hook->apply_filters(NULL, Array)
#4 /home/customer/www/ovanic.vn/public_html/wp-includes/plugin.php(476): WP_Hook->do_action(Array)
#5 /home/customer/www/ovanic.vn/public_html/wp-settings.php(461): do_action('plugins_loaded')
#6 /home/customer/www/ovanic.vn/public_html/wp-config.php(19 in /home/customer/www/ovanic.vn/public_html/wp-content/plugins/wp-rocket/inc/Dependencies/League/Container/Container.php on line 188

2022-08-30T17:13:25+00:00 CRITICAL Uncaught WP_Rocket\Dependencies\League\Container\Exception\NotFoundException: Alias (polygon) is not being managed by the container or delegates in /home/customer/www/ovanic.vn/public_html/wp-content/plugins/wp-rocket/inc/Dependencies/League/Container/Container.php:188
Stack trace:
#0 /home/customer/www/ovanic.vn/public_html/wp-content/plugins/wp-rocket/inc/Plugin.php(143): WP_Rocket\Dependencies\League\Container\Container->get('polygon')
#1 /home/customer/www/ovanic.vn/public_html/wp-content/plugins/wp-rocket/inc/main.php(50): WP_Rocket\Plugin->load()
#2 /home/customer/www/ovanic.vn/public_html/wp-includes/class-wp-hook.php(307): rocket_init('')
#3 /home/customer/www/ovanic.vn/public_html/wp-includes/class-wp-hook.php(331): WP_Hook->apply_filters(NULL, Array)
#4 /home/customer/www/ovanic.vn/public_html/wp-includes/plugin.php(476): WP_Hook->do_action(Array)
#5 /home/customer/www/ovanic.vn/public_html/wp-settings.php(461): do_action('plugins_loaded')
#6 /home/customer/www/ovanic.vn/public_html/wp-config.php(19 in /home/customer/www/ovanic.vn/public_html/wp-content/plugins/wp-rocket/inc/Dependencies/League/Container/Container.php on line 188

2022-08-30T17:13:25+00:00 CRITICAL Uncaught WP_Rocket\Dependencies\League\Container\Exception\NotFoundException: Alias (polygon) is not being managed by the container or delegates in /home/customer/www/ovanic.vn/public_html/wp-content/plugins/wp-rocket/inc/Dependencies/League/Container/Container.php:188
Stack trace:
#0 /home/customer/www/ovanic.vn/public_html/wp-content/plugins/wp-rocket/inc/Plugin.php(143): WP_Rocket\Dependencies\League\Container\Container->get('polygon')
#1 /home/customer/www/ovanic.vn/public_html/wp-content/plugins/wp-rocket/inc/main.php(50): WP_Rocket\Plugin->load()
#2 /home/customer/www/ovanic.vn/public_html/wp-includes/class-wp-hook.php(307): rocket_init('')
#3 /home/customer/www/ovanic.vn/public_html/wp-includes/class-wp-hook.php(331): WP_Hook->apply_filters(NULL, Array)
#4 /home/customer/www/ovanic.vn/public_html/wp-includes/plugin.php(476): WP_Hook->do_action(Array)
#5 /home/customer/www/ovanic.vn/public_html/wp-settings.php(461): do_action('plugins_loaded')
#6 /home/customer/www/ovanic.vn/public_html/wp-config.php(19 in /home/customer/www/ovanic.vn/public_html/wp-content/plugins/wp-rocket/inc/Dependencies/League/Container/Container.php on line 188

2022-08-30T17:13:43+00:00 CRITICAL Uncaught WP_Rocket\Dependencies\League\Container\Exception\NotFoundException: Alias (polygon) is not being managed by the container or delegates in /home/customer/www/ovanic.vn/public_html/wp-content/plugins/wp-rocket/inc/Dependencies/League/Container/Container.php:188
Stack trace:
#0 /home/customer/www/ovanic.vn/public_html/wp-content/plugins/wp-rocket/inc/Plugin.php(143): WP_Rocket\Dependencies\League\Container\Container->get('polygon')
#1 /home/customer/www/ovanic.vn/public_html/wp-content/plugins/wp-rocket/inc/main.php(50): WP_Rocket\Plugin->load()
#2 /home/customer/www/ovanic.vn/public_html/wp-includes/class-wp-hook.php(307): rocket_init('')
#3 /home/customer/www/ovanic.vn/public_html/wp-includes/class-wp-hook.php(331): WP_Hook->apply_filters(NULL, Array)
#4 /home/customer/www/ovanic.vn/public_html/wp-includes/plugin.php(476): WP_Hook->do_action(Array)
#5 /home/customer/www/ovanic.vn/public_html/wp-settings.php(461): do_action('plugins_loaded')
#6 /home/customer/www/ovanic.vn/public_html/wp-config.php(19 in /home/customer/www/ovanic.vn/public_html/wp-content/plugins/wp-rocket/inc/Dependencies/League/Container/Container.php on line 188

2022-08-30T17:14:21+00:00 CRITICAL Uncaught WP_Rocket\Dependencies\League\Container\Exception\NotFoundException: Alias (polygon) is not being managed by the container or delegates in /home/customer/www/ovanic.vn/public_html/wp-content/plugins/wp-rocket/inc/Dependencies/League/Container/Container.php:188
Stack trace:
#0 /home/customer/www/ovanic.vn/public_html/wp-content/plugins/wp-rocket/inc/Plugin.php(143): WP_Rocket\Dependencies\League\Container\Container->get('polygon')
#1 /home/customer/www/ovanic.vn/public_html/wp-content/plugins/wp-rocket/inc/main.php(50): WP_Rocket\Plugin->load()
#2 /home/customer/www/ovanic.vn/public_html/wp-includes/class-wp-hook.php(307): rocket_init('')
#3 /home/customer/www/ovanic.vn/public_html/wp-includes/class-wp-hook.php(331): WP_Hook->apply_filters(NULL, Array)
#4 /home/customer/www/ovanic.vn/public_html/wp-includes/plugin.php(476): WP_Hook->do_action(Array)
#5 /home/customer/www/ovanic.vn/public_html/wp-settings.php(461): do_action('plugins_loaded')
#6 /home/customer/www/ovanic.vn/public_html/wp-config.php(19 in /home/customer/www/ovanic.vn/public_html/wp-content/plugins/wp-rocket/inc/Dependencies/League/Container/Container.php on line 188

2022-08-30T17:14:46+00:00 CRITICAL Uncaught WP_Rocket\Dependencies\League\Container\Exception\NotFoundException: Alias (polygon) is not being managed by the container or delegates in /home/customer/www/ovanic.vn/public_html/wp-content/plugins/wp-rocket/inc/Dependencies/League/Container/Container.php:188
Stack trace:
#0 /home/customer/www/ovanic.vn/public_html/wp-content/plugins/wp-rocket/inc/Plugin.php(143): WP_Rocket\Dependencies\League\Container\Container->get('polygon')
#1 /home/customer/www/ovanic.vn/public_html/wp-content/plugins/wp-rocket/inc/main.php(50): WP_Rocket\Plugin->load()
#2 /home/customer/www/ovanic.vn/public_html/wp-includes/class-wp-hook.php(307): rocket_init('')
#3 /home/customer/www/ovanic.vn/public_html/wp-includes/class-wp-hook.php(331): WP_Hook->apply_filters(NULL, Array)
#4 /home/customer/www/ovanic.vn/public_html/wp-includes/plugin.php(476): WP_Hook->do_action(Array)
#5 /home/customer/www/ovanic.vn/public_html/wp-settings.php(461): do_action('plugins_loaded')
#6 /home/customer/www/ovanic.vn/public_html/wp-config.php(19 in /home/customer/www/ovanic.vn/public_html/wp-content/plugins/wp-rocket/inc/Dependencies/League/Container/Container.php on line 188

2022-08-30T17:15:10+00:00 CRITICAL Uncaught WP_Rocket\Dependencies\League\Container\Exception\NotFoundException: Alias (polygon) is not being managed by the container or delegates in /home/customer/www/ovanic.vn/public_html/wp-content/plugins/wp-rocket/inc/Dependencies/League/Container/Container.php:188
Stack trace:
#0 /home/customer/www/ovanic.vn/public_html/wp-content/plugins/wp-rocket/inc/Plugin.php(143): WP_Rocket\Dependencies\League\Container\Container->get('polygon')
#1 /home/customer/www/ovanic.vn/public_html/wp-content/plugins/wp-rocket/inc/main.php(50): WP_Rocket\Plugin->load()
#2 /home/customer/www/ovanic.vn/public_html/wp-includes/class-wp-hook.php(307): rocket_init('')
#3 /home/customer/www/ovanic.vn/public_html/wp-includes/class-wp-hook.php(331): WP_Hook->apply_filters(NULL, Array)
#4 /home/customer/www/ovanic.vn/public_html/wp-includes/plugin.php(476): WP_Hook->do_action(Array)
#5 /home/customer/www/ovanic.vn/public_html/wp-settings.php(461): do_action('plugins_loaded')
#6 /home/customer/www/ovanic.vn/public_html/wp-config.php(19 in /home/customer/www/ovanic.vn/public_html/wp-content/plugins/wp-rocket/inc/Dependencies/League/Container/Container.php on line 188

2022-08-30T17:15:10+00:00 CRITICAL Uncaught WP_Rocket\Dependencies\League\Container\Exception\NotFoundException: Alias (polygon) is not being managed by the container or delegates in /home/customer/www/ovanic.vn/public_html/wp-content/plugins/wp-rocket/inc/Dependencies/League/Container/Container.php:188
Stack trace:
#0 /home/customer/www/ovanic.vn/public_html/wp-content/plugins/wp-rocket/inc/Plugin.php(143): WP_Rocket\Dependencies\League\Container\Container->get('polygon')
#1 /home/customer/www/ovanic.vn/public_html/wp-content/plugins/wp-rocket/inc/main.php(50): WP_Rocket\Plugin->load()
#2 /home/customer/www/ovanic.vn/public_html/wp-includes/class-wp-hook.php(307): rocket_init('')
#3 /home/customer/www/ovanic.vn/public_html/wp-includes/class-wp-hook.php(331): WP_Hook->apply_filters(NULL, Array)
#4 /home/customer/www/ovanic.vn/public_html/wp-includes/plugin.php(476): WP_Hook->do_action(Array)
#5 /home/customer/www/ovanic.vn/public_html/wp-settings.php(461): do_action('plugins_loaded')
#6 /home/customer/www/ovanic.vn/public_html/wp-config.php(19 in /home/customer/www/ovanic.vn/public_html/wp-content/plugins/wp-rocket/inc/Dependencies/League/Container/Container.php on line 188

2022-08-30T17:15:26+00:00 CRITICAL Uncaught WP_Rocket\Dependencies\League\Container\Exception\NotFoundException: Alias (polygon) is not being managed by the container or delegates in /home/customer/www/ovanic.vn/public_html/wp-content/plugins/wp-rocket/inc/Dependencies/League/Container/Container.php:188
Stack trace:
#0 /home/customer/www/ovanic.vn/public_html/wp-content/plugins/wp-rocket/inc/Plugin.php(143): WP_Rocket\Dependencies\League\Container\Container->get('polygon')
#1 /home/customer/www/ovanic.vn/public_html/wp-content/plugins/wp-rocket/inc/main.php(50): WP_Rocket\Plugin->load()
#2 /home/customer/www/ovanic.vn/public_html/wp-includes/class-wp-hook.php(307): rocket_init('')
#3 /home/customer/www/ovanic.vn/public_html/wp-includes/class-wp-hook.php(331): WP_Hook->apply_filters(NULL, Array)
#4 /home/customer/www/ovanic.vn/public_html/wp-includes/plugin.php(476): WP_Hook->do_action(Array)
#5 /home/customer/www/ovanic.vn/public_html/wp-settings.php(461): do_action('plugins_loaded')
#6 /home/customer/www/ovanic.vn/public_html/wp-config.php(19 in /home/customer/www/ovanic.vn/public_html/wp-content/plugins/wp-rocket/inc/Dependencies/League/Container/Container.php on line 188

2022-08-30T17:15:26+00:00 CRITICAL Uncaught WP_Rocket\Dependencies\League\Container\Exception\NotFoundException: Alias (polygon) is not being managed by the container or delegates in /home/customer/www/ovanic.vn/public_html/wp-content/plugins/wp-rocket/inc/Dependencies/League/Container/Container.php:188
Stack trace:
#0 /home/customer/www/ovanic.vn/public_html/wp-content/plugins/wp-rocket/inc/Plugin.php(143): WP_Rocket\Dependencies\League\Container\Container->get('polygon')
#1 /home/customer/www/ovanic.vn/public_html/wp-content/plugins/wp-rocket/inc/main.php(50): WP_Rocket\Plugin->load()
#2 /home/customer/www/ovanic.vn/public_html/wp-includes/class-wp-hook.php(307): rocket_init('')
#3 /home/customer/www/ovanic.vn/public_html/wp-includes/class-wp-hook.php(331): WP_Hook->apply_filters(NULL, Array)
#4 /home/customer/www/ovanic.vn/public_html/wp-includes/plugin.php(476): WP_Hook->do_action(Array)
#5 /home/customer/www/ovanic.vn/public_html/wp-settings.php(461): do_action('plugins_loaded')
#6 /home/customer/www/ovanic.vn/public_html/wp-config.php(19 in /home/customer/www/ovanic.vn/public_html/wp-content/plugins/wp-rocket/inc/Dependencies/League/Container/Container.php on line 188

2022-08-30T17:15:32+00:00 CRITICAL Uncaught WP_Rocket\Dependencies\League\Container\Exception\NotFoundException: Alias (polygon) is not being managed by the container or delegates in /home/customer/www/ovanic.vn/public_html/wp-content/plugins/wp-rocket/inc/Dependencies/League/Container/Container.php:188
Stack trace:
#0 /home/customer/www/ovanic.vn/public_html/wp-content/plugins/wp-rocket/inc/Plugin.php(143): WP_Rocket\Dependencies\League\Container\Container->get('polygon')
#1 /home/customer/www/ovanic.vn/public_html/wp-content/plugins/wp-rocket/inc/main.php(50): WP_Rocket\Plugin->load()
#2 /home/customer/www/ovanic.vn/public_html/wp-includes/class-wp-hook.php(307): rocket_init('')
#3 /home/customer/www/ovanic.vn/public_html/wp-includes/class-wp-hook.php(331): WP_Hook->apply_filters(NULL, Array)
#4 /home/customer/www/ovanic.vn/public_html/wp-includes/plugin.php(476): WP_Hook->do_action(Array)
#5 /home/customer/www/ovanic.vn/public_html/wp-settings.php(461): do_action('plugins_loaded')
#6 /home/customer/www/ovanic.vn/public_html/wp-config.php(19 in /home/customer/www/ovanic.vn/public_html/wp-content/plugins/wp-rocket/inc/Dependencies/League/Container/Container.php on line 188

2022-08-30T17:15:32+00:00 CRITICAL Uncaught WP_Rocket\Dependencies\League\Container\Exception\NotFoundException: Alias (polygon) is not being managed by the container or delegates in /home/customer/www/ovanic.vn/public_html/wp-content/plugins/wp-rocket/inc/Dependencies/League/Container/Container.php:188
Stack trace:
#0 /home/customer/www/ovanic.vn/public_html/wp-content/plugins/wp-rocket/inc/Plugin.php(143): WP_Rocket\Dependencies\League\Container\Container->get('polygon')
#1 /home/customer/www/ovanic.vn/public_html/wp-content/plugins/wp-rocket/inc/main.php(50): WP_Rocket\Plugin->load()
#2 /home/customer/www/ovanic.vn/public_html/wp-includes/class-wp-hook.php(307): rocket_init('')
#3 /home/customer/www/ovanic.vn/public_html/wp-includes/class-wp-hook.php(331): WP_Hook->apply_filters(NULL, Array)
#4 /home/customer/www/ovanic.vn/public_html/wp-includes/plugin.php(476): WP_Hook->do_action(Array)
#5 /home/customer/www/ovanic.vn/public_html/wp-settings.php(461): do_action('plugins_loaded')
#6 /home/customer/www/ovanic.vn/public_html/wp-config.php(19 in /home/customer/www/ovanic.vn/public_html/wp-content/plugins/wp-rocket/inc/Dependencies/League/Container/Container.php on line 188

2022-08-30T17:16:43+00:00 CRITICAL Uncaught WP_Rocket\Dependencies\League\Container\Exception\NotFoundException: Alias (polygon) is not being managed by the container or delegates in /home/customer/www/ovanic.vn/public_html/wp-content/plugins/wp-rocket/inc/Dependencies/League/Container/Container.php:188
Stack trace:
#0 /home/customer/www/ovanic.vn/public_html/wp-content/plugins/wp-rocket/inc/Plugin.php(143): WP_Rocket\Dependencies\League\Container\Container->get('polygon')
#1 /home/customer/www/ovanic.vn/public_html/wp-content/plugins/wp-rocket/inc/main.php(50): WP_Rocket\Plugin->load()
#2 /home/customer/www/ovanic.vn/public_html/wp-includes/class-wp-hook.php(307): rocket_init('')
#3 /home/customer/www/ovanic.vn/public_html/wp-includes/class-wp-hook.php(331): WP_Hook->apply_filters(NULL, Array)
#4 /home/customer/www/ovanic.vn/public_html/wp-includes/plugin.php(476): WP_Hook->do_action(Array)
#5 /home/customer/www/ovanic.vn/public_html/wp-settings.php(461): do_action('plugins_loaded')
#6 /home/customer/www/ovanic.vn/public_html/wp-config.php(19 in /home/customer/www/ovanic.vn/public_html/wp-content/plugins/wp-rocket/inc/Dependencies/League/Container/Container.php on line 188

2022-08-30T17:17:06+00:00 CRITICAL Uncaught WP_Rocket\Dependencies\League\Container\Exception\NotFoundException: Alias (polygon) is not being managed by the container or delegates in /home/customer/www/ovanic.vn/public_html/wp-content/plugins/wp-rocket/inc/Dependencies/League/Container/Container.php:188
Stack trace:
#0 /home/customer/www/ovanic.vn/public_html/wp-content/plugins/wp-rocket/inc/Plugin.php(143): WP_Rocket\Dependencies\League\Container\Container->get('polygon')
#1 /home/customer/www/ovanic.vn/public_html/wp-content/plugins/wp-rocket/inc/main.php(50): WP_Rocket\Plugin->load()
#2 /home/customer/www/ovanic.vn/public_html/wp-includes/class-wp-hook.php(307): rocket_init('')
#3 /home/customer/www/ovanic.vn/public_html/wp-includes/class-wp-hook.php(331): WP_Hook->apply_filters(NULL, Array)
#4 /home/customer/www/ovanic.vn/public_html/wp-includes/plugin.php(476): WP_Hook->do_action(Array)
#5 /home/customer/www/ovanic.vn/public_html/wp-settings.php(461): do_action('plugins_loaded')
#6 /home/customer/www/ovanic.vn/public_html/wp-config.php(19 in /home/customer/www/ovanic.vn/public_html/wp-content/plugins/wp-rocket/inc/Dependencies/League/Container/Container.php on line 188

2022-08-30T17:17:07+00:00 CRITICAL Uncaught WP_Rocket\Dependencies\League\Container\Exception\NotFoundException: Alias (polygon) is not being managed by the container or delegates in /home/customer/www/ovanic.vn/public_html/wp-content/plugins/wp-rocket/inc/Dependencies/League/Container/Container.php:188
Stack trace:
#0 /home/customer/www/ovanic.vn/public_html/wp-content/plugins/wp-rocket/inc/Plugin.php(143): WP_Rocket\Dependencies\League\Container\Container->get('polygon')
#1 /home/customer/www/ovanic.vn/public_html/wp-content/plugins/wp-rocket/inc/main.php(50): WP_Rocket\Plugin->load()
#2 /home/customer/www/ovanic.vn/public_html/wp-includes/class-wp-hook.php(307): rocket_init('')
#3 /home/customer/www/ovanic.vn/public_html/wp-includes/class-wp-hook.php(331): WP_Hook->apply_filters(NULL, Array)
#4 /home/customer/www/ovanic.vn/public_html/wp-includes/plugin.php(476): WP_Hook->do_action(Array)
#5 /home/customer/www/ovanic.vn/public_html/wp-settings.php(461): do_action('plugins_loaded')
#6 /home/customer/www/ovanic.vn/public_html/wp-config.php(19 in /home/customer/www/ovanic.vn/public_html/wp-content/plugins/wp-rocket/inc/Dependencies/League/Container/Container.php on line 188

2022-08-30T17:17:14+00:00 CRITICAL Uncaught WP_Rocket\Dependencies\League\Container\Exception\NotFoundException: Alias (polygon) is not being managed by the container or delegates in /home/customer/www/ovanic.vn/public_html/wp-content/plugins/wp-rocket/inc/Dependencies/League/Container/Container.php:188
Stack trace:
#0 /home/customer/www/ovanic.vn/public_html/wp-content/plugins/wp-rocket/inc/Plugin.php(143): WP_Rocket\Dependencies\League\Container\Container->get('polygon')
#1 /home/customer/www/ovanic.vn/public_html/wp-content/plugins/wp-rocket/inc/main.php(50): WP_Rocket\Plugin->load()
#2 /home/customer/www/ovanic.vn/public_html/wp-includes/class-wp-hook.php(307): rocket_init('')
#3 /home/customer/www/ovanic.vn/public_html/wp-includes/class-wp-hook.php(331): WP_Hook->apply_filters(NULL, Array)
#4 /home/customer/www/ovanic.vn/public_html/wp-includes/plugin.php(476): WP_Hook->do_action(Array)
#5 /home/customer/www/ovanic.vn/public_html/wp-settings.php(461): do_action('plugins_loaded')
#6 /home/customer/www/ovanic.vn/public_html/wp-config.php(19 in /home/customer/www/ovanic.vn/public_html/wp-content/plugins/wp-rocket/inc/Dependencies/League/Container/Container.php on line 188

2022-08-30T17:17:15+00:00 CRITICAL Uncaught WP_Rocket\Dependencies\League\Container\Exception\NotFoundException: Alias (polygon) is not being managed by the container or delegates in /home/customer/www/ovanic.vn/public_html/wp-content/plugins/wp-rocket/inc/Dependencies/League/Container/Container.php:188
Stack trace:
#0 /home/customer/www/ovanic.vn/public_html/wp-content/plugins/wp-rocket/inc/Plugin.php(143): WP_Rocket\Dependencies\League\Container\Container->get('polygon')
#1 /home/customer/www/ovanic.vn/public_html/wp-content/plugins/wp-rocket/inc/main.php(50): WP_Rocket\Plugin->load()
#2 /home/customer/www/ovanic.vn/public_html/wp-includes/class-wp-hook.php(307): rocket_init('')
#3 /home/customer/www/ovanic.vn/public_html/wp-includes/class-wp-hook.php(331): WP_Hook->apply_filters(NULL, Array)
#4 /home/customer/www/ovanic.vn/public_html/wp-includes/plugin.php(476): WP_Hook->do_action(Array)
#5 /home/customer/www/ovanic.vn/public_html/wp-settings.php(461): do_action('plugins_loaded')
#6 /home/customer/www/ovanic.vn/public_html/wp-config.php(19 in /home/customer/www/ovanic.vn/public_html/wp-content/plugins/wp-rocket/inc/Dependencies/League/Container/Container.php on line 188

2022-08-30T17:20:03+00:00 CRITICAL Uncaught WP_Rocket\Dependencies\League\Container\Exception\NotFoundException: Alias (polygon) is not being managed by the container or delegates in /home/customer/www/ovanic.vn/public_html/wp-content/plugins/wp-rocket/inc/Dependencies/League/Container/Container.php:188
Stack trace:
#0 /home/customer/www/ovanic.vn/public_html/wp-content/plugins/wp-rocket/inc/Plugin.php(143): WP_Rocket\Dependencies\League\Container\Container->get('polygon')
#1 /home/customer/www/ovanic.vn/public_html/wp-content/plugins/wp-rocket/inc/main.php(50): WP_Rocket\Plugin->load()
#2 /home/customer/www/ovanic.vn/public_html/wp-includes/class-wp-hook.php(307): rocket_init('')
#3 /home/customer/www/ovanic.vn/public_html/wp-includes/class-wp-hook.php(331): WP_Hook->apply_filters(NULL, Array)
#4 /home/customer/www/ovanic.vn/public_html/wp-includes/plugin.php(476): WP_Hook->do_action(Array)
#5 /home/customer/www/ovanic.vn/public_html/wp-settings.php(461): do_action('plugins_loaded')
#6 /home/customer/www/ovanic.vn/public_html/wp-config.php(19 in /home/customer/www/ovanic.vn/public_html/wp-content/plugins/wp-rocket/inc/Dependencies/League/Container/Container.php on line 188

2022-08-30T17:20:03+00:00 CRITICAL Uncaught WP_Rocket\Dependencies\League\Container\Exception\NotFoundException: Alias (polygon) is not being managed by the container or delegates in /home/customer/www/ovanic.vn/public_html/wp-content/plugins/wp-rocket/inc/Dependencies/League/Container/Container.php:188
Stack trace:
#0 /home/customer/www/ovanic.vn/public_html/wp-content/plugins/wp-rocket/inc/Plugin.php(143): WP_Rocket\Dependencies\League\Container\Container->get('polygon')
#1 /home/customer/www/ovanic.vn/public_html/wp-content/plugins/wp-rocket/inc/main.php(50): WP_Rocket\Plugin->load()
#2 /home/customer/www/ovanic.vn/public_html/wp-includes/class-wp-hook.php(307): rocket_init('')
#3 /home/customer/www/ovanic.vn/public_html/wp-includes/class-wp-hook.php(331): WP_Hook->apply_filters(NULL, Array)
#4 /home/customer/www/ovanic.vn/public_html/wp-includes/plugin.php(476): WP_Hook->do_action(Array)
#5 /home/customer/www/ovanic.vn/public_html/wp-settings.php(461): do_action('plugins_loaded')
#6 /home/customer/www/ovanic.vn/public_html/wp-config.php(19 in /home/customer/www/ovanic.vn/public_html/wp-content/plugins/wp-rocket/inc/Dependencies/League/Container/Container.php on line 188

2022-08-30T17:20:41+00:00 CRITICAL Uncaught WP_Rocket\Dependencies\League\Container\Exception\NotFoundException: Alias (polygon) is not being managed by the container or delegates in /home/customer/www/ovanic.vn/public_html/wp-content/plugins/wp-rocket/inc/Dependencies/League/Container/Container.php:188
Stack trace:
#0 /home/customer/www/ovanic.vn/public_html/wp-content/plugins/wp-rocket/inc/Plugin.php(143): WP_Rocket\Dependencies\League\Container\Container->get('polygon')
#1 /home/customer/www/ovanic.vn/public_html/wp-content/plugins/wp-rocket/inc/main.php(50): WP_Rocket\Plugin->load()
#2 /home/customer/www/ovanic.vn/public_html/wp-includes/class-wp-hook.php(307): rocket_init('')
#3 /home/customer/www/ovanic.vn/public_html/wp-includes/class-wp-hook.php(331): WP_Hook->apply_filters(NULL, Array)
#4 /home/customer/www/ovanic.vn/public_html/wp-includes/plugin.php(476): WP_Hook->do_action(Array)
#5 /home/customer/www/ovanic.vn/public_html/wp-settings.php(461): do_action('plugins_loaded')
#6 /home/customer/www/ovanic.vn/public_html/wp-config.php(19 in /home/customer/www/ovanic.vn/public_html/wp-content/plugins/wp-rocket/inc/Dependencies/League/Container/Container.php on line 188

